2025-01-09 18:14:29 [main] INFO App - Starting App v0.0.1-SNAPSHOT using Java 21.0.4 with PID 57276 (C:\Users\Ravi\spring_practice\sop\sop-asn-service\target\sop-asn-service-0.0.1-SNAPSHOT.jar started by Ravi in C:\Users\Ravi\spring_practice\sop\sop-asn-service\target) (StartupInfoLogger.java:51)
2025-01-09 18:14:29 [main] INFO App - No active profile set, falling back to 1 default profile: "default" (SpringApplication.java:638)
2025-01-09 18:14:30 [main] INFO RepositoryConfigurationDelegate - Multiple Spring Data modules found, entering strict repository configuration mode (RepositoryConfigurationDelegate.java:291)
2025-01-09 18:14:30 [main] INFO RepositoryConfigurationDelegate - Bootstrapping Spring Data JPA repositories in DEFAULT mode. (RepositoryConfigurationDelegate.java:138)
2025-01-09 18:14:30 [main] INFO RepositoryConfigurationDelegate - Finished Spring Data repository scanning in 19 ms. Found 0 JPA repository interfaces. (RepositoryConfigurationDelegate.java:208)
2025-01-09 18:14:31 [main] INFO RepositoryConfigurationDelegate - Multiple Spring Data modules found, entering strict repository configuration mode (RepositoryConfigurationDelegate.java:291)
2025-01-09 18:14:31 [main] INFO RepositoryConfigurationDelegate - Bootstrapping Spring Data JDBC repositories in DEFAULT mode. (RepositoryConfigurationDelegate.java:138)
2025-01-09 18:14:31 [main] INFO RepositoryConfigurationDelegate - Finished Spring Data repository scanning in 31 ms. Found 0 JDBC repository interfaces. (RepositoryConfigurationDelegate.java:208)
2025-01-09 18:14:32 [main] INFO TomcatWebServer - Tomcat initialized with port(s): 8088 (http) (TomcatWebServer.java:108)
2025-01-09 18:14:32 [main] INFO Http11NioProtocol - Initializing ProtocolHandler ["http-nio-8088"] (DirectJDKLog.java:173)
2025-01-09 18:14:32 [main] INFO StandardService - Starting service [Tomcat] (DirectJDKLog.java:173)
2025-01-09 18:14:32 [main] INFO StandardEngine - Starting Servlet engine: [Apache Tomcat/10.1.15] (DirectJDKLog.java:173)
2025-01-09 18:14:33 [main] INFO [/] - Initializing Spring embedded WebApplicationContext (DirectJDKLog.java:173)
2025-01-09 18:14:33 [main] INFO ServletWebServerApplicationContext - Root WebApplicationContext: initialization completed in 3317 ms (ServletWebServerApplicationContext.java:291)
2025-01-09 18:14:33 [main] INFO LogHelper - HHH000204: Processing PersistenceUnitInfo [name: default] (LogHelper.java:31)
2025-01-09 18:14:34 [main] INFO Version - HHH000412: Hibernate ORM core version 6.2.13.Final (Version.java:44)
2025-01-09 18:14:34 [main] INFO Environment - HHH000406: Using bytecode reflection optimizer (Environment.java:191)
2025-01-09 18:14:34 [main] INFO SpringPersistenceUnitInfo - No LoadTimeWeaver setup: ignoring JPA class transformer (SpringPersistenceUnitInfo.java:87)
2025-01-09 18:14:35 [main] INFO HikariDataSource - HikariPool-1 - Starting... (HikariDataSource.java:110)
2025-01-09 18:14:35 [main] INFO HikariPool - HikariPool-1 - Added connection com.mysql.cj.jdbc.ConnectionImpl@f72203 (HikariPool.java:565)
2025-01-09 18:14:35 [main] INFO HikariDataSource - HikariPool-1 - Start completed. (HikariDataSource.java:123)
2025-01-09 18:14:36 [main] INFO JtaPlatformInitiator - HHH000489: No JTA platform available (set 'hibernate.transaction.jta.platform' to enable JTA platform integration) (JtaPlatformInitiator.java:55)
2025-01-09 18:14:36 [main] INFO LocalContainerEntityManagerFactoryBean - Initialized JPA EntityManagerFactory for persistence unit 'default' (AbstractEntityManagerFactoryBean.java:437)
2025-01-09 18:14:37 [main] WARN JpaBaseConfiguration$JpaWebConfiguration - spring.jpa.open-in-view is enabled by default. Therefore, database queries may be performed during view rendering. Explicitly configure spring.jpa.open-in-view to disable this warning (JpaBaseConfiguration.java:231)
2025-01-09 18:14:38 [main] INFO Http11NioProtocol - Starting ProtocolHandler ["http-nio-8088"] (DirectJDKLog.java:173)
2025-01-09 18:14:38 [main] INFO TomcatWebServer - Tomcat started on port(s): 8088 (http) with context path '' (TomcatWebServer.java:220)
2025-01-09 18:14:38 [main] INFO App - Started App in 9.958 seconds (process running for 11.529) (StartupInfoLogger.java:57)
2025-01-09 18:14:46 [SpringApplicationShutdownHook] INFO LocalContainerEntityManagerFactoryBean - Closing JPA EntityManagerFactory for persistence unit 'default' (AbstractEntityManagerFactoryBean.java:650)
2025-01-09 18:14:46 [SpringApplicationShutdownHook] INFO HikariDataSource - HikariPool-1 - Shutdown initiated... (HikariDataSource.java:350)
2025-01-09 18:14:46 [SpringApplicationShutdownHook] INFO HikariDataSource - HikariPool-1 - Shutdown completed. (HikariDataSource.java:352)
