2025-01-06 00:07:41 [HikariPool-4 housekeeper] WARN HikariPool - HikariPool-4 - Thread starvation or clock leap detected (housekeeper delta=1h18s292ms123µs600ns). (HikariPool.java:804)
2025-01-06 12:12:47 [HikariPool-4 housekeeper] WARN HikariPool - HikariPool-4 - Thread starvation or clock leap detected (housekeeper delta=12h5m18s995ms552µs800ns). (HikariPool.java:804)
2025-01-06 13:50:09 [HikariPool-4 housekeeper] WARN HikariPool - HikariPool-4 - Thread starvation or clock leap detected (housekeeper delta=7m51s399ms209µs). (HikariPool.java:804)
2025-01-06 13:56:51 [File Watcher] INFO LocalDevToolsAutoConfiguration$RestartingClassPathChangeChangedEventListener - Restarting due to 1 class path change (0 additions, 0 deletions, 1 modification) (LocalDevToolsAutoConfiguration.java:211)
2025-01-06 13:56:51 [Thread-15] INFO Http11NioProtocol - Pausing ProtocolHandler ["http-nio-8089"] (DirectJDKLog.java:173)
2025-01-06 13:56:51 [Thread-15] INFO StandardService - Stopping service [Tomcat] (DirectJDKLog.java:173)
2025-01-06 13:56:51 [Thread-15] INFO [/] - Destroying Spring FrameworkServlet 'dispatcherServlet' (DirectJDKLog.java:173)
2025-01-06 13:56:51 [Thread-15] INFO Http11NioProtocol - Stopping ProtocolHandler ["http-nio-8089"] (DirectJDKLog.java:173)
2025-01-06 13:56:51 [Thread-15] INFO Http11NioProtocol - Destroying ProtocolHandler ["http-nio-8089"] (DirectJDKLog.java:173)
2025-01-06 13:56:51 [Thread-15] INFO LocalContainerEntityManagerFactoryBean - Closing JPA EntityManagerFactory for persistence unit 'default' (AbstractEntityManagerFactoryBean.java:650)
2025-01-06 13:56:51 [Thread-15] INFO HikariDataSource - HikariPool-4 - Shutdown initiated... (HikariDataSource.java:350)
2025-01-06 13:56:51 [Thread-15] INFO HikariDataSource - HikariPool-4 - Shutdown completed. (HikariDataSource.java:352)
2025-01-06 13:56:51 [restartedMain] INFO SOPConfigServiceApp - Starting SOPConfigServiceApp using Java 20 with PID 13292 (C:\Users\Ravi\spring_practice\sop\sop-config-service\target\classes started by Ravi in C:\Users\Ravi\spring_practice\sop\sop-config-service) (StartupInfoLogger.java:51)
2025-01-06 13:56:51 [restartedMain] INFO SOPConfigServiceApp - No active profile set, falling back to 1 default profile: "default" (SpringApplication.java:638)
2025-01-06 13:56:52 [restartedMain] INFO RepositoryConfigurationDelegate - Multiple Spring Data modules found, entering strict repository configuration mode (RepositoryConfigurationDelegate.java:291)
2025-01-06 13:56:52 [restartedMain] INFO RepositoryConfigurationDelegate - Bootstrapping Spring Data JDBC repositories in DEFAULT mode. (RepositoryConfigurationDelegate.java:138)
2025-01-06 13:56:52 [restartedMain] INFO RepositoryConfigurationExtensionSupport - Spring Data JDBC - Could not safely identify store assignment for repository candidate interface com.pawar.sop.config.repository.SopActionTypeRepository; If you want this repository to be a JDBC repository, consider annotating your entities with one of these annotations: org.springframework.data.relational.core.mapping.Table. (RepositoryConfigurationExtensionSupport.java:320)
2025-01-06 13:56:52 [restartedMain] INFO RepositoryConfigurationExtensionSupport - Spring Data JDBC - Could not safely identify store assignment for repository candidate interface com.pawar.sop.config.repository.SopEligibleLocationsRepository; If you want this repository to be a JDBC repository, consider annotating your entities with one of these annotations: org.springframework.data.relational.core.mapping.Table. (RepositoryConfigurationExtensionSupport.java:320)
2025-01-06 13:56:52 [restartedMain] INFO RepositoryConfigurationExtensionSupport - Spring Data JDBC - Could not safely identify store assignment for repository candidate interface com.pawar.sop.config.repository.SopLocationRangeRepository; If you want this repository to be a JDBC repository, consider annotating your entities with one of these annotations: org.springframework.data.relational.core.mapping.Table. (RepositoryConfigurationExtensionSupport.java:320)
2025-01-06 13:56:52 [restartedMain] INFO RepositoryConfigurationDelegate - Finished Spring Data repository scanning in 26 ms. Found 0 JDBC repository interfaces. (RepositoryConfigurationDelegate.java:208)
2025-01-06 13:56:52 [restartedMain] INFO RepositoryConfigurationDelegate - Multiple Spring Data modules found, entering strict repository configuration mode (RepositoryConfigurationDelegate.java:291)
2025-01-06 13:56:52 [restartedMain] INFO RepositoryConfigurationDelegate - Bootstrapping Spring Data JPA repositories in DEFAULT mode. (RepositoryConfigurationDelegate.java:138)
2025-01-06 13:56:52 [restartedMain] INFO RepositoryConfigurationDelegate - Finished Spring Data repository scanning in 24 ms. Found 3 JPA repository interfaces. (RepositoryConfigurationDelegate.java:208)
2025-01-06 13:56:52 [restartedMain] INFO TomcatWebServer - Tomcat initialized with port(s): 8089 (http) (TomcatWebServer.java:108)
2025-01-06 13:56:52 [restartedMain] INFO Http11NioProtocol - Initializing ProtocolHandler ["http-nio-8089"] (DirectJDKLog.java:173)
2025-01-06 13:56:52 [restartedMain] INFO StandardService - Starting service [Tomcat] (DirectJDKLog.java:173)
2025-01-06 13:56:52 [restartedMain] INFO StandardEngine - Starting Servlet engine: [Apache Tomcat/10.1.15] (DirectJDKLog.java:173)
2025-01-06 13:56:52 [restartedMain] INFO [/] - Initializing Spring embedded WebApplicationContext (DirectJDKLog.java:173)
2025-01-06 13:56:52 [restartedMain] INFO ServletWebServerApplicationContext - Root WebApplicationContext: initialization completed in 1010 ms (ServletWebServerApplicationContext.java:291)
2025-01-06 13:56:52 [restartedMain] INFO LogHelper - HHH000204: Processing PersistenceUnitInfo [name: default] (LogHelper.java:31)
2025-01-06 13:56:52 [restartedMain] INFO SpringPersistenceUnitInfo - No LoadTimeWeaver setup: ignoring JPA class transformer (SpringPersistenceUnitInfo.java:87)
2025-01-06 13:56:52 [restartedMain] INFO HikariDataSource - HikariPool-5 - Starting... (HikariDataSource.java:110)
2025-01-06 13:56:52 [restartedMain] INFO HikariPool - HikariPool-5 - Added connection com.mysql.cj.jdbc.ConnectionImpl@96096c1 (HikariPool.java:565)
2025-01-06 13:56:52 [restartedMain] INFO HikariDataSource - HikariPool-5 - Start completed. (HikariDataSource.java:123)
2025-01-06 13:56:52 [restartedMain] INFO JtaPlatformInitiator - HHH000489: No JTA platform available (set 'hibernate.transaction.jta.platform' to enable JTA platform integration) (JtaPlatformInitiator.java:55)
2025-01-06 13:56:52 [restartedMain] INFO LocalContainerEntityManagerFactoryBean - Initialized JPA EntityManagerFactory for persistence unit 'default' (AbstractEntityManagerFactoryBean.java:437)
2025-01-06 13:56:53 [restartedMain] WARN JpaBaseConfiguration$JpaWebConfiguration - spring.jpa.open-in-view is enabled by default. Therefore, database queries may be performed during view rendering. Explicitly configure spring.jpa.open-in-view to disable this warning (JpaBaseConfiguration.java:231)
2025-01-06 13:56:53 [restartedMain] INFO OptionalLiveReloadServer - LiveReload server is running on port 35729 (OptionalLiveReloadServer.java:59)
2025-01-06 13:56:53 [restartedMain] INFO Http11NioProtocol - Starting ProtocolHandler ["http-nio-8089"] (DirectJDKLog.java:173)
2025-01-06 13:56:53 [restartedMain] INFO TomcatWebServer - Tomcat started on port(s): 8089 (http) with context path '' (TomcatWebServer.java:220)
2025-01-06 13:56:53 [restartedMain] INFO SOPConfigServiceApp - Started SOPConfigServiceApp in 2.339 seconds (process running for 71402.845) (StartupInfoLogger.java:57)
2025-01-06 13:56:53 [restartedMain] INFO ConditionEvaluationDeltaLoggingListener - Condition evaluation unchanged (ConditionEvaluationDeltaLoggingListener.java:63)
2025-01-06 13:58:57 [HikariPool-5 housekeeper] WARN HikariPool - HikariPool-5 - Thread starvation or clock leap detected (housekeeper delta=1m4s295ms721µs99ns). (HikariPool.java:804)
2025-01-06 14:23:36 [HikariPool-5 housekeeper] WARN HikariPool - HikariPool-5 - Thread starvation or clock leap detected (housekeeper delta=21m9s750ms352µs100ns). (HikariPool.java:804)
2025-01-06 15:02:50 [RMI TCP Connection(355)-127.0.0.1] INFO SpringApplicationAdminMXBeanRegistrar$SpringApplicationAdmin - Application shutdown requested. (SpringApplicationAdminMXBeanRegistrar.java:159)
2025-01-06 15:02:50 [RMI TCP Connection(355)-127.0.0.1] INFO Http11NioProtocol - Pausing ProtocolHandler ["http-nio-8089"] (DirectJDKLog.java:173)
2025-01-06 15:02:50 [RMI TCP Connection(355)-127.0.0.1] INFO StandardService - Stopping service [Tomcat] (DirectJDKLog.java:173)
2025-01-06 15:02:50 [RMI TCP Connection(355)-127.0.0.1] INFO Http11NioProtocol - Stopping ProtocolHandler ["http-nio-8089"] (DirectJDKLog.java:173)
2025-01-06 15:02:50 [RMI TCP Connection(355)-127.0.0.1] INFO Http11NioProtocol - Destroying ProtocolHandler ["http-nio-8089"] (DirectJDKLog.java:173)
2025-01-06 15:02:50 [RMI TCP Connection(355)-127.0.0.1] INFO LocalContainerEntityManagerFactoryBean - Closing JPA EntityManagerFactory for persistence unit 'default' (AbstractEntityManagerFactoryBean.java:650)
2025-01-06 15:02:50 [RMI TCP Connection(355)-127.0.0.1] INFO HikariDataSource - HikariPool-5 - Shutdown initiated... (HikariDataSource.java:350)
2025-01-06 15:02:50 [RMI TCP Connection(355)-127.0.0.1] INFO HikariDataSource - HikariPool-5 - Shutdown completed. (HikariDataSource.java:352)
2025-01-06 21:32:31 [restartedMain] INFO SOPConfigServiceApp - Starting SOPConfigServiceApp using Java 20 with PID 61252 (C:\Users\Ravi\spring_practice\sop\sop-config-service\target\classes started by Ravi in C:\Users\Ravi\spring_practice\sop\sop-config-service) (StartupInfoLogger.java:51)
2025-01-06 21:32:31 [restartedMain] INFO SOPConfigServiceApp - No active profile set, falling back to 1 default profile: "default" (SpringApplication.java:638)
2025-01-06 21:32:31 [restartedMain] INFO DevToolsPropertyDefaultsPostProcessor - Devtools property defaults active! Set 'spring.devtools.add-properties' to 'false' to disable (DeferredLog.java:250)
2025-01-06 21:32:31 [restartedMain] INFO DevToolsPropertyDefaultsPostProcessor - For additional web related logging consider setting the 'logging.level.web' property to 'DEBUG' (DeferredLog.java:250)
2025-01-06 21:32:32 [restartedMain] INFO RepositoryConfigurationDelegate - Multiple Spring Data modules found, entering strict repository configuration mode (RepositoryConfigurationDelegate.java:291)
2025-01-06 21:32:32 [restartedMain] INFO RepositoryConfigurationDelegate - Bootstrapping Spring Data JDBC repositories in DEFAULT mode. (RepositoryConfigurationDelegate.java:138)
2025-01-06 21:32:32 [restartedMain] INFO RepositoryConfigurationExtensionSupport - Spring Data JDBC - Could not safely identify store assignment for repository candidate interface com.pawar.sop.config.repository.SopActionTypeRepository; If you want this repository to be a JDBC repository, consider annotating your entities with one of these annotations: org.springframework.data.relational.core.mapping.Table. (RepositoryConfigurationExtensionSupport.java:320)
2025-01-06 21:32:32 [restartedMain] INFO RepositoryConfigurationExtensionSupport - Spring Data JDBC - Could not safely identify store assignment for repository candidate interface com.pawar.sop.config.repository.SopEligibleLocationsRepository; If you want this repository to be a JDBC repository, consider annotating your entities with one of these annotations: org.springframework.data.relational.core.mapping.Table. (RepositoryConfigurationExtensionSupport.java:320)
2025-01-06 21:32:32 [restartedMain] INFO RepositoryConfigurationExtensionSupport - Spring Data JDBC - Could not safely identify store assignment for repository candidate interface com.pawar.sop.config.repository.SopLocationRangeRepository; If you want this repository to be a JDBC repository, consider annotating your entities with one of these annotations: org.springframework.data.relational.core.mapping.Table. (RepositoryConfigurationExtensionSupport.java:320)
2025-01-06 21:32:32 [restartedMain] INFO RepositoryConfigurationDelegate - Finished Spring Data repository scanning in 70 ms. Found 0 JDBC repository interfaces. (RepositoryConfigurationDelegate.java:208)
2025-01-06 21:32:32 [restartedMain] INFO RepositoryConfigurationDelegate - Multiple Spring Data modules found, entering strict repository configuration mode (RepositoryConfigurationDelegate.java:291)
2025-01-06 21:32:32 [restartedMain] INFO RepositoryConfigurationDelegate - Bootstrapping Spring Data JPA repositories in DEFAULT mode. (RepositoryConfigurationDelegate.java:138)
2025-01-06 21:32:32 [restartedMain] INFO RepositoryConfigurationDelegate - Finished Spring Data repository scanning in 58 ms. Found 3 JPA repository interfaces. (RepositoryConfigurationDelegate.java:208)
2025-01-06 21:32:33 [restartedMain] INFO TomcatWebServer - Tomcat initialized with port(s): 8089 (http) (TomcatWebServer.java:108)
2025-01-06 21:32:33 [restartedMain] INFO Http11NioProtocol - Initializing ProtocolHandler ["http-nio-8089"] (DirectJDKLog.java:173)
2025-01-06 21:32:33 [restartedMain] INFO StandardService - Starting service [Tomcat] (DirectJDKLog.java:173)
2025-01-06 21:32:33 [restartedMain] INFO StandardEngine - Starting Servlet engine: [Apache Tomcat/10.1.15] (DirectJDKLog.java:173)
2025-01-06 21:32:33 [restartedMain] INFO [/] - Initializing Spring embedded WebApplicationContext (DirectJDKLog.java:173)
2025-01-06 21:32:33 [restartedMain] INFO ServletWebServerApplicationContext - Root WebApplicationContext: initialization completed in 2653 ms (ServletWebServerApplicationContext.java:291)
2025-01-06 21:32:34 [restartedMain] INFO LogHelper - HHH000204: Processing PersistenceUnitInfo [name: default] (LogHelper.java:31)
2025-01-06 21:32:34 [restartedMain] INFO Version - HHH000412: Hibernate ORM core version 6.2.13.Final (Version.java:44)
2025-01-06 21:32:34 [restartedMain] INFO Environment - HHH000406: Using bytecode reflection optimizer (Environment.java:191)
2025-01-06 21:32:34 [restartedMain] INFO SpringPersistenceUnitInfo - No LoadTimeWeaver setup: ignoring JPA class transformer (SpringPersistenceUnitInfo.java:87)
2025-01-06 21:32:34 [restartedMain] INFO HikariDataSource - HikariPool-1 - Starting... (HikariDataSource.java:110)
2025-01-06 21:32:34 [restartedMain] INFO HikariPool - HikariPool-1 - Added connection com.mysql.cj.jdbc.ConnectionImpl@45e4134d (HikariPool.java:565)
2025-01-06 21:32:34 [restartedMain] INFO HikariDataSource - HikariPool-1 - Start completed. (HikariDataSource.java:123)
2025-01-06 21:32:36 [restartedMain] INFO JtaPlatformInitiator - HHH000489: No JTA platform available (set 'hibernate.transaction.jta.platform' to enable JTA platform integration) (JtaPlatformInitiator.java:55)
2025-01-06 21:32:36 [restartedMain] INFO LocalContainerEntityManagerFactoryBean - Initialized JPA EntityManagerFactory for persistence unit 'default' (AbstractEntityManagerFactoryBean.java:437)
2025-01-06 21:32:36 [restartedMain] WARN JpaBaseConfiguration$JpaWebConfiguration - spring.jpa.open-in-view is enabled by default. Therefore, database queries may be performed during view rendering. Explicitly configure spring.jpa.open-in-view to disable this warning (JpaBaseConfiguration.java:231)
2025-01-06 21:32:37 [restartedMain] WARN OptionalLiveReloadServer - Unable to start LiveReload server (OptionalLiveReloadServer.java:62)
2025-01-06 21:32:37 [restartedMain] INFO Http11NioProtocol - Starting ProtocolHandler ["http-nio-8089"] (DirectJDKLog.java:173)
2025-01-06 21:32:37 [restartedMain] INFO TomcatWebServer - Tomcat started on port(s): 8089 (http) with context path '' (TomcatWebServer.java:220)
2025-01-06 21:32:37 [restartedMain] INFO SOPConfigServiceApp - Started SOPConfigServiceApp in 7.151 seconds (process running for 8.736) (StartupInfoLogger.java:57)
2025-01-06 21:32:42 [http-nio-8089-exec-1] INFO [/] - Initializing Spring DispatcherServlet 'dispatcherServlet' (DirectJDKLog.java:173)
2025-01-06 21:32:42 [http-nio-8089-exec-1] INFO DispatcherServlet - Initializing Servlet 'dispatcherServlet' (FrameworkServlet.java:532)
2025-01-06 21:32:42 [http-nio-8089-exec-1] INFO DispatcherServlet - Completed initialization in 3 ms (FrameworkServlet.java:554)
2025-01-06 21:32:42 [http-nio-8089-exec-1] INFO SopConfigController - category: Electronics (SopConfigController.java:156)
2025-01-06 21:32:42 [http-nio-8089-exec-1] INFO SOPConfigServiceImpl - category: Electronics (SOPConfigServiceImpl.java:222)
2025-01-06 21:32:42 [http-nio-8089-exec-1] DEBUG SQL - select s1_0.sop_eligible_locations_id,s1_0.assigned_nbr_of_upc,s1_0.category,s1_0.created_dttm,s1_0.created_source,s1_0.grp,s1_0.height,s1_0.last_updated_dttm,s1_0.last_updated_source,s1_0.length,s1_0.locn_brcd,s1_0.locn_id,s1_0.max_nbr_of_sku,s1_0.sop_location_range_id,s1_0.width from sop_eligible_locations s1_0 where s1_0.category=? (SqlStatementLogger.java:133)
2025-01-06 21:32:42 [http-nio-8089-exec-1] DEBUG SQL - select s1_0.sop_location_range_id,s1_0.avl_active_locations,s1_0.category,s1_0.created_dttm,s1_0.created_source,s1_0.from_location,s1_0.is_active,s1_0.last_updated_dttm,s1_0.last_updated_source,s2_0.sop_action_type_id,s2_0.action_desc,s2_0.action_type,s2_0.created_dttm,s2_0.created_source,s2_0.last_updated_dttm,s2_0.last_updated_source,s1_0.to_location,s1_0.total_active_locations,s1_0.used_active_locations from sop_location_range s1_0 left join sop_action_type s2_0 on s2_0.sop_action_type_id=s1_0.sop_action_type_id where s1_0.sop_location_range_id=? (SqlStatementLogger.java:133)
2025-01-06 21:33:20 [http-nio-8089-exec-3] INFO SopConfigController - category: Electronics (SopConfigController.java:156)
2025-01-06 21:33:20 [http-nio-8089-exec-3] INFO SOPConfigServiceImpl - category: Electronics (SOPConfigServiceImpl.java:222)
2025-01-06 21:33:20 [http-nio-8089-exec-3] DEBUG SQL - select s1_0.sop_eligible_locations_id,s1_0.assigned_nbr_of_upc,s1_0.category,s1_0.created_dttm,s1_0.created_source,s1_0.grp,s1_0.height,s1_0.last_updated_dttm,s1_0.last_updated_source,s1_0.length,s1_0.locn_brcd,s1_0.locn_id,s1_0.max_nbr_of_sku,s1_0.sop_location_range_id,s1_0.width from sop_eligible_locations s1_0 where s1_0.category=? (SqlStatementLogger.java:133)
2025-01-06 21:33:20 [http-nio-8089-exec-3] DEBUG SQL - select s1_0.sop_location_range_id,s1_0.avl_active_locations,s1_0.category,s1_0.created_dttm,s1_0.created_source,s1_0.from_location,s1_0.is_active,s1_0.last_updated_dttm,s1_0.last_updated_source,s2_0.sop_action_type_id,s2_0.action_desc,s2_0.action_type,s2_0.created_dttm,s2_0.created_source,s2_0.last_updated_dttm,s2_0.last_updated_source,s1_0.to_location,s1_0.total_active_locations,s1_0.used_active_locations from sop_location_range s1_0 left join sop_action_type s2_0 on s2_0.sop_action_type_id=s1_0.sop_action_type_id where s1_0.sop_location_range_id=? (SqlStatementLogger.java:133)
2025-01-06 21:33:39 [http-nio-8089-exec-2] INFO SopConfigController - category: Electronics (SopConfigController.java:156)
2025-01-06 21:33:39 [http-nio-8089-exec-2] INFO SOPConfigServiceImpl - category: Electronics (SOPConfigServiceImpl.java:222)
2025-01-06 21:33:39 [http-nio-8089-exec-2] DEBUG SQL - select s1_0.sop_eligible_locations_id,s1_0.assigned_nbr_of_upc,s1_0.category,s1_0.created_dttm,s1_0.created_source,s1_0.grp,s1_0.height,s1_0.last_updated_dttm,s1_0.last_updated_source,s1_0.length,s1_0.locn_brcd,s1_0.locn_id,s1_0.max_nbr_of_sku,s1_0.sop_location_range_id,s1_0.width from sop_eligible_locations s1_0 where s1_0.category=? (SqlStatementLogger.java:133)
2025-01-06 21:33:39 [http-nio-8089-exec-2] DEBUG SQL - select s1_0.sop_location_range_id,s1_0.avl_active_locations,s1_0.category,s1_0.created_dttm,s1_0.created_source,s1_0.from_location,s1_0.is_active,s1_0.last_updated_dttm,s1_0.last_updated_source,s2_0.sop_action_type_id,s2_0.action_desc,s2_0.action_type,s2_0.created_dttm,s2_0.created_source,s2_0.last_updated_dttm,s2_0.last_updated_source,s1_0.to_location,s1_0.total_active_locations,s1_0.used_active_locations from sop_location_range s1_0 left join sop_action_type s2_0 on s2_0.sop_action_type_id=s1_0.sop_action_type_id where s1_0.sop_location_range_id=? (SqlStatementLogger.java:133)
2025-01-06 21:33:40 [http-nio-8089-exec-4] INFO SopConfigController - sopEligibleLocationsDto : SopEligibleLocations [sopEligibleLocationsId=5, locn_id=8, locn_brcd=BBCD007, grp=DE, assignedNbrOfUpc=1, maxNbrOfSku=1, sopLocationRange=SopLocationRangeDto [id=5, sopActionTypeDto=SopActionTypeDto [sopActionTypeId=1, actionDesc=Assignment, actionType=ASSIGN, createdDttm=2023-01-01T12:00, lastUpdatedDttm=2023-01-10T12:00, createdSource=User, lastUpdatedSource=User ], category=Electronics, fromLocation=BBCD007, toLocation=BBCD010, totalActiveLocations=4, usedActiveLocations=0, avlActiveLocations=4, isActive=Y, createdDttm=2023-01-01T12:00, lastUpdatedDttm=2023-01-10T12:00, createdSource=User, lastUpdatedSource=User ], category=Electronics, length=25.0, width=15.0, height=10.0, createdDttm=2024-12-03T13:50:50, lastUpdatedDttm=2025-01-06T21:33:40.008446600, createdSource=add-eligible-locations, lastUpdatedSource=assignment-service] (SopConfigController.java:149)
2025-01-06 21:33:40 [http-nio-8089-exec-4] DEBUG SQL - select s1_0.sop_eligible_locations_id,s1_0.assigned_nbr_of_upc,s1_0.category,s1_0.created_dttm,s1_0.created_source,s1_0.grp,s1_0.height,s1_0.last_updated_dttm,s1_0.last_updated_source,s1_0.length,s1_0.locn_brcd,s1_0.locn_id,s1_0.max_nbr_of_sku,s2_0.sop_location_range_id,s2_0.avl_active_locations,s2_0.category,s2_0.created_dttm,s2_0.created_source,s2_0.from_location,s2_0.is_active,s2_0.last_updated_dttm,s2_0.last_updated_source,s3_0.sop_action_type_id,s3_0.action_desc,s3_0.action_type,s3_0.created_dttm,s3_0.created_source,s3_0.last_updated_dttm,s3_0.last_updated_source,s2_0.to_location,s2_0.total_active_locations,s2_0.used_active_locations,s1_0.width from sop_eligible_locations s1_0 left join sop_location_range s2_0 on s2_0.sop_location_range_id=s1_0.sop_location_range_id left join sop_action_type s3_0 on s3_0.sop_action_type_id=s2_0.sop_action_type_id where s1_0.sop_eligible_locations_id=? (SqlStatementLogger.java:133)
2025-01-06 21:33:40 [http-nio-8089-exec-4] DEBUG SQL - update sop_eligible_locations set assigned_nbr_of_upc=?,category=?,created_dttm=?,created_source=?,grp=?,height=?,last_updated_dttm=?,last_updated_source=?,length=?,locn_brcd=?,locn_id=?,max_nbr_of_sku=?,sop_location_range_id=?,width=? where sop_eligible_locations_id=? (SqlStatementLogger.java:133)
2025-01-06 21:35:08 [http-nio-8089-exec-6] INFO SopConfigController - category: Electronics (SopConfigController.java:156)
2025-01-06 21:35:08 [http-nio-8089-exec-6] INFO SOPConfigServiceImpl - category: Electronics (SOPConfigServiceImpl.java:222)
2025-01-06 21:35:08 [http-nio-8089-exec-6] DEBUG SQL - select s1_0.sop_eligible_locations_id,s1_0.assigned_nbr_of_upc,s1_0.category,s1_0.created_dttm,s1_0.created_source,s1_0.grp,s1_0.height,s1_0.last_updated_dttm,s1_0.last_updated_source,s1_0.length,s1_0.locn_brcd,s1_0.locn_id,s1_0.max_nbr_of_sku,s1_0.sop_location_range_id,s1_0.width from sop_eligible_locations s1_0 where s1_0.category=? (SqlStatementLogger.java:133)
2025-01-06 21:35:08 [http-nio-8089-exec-6] DEBUG SQL - select s1_0.sop_location_range_id,s1_0.avl_active_locations,s1_0.category,s1_0.created_dttm,s1_0.created_source,s1_0.from_location,s1_0.is_active,s1_0.last_updated_dttm,s1_0.last_updated_source,s2_0.sop_action_type_id,s2_0.action_desc,s2_0.action_type,s2_0.created_dttm,s2_0.created_source,s2_0.last_updated_dttm,s2_0.last_updated_source,s1_0.to_location,s1_0.total_active_locations,s1_0.used_active_locations from sop_location_range s1_0 left join sop_action_type s2_0 on s2_0.sop_action_type_id=s1_0.sop_action_type_id where s1_0.sop_location_range_id=? (SqlStatementLogger.java:133)
2025-01-06 21:35:19 [http-nio-8089-exec-7] INFO SopConfigController - category: Electronics (SopConfigController.java:156)
2025-01-06 21:35:19 [http-nio-8089-exec-7] INFO SOPConfigServiceImpl - category: Electronics (SOPConfigServiceImpl.java:222)
2025-01-06 21:35:19 [http-nio-8089-exec-7] DEBUG SQL - select s1_0.sop_eligible_locations_id,s1_0.assigned_nbr_of_upc,s1_0.category,s1_0.created_dttm,s1_0.created_source,s1_0.grp,s1_0.height,s1_0.last_updated_dttm,s1_0.last_updated_source,s1_0.length,s1_0.locn_brcd,s1_0.locn_id,s1_0.max_nbr_of_sku,s1_0.sop_location_range_id,s1_0.width from sop_eligible_locations s1_0 where s1_0.category=? (SqlStatementLogger.java:133)
2025-01-06 21:35:19 [http-nio-8089-exec-7] DEBUG SQL - select s1_0.sop_location_range_id,s1_0.avl_active_locations,s1_0.category,s1_0.created_dttm,s1_0.created_source,s1_0.from_location,s1_0.is_active,s1_0.last_updated_dttm,s1_0.last_updated_source,s2_0.sop_action_type_id,s2_0.action_desc,s2_0.action_type,s2_0.created_dttm,s2_0.created_source,s2_0.last_updated_dttm,s2_0.last_updated_source,s1_0.to_location,s1_0.total_active_locations,s1_0.used_active_locations from sop_location_range s1_0 left join sop_action_type s2_0 on s2_0.sop_action_type_id=s1_0.sop_action_type_id where s1_0.sop_location_range_id=? (SqlStatementLogger.java:133)
2025-01-06 21:43:17 [HikariPool-1 housekeeper] WARN HikariPool - HikariPool-1 - Thread starvation or clock leap detected (housekeeper delta=7m42s314ms421µs400ns). (HikariPool.java:804)
