2025-02-11 22:17:38 [restartedMain] INFO SOPConfigServiceApp - Starting SOPConfigServiceApp using Java 20 with PID 30820 (C:\Users\Ravi\spring_practice\sop\sop-config-service\target\classes started by Ravi in C:\Users\Ravi\spring_practice\sop\sop-config-service) (StartupInfoLogger.java:51)
2025-02-11 22:17:38 [restartedMain] INFO SOPConfigServiceApp - No active profile set, falling back to 1 default profile: "default" (SpringApplication.java:638)
2025-02-11 22:17:38 [restartedMain] INFO DevToolsPropertyDefaultsPostProcessor - Devtools property defaults active! Set 'spring.devtools.add-properties' to 'false' to disable (DeferredLog.java:250)
2025-02-11 22:17:38 [restartedMain] INFO DevToolsPropertyDefaultsPostProcessor - For additional web related logging consider setting the 'logging.level.web' property to 'DEBUG' (DeferredLog.java:250)
2025-02-11 22:17:39 [restartedMain] INFO RepositoryConfigurationDelegate - Multiple Spring Data modules found, entering strict repository configuration mode (RepositoryConfigurationDelegate.java:291)
2025-02-11 22:17:39 [restartedMain] INFO RepositoryConfigurationDelegate - Bootstrapping Spring Data JDBC repositories in DEFAULT mode. (RepositoryConfigurationDelegate.java:138)
2025-02-11 22:17:39 [restartedMain] INFO RepositoryConfigurationExtensionSupport - Spring Data JDBC - Could not safely identify store assignment for repository candidate interface com.pawar.sop.config.repository.SopActionTypeRepository; If you want this repository to be a JDBC repository, consider annotating your entities with one of these annotations: org.springframework.data.relational.core.mapping.Table. (RepositoryConfigurationExtensionSupport.java:320)
2025-02-11 22:17:39 [restartedMain] INFO RepositoryConfigurationExtensionSupport - Spring Data JDBC - Could not safely identify store assignment for repository candidate interface com.pawar.sop.config.repository.SopEligibleLocationsRepository; If you want this repository to be a JDBC repository, consider annotating your entities with one of these annotations: org.springframework.data.relational.core.mapping.Table. (RepositoryConfigurationExtensionSupport.java:320)
2025-02-11 22:17:39 [restartedMain] INFO RepositoryConfigurationExtensionSupport - Spring Data JDBC - Could not safely identify store assignment for repository candidate interface com.pawar.sop.config.repository.SopLocationRangeRepository; If you want this repository to be a JDBC repository, consider annotating your entities with one of these annotations: org.springframework.data.relational.core.mapping.Table. (RepositoryConfigurationExtensionSupport.java:320)
2025-02-11 22:17:39 [restartedMain] INFO RepositoryConfigurationDelegate - Finished Spring Data repository scanning in 47 ms. Found 0 JDBC repository interfaces. (RepositoryConfigurationDelegate.java:208)
2025-02-11 22:17:39 [restartedMain] INFO RepositoryConfigurationDelegate - Multiple Spring Data modules found, entering strict repository configuration mode (RepositoryConfigurationDelegate.java:291)
2025-02-11 22:17:39 [restartedMain] INFO RepositoryConfigurationDelegate - Bootstrapping Spring Data JPA repositories in DEFAULT mode. (RepositoryConfigurationDelegate.java:138)
2025-02-11 22:17:39 [restartedMain] INFO RepositoryConfigurationDelegate - Finished Spring Data repository scanning in 32 ms. Found 3 JPA repository interfaces. (RepositoryConfigurationDelegate.java:208)
2025-02-11 22:17:39 [restartedMain] INFO TomcatWebServer - Tomcat initialized with port(s): 8089 (http) (TomcatWebServer.java:108)
2025-02-11 22:17:39 [restartedMain] INFO Http11NioProtocol - Initializing ProtocolHandler ["http-nio-8089"] (DirectJDKLog.java:173)
2025-02-11 22:17:39 [restartedMain] INFO StandardService - Starting service [Tomcat] (DirectJDKLog.java:173)
2025-02-11 22:17:39 [restartedMain] INFO StandardEngine - Starting Servlet engine: [Apache Tomcat/10.1.15] (DirectJDKLog.java:173)
2025-02-11 22:17:39 [restartedMain] INFO [/] - Initializing Spring embedded WebApplicationContext (DirectJDKLog.java:173)
2025-02-11 22:17:39 [restartedMain] INFO ServletWebServerApplicationContext - Root WebApplicationContext: initialization completed in 1689 ms (ServletWebServerApplicationContext.java:291)
2025-02-11 22:17:40 [restartedMain] INFO LogHelper - HHH000204: Processing PersistenceUnitInfo [name: default] (LogHelper.java:31)
2025-02-11 22:17:40 [restartedMain] INFO Version - HHH000412: Hibernate ORM core version 6.2.13.Final (Version.java:44)
2025-02-11 22:17:40 [restartedMain] INFO Environment - HHH000406: Using bytecode reflection optimizer (Environment.java:191)
2025-02-11 22:17:40 [restartedMain] INFO SpringPersistenceUnitInfo - No LoadTimeWeaver setup: ignoring JPA class transformer (SpringPersistenceUnitInfo.java:87)
2025-02-11 22:17:40 [restartedMain] INFO HikariDataSource - HikariPool-1 - Starting... (HikariDataSource.java:110)
2025-02-11 22:17:41 [restartedMain] INFO HikariPool - HikariPool-1 - Added connection com.mysql.cj.jdbc.ConnectionImpl@7e4cf02 (HikariPool.java:565)
2025-02-11 22:17:41 [restartedMain] INFO HikariDataSource - HikariPool-1 - Start completed. (HikariDataSource.java:123)
2025-02-11 22:17:42 [restartedMain] INFO JtaPlatformInitiator - HHH000489: No JTA platform available (set 'hibernate.transaction.jta.platform' to enable JTA platform integration) (JtaPlatformInitiator.java:55)
2025-02-11 22:17:42 [restartedMain] INFO LocalContainerEntityManagerFactoryBean - Initialized JPA EntityManagerFactory for persistence unit 'default' (AbstractEntityManagerFactoryBean.java:437)
2025-02-11 22:17:43 [restartedMain] WARN JpaBaseConfiguration$JpaWebConfiguration - spring.jpa.open-in-view is enabled by default. Therefore, database queries may be performed during view rendering. Explicitly configure spring.jpa.open-in-view to disable this warning (JpaBaseConfiguration.java:231)
2025-02-11 22:17:43 [restartedMain] INFO OptionalLiveReloadServer - LiveReload server is running on port 35729 (OptionalLiveReloadServer.java:59)
2025-02-11 22:17:43 [restartedMain] INFO Http11NioProtocol - Starting ProtocolHandler ["http-nio-8089"] (DirectJDKLog.java:173)
2025-02-11 22:17:43 [restartedMain] INFO TomcatWebServer - Tomcat started on port(s): 8089 (http) with context path '' (TomcatWebServer.java:220)
2025-02-11 22:17:43 [restartedMain] INFO SOPConfigServiceApp - Started SOPConfigServiceApp in 5.926 seconds (process running for 6.731) (StartupInfoLogger.java:57)
2025-02-11 22:45:33 [http-nio-8089-exec-1] INFO [/] - Initializing Spring DispatcherServlet 'dispatcherServlet' (DirectJDKLog.java:173)
2025-02-11 22:45:33 [http-nio-8089-exec-1] INFO DispatcherServlet - Initializing Servlet 'dispatcherServlet' (FrameworkServlet.java:532)
2025-02-11 22:45:33 [http-nio-8089-exec-1] INFO DispatcherServlet - Completed initialization in 1 ms (FrameworkServlet.java:554)
2025-02-11 22:45:33 [http-nio-8089-exec-1] INFO SopConfigController - category: Home (SopConfigController.java:175)
2025-02-11 22:45:33 [http-nio-8089-exec-1] INFO SOPConfigServiceImpl - category: Home (SOPConfigServiceImpl.java:222)
2025-02-11 22:45:33 [http-nio-8089-exec-1] DEBUG SQL - select s1_0.sop_eligible_locations_id,s1_0.assigned_nbr_of_upc,s1_0.category,s1_0.created_dttm,s1_0.created_source,s1_0.grp,s1_0.height,s1_0.last_updated_dttm,s1_0.last_updated_source,s1_0.length,s1_0.locn_brcd,s1_0.locn_id,s1_0.max_nbr_of_sku,s1_0.sop_location_range_id,s1_0.width from sop_eligible_locations s1_0 where s1_0.category=? (SqlStatementLogger.java:133)
2025-02-11 22:45:33 [http-nio-8089-exec-1] DEBUG SQL - select s1_0.sop_location_range_id,s1_0.avl_active_locations,s1_0.category,s1_0.created_dttm,s1_0.created_source,s1_0.from_location,s1_0.is_active,s1_0.last_updated_dttm,s1_0.last_updated_source,s2_0.sop_action_type_id,s2_0.action_desc,s2_0.action_type,s2_0.created_dttm,s2_0.created_source,s2_0.last_updated_dttm,s2_0.last_updated_source,s1_0.to_location,s1_0.total_active_locations,s1_0.used_active_locations from sop_location_range s1_0 left join sop_action_type s2_0 on s2_0.sop_action_type_id=s1_0.sop_action_type_id where s1_0.sop_location_range_id=? (SqlStatementLogger.java:133)
2025-02-11 22:45:34 [http-nio-8089-exec-2] INFO SopConfigController - sopEligibleLocationsDto : SopEligibleLocations [sopEligibleLocationsId=9, locn_id=4, locn_brcd=BBCD003, grp=HO, assignedNbrOfUpc=1, maxNbrOfSku=1, sopLocationRange=SopLocationRangeDto [id=6, sopActionTypeDto=SopActionTypeDto [sopActionTypeId=1, actionDesc=Assignment, actionType=ASSIGN, createdDttm=2023-01-01T12:00, lastUpdatedDttm=2023-01-10T12:00, createdSource=User, lastUpdatedSource=User ], category=Home, fromLocation=BBCD003, toLocation=BBCD006, totalActiveLocations=4, usedActiveLocations=0, avlActiveLocations=4, isActive=Y, createdDttm=2023-01-01T12:00, lastUpdatedDttm=2023-01-10T12:00, createdSource=User, lastUpdatedSource=User ], category=Home, length=25.0, width=15.0, height=10.0, createdDttm=2025-01-05T13:59:35, lastUpdatedDttm=2025-02-11T22:45:34.362168500, createdSource=add-eligible-locations, lastUpdatedSource=assignment-service] (SopConfigController.java:168)
2025-02-11 22:45:34 [http-nio-8089-exec-2] DEBUG SQL - select s1_0.sop_eligible_locations_id,s1_0.assigned_nbr_of_upc,s1_0.category,s1_0.created_dttm,s1_0.created_source,s1_0.grp,s1_0.height,s1_0.last_updated_dttm,s1_0.last_updated_source,s1_0.length,s1_0.locn_brcd,s1_0.locn_id,s1_0.max_nbr_of_sku,s2_0.sop_location_range_id,s2_0.avl_active_locations,s2_0.category,s2_0.created_dttm,s2_0.created_source,s2_0.from_location,s2_0.is_active,s2_0.last_updated_dttm,s2_0.last_updated_source,s3_0.sop_action_type_id,s3_0.action_desc,s3_0.action_type,s3_0.created_dttm,s3_0.created_source,s3_0.last_updated_dttm,s3_0.last_updated_source,s2_0.to_location,s2_0.total_active_locations,s2_0.used_active_locations,s1_0.width from sop_eligible_locations s1_0 left join sop_location_range s2_0 on s2_0.sop_location_range_id=s1_0.sop_location_range_id left join sop_action_type s3_0 on s3_0.sop_action_type_id=s2_0.sop_action_type_id where s1_0.sop_eligible_locations_id=? (SqlStatementLogger.java:133)
2025-02-11 22:45:34 [http-nio-8089-exec-2] DEBUG SQL - update sop_eligible_locations set assigned_nbr_of_upc=?,category=?,created_dttm=?,created_source=?,grp=?,height=?,last_updated_dttm=?,last_updated_source=?,length=?,locn_brcd=?,locn_id=?,max_nbr_of_sku=?,sop_location_range_id=?,width=? where sop_eligible_locations_id=? (SqlStatementLogger.java:133)
2025-02-11 22:45:34 [http-nio-8089-exec-3] INFO SopConfigController - sopEligibleLocationsDto : SopEligibleLocations [sopEligibleLocationsId=10, locn_id=5, locn_brcd=BBCD004, grp=HO, assignedNbrOfUpc=2, maxNbrOfSku=1, sopLocationRange=SopLocationRangeDto [id=6, sopActionTypeDto=SopActionTypeDto [sopActionTypeId=1, actionDesc=Assignment, actionType=ASSIGN, createdDttm=2023-01-01T12:00, lastUpdatedDttm=2023-01-10T12:00, createdSource=User, lastUpdatedSource=User ], category=Home, fromLocation=BBCD003, toLocation=BBCD006, totalActiveLocations=4, usedActiveLocations=0, avlActiveLocations=4, isActive=Y, createdDttm=2023-01-01T12:00, lastUpdatedDttm=2023-01-10T12:00, createdSource=User, lastUpdatedSource=User ], category=Home, length=25.0, width=15.0, height=10.0, createdDttm=2025-01-05T13:59:35, lastUpdatedDttm=2025-02-11T22:45:34.984613400, createdSource=add-eligible-locations, lastUpdatedSource=assignment-service] (SopConfigController.java:168)
2025-02-11 22:45:34 [http-nio-8089-exec-3] DEBUG SQL - select s1_0.sop_eligible_locations_id,s1_0.assigned_nbr_of_upc,s1_0.category,s1_0.created_dttm,s1_0.created_source,s1_0.grp,s1_0.height,s1_0.last_updated_dttm,s1_0.last_updated_source,s1_0.length,s1_0.locn_brcd,s1_0.locn_id,s1_0.max_nbr_of_sku,s2_0.sop_location_range_id,s2_0.avl_active_locations,s2_0.category,s2_0.created_dttm,s2_0.created_source,s2_0.from_location,s2_0.is_active,s2_0.last_updated_dttm,s2_0.last_updated_source,s3_0.sop_action_type_id,s3_0.action_desc,s3_0.action_type,s3_0.created_dttm,s3_0.created_source,s3_0.last_updated_dttm,s3_0.last_updated_source,s2_0.to_location,s2_0.total_active_locations,s2_0.used_active_locations,s1_0.width from sop_eligible_locations s1_0 left join sop_location_range s2_0 on s2_0.sop_location_range_id=s1_0.sop_location_range_id left join sop_action_type s3_0 on s3_0.sop_action_type_id=s2_0.sop_action_type_id where s1_0.sop_eligible_locations_id=? (SqlStatementLogger.java:133)
2025-02-11 22:45:35 [http-nio-8089-exec-3] DEBUG SQL - update sop_eligible_locations set assigned_nbr_of_upc=?,category=?,created_dttm=?,created_source=?,grp=?,height=?,last_updated_dttm=?,last_updated_source=?,length=?,locn_brcd=?,locn_id=?,max_nbr_of_sku=?,sop_location_range_id=?,width=? where sop_eligible_locations_id=? (SqlStatementLogger.java:133)
2025-02-11 23:09:23 [File Watcher] INFO LocalDevToolsAutoConfiguration$RestartingClassPathChangeChangedEventListener - Restarting due to 21 class path changes (0 additions, 20 deletions, 1 modification) (LocalDevToolsAutoConfiguration.java:211)
2025-02-11 23:09:23 [Thread-5] INFO Http11NioProtocol - Pausing ProtocolHandler ["http-nio-8089"] (DirectJDKLog.java:173)
2025-02-11 23:09:23 [Thread-5] INFO StandardService - Stopping service [Tomcat] (DirectJDKLog.java:173)
2025-02-11 23:09:23 [Thread-5] INFO [/] - Destroying Spring FrameworkServlet 'dispatcherServlet' (DirectJDKLog.java:173)
2025-02-11 23:09:23 [Thread-5] INFO Http11NioProtocol - Stopping ProtocolHandler ["http-nio-8089"] (DirectJDKLog.java:173)
2025-02-11 23:09:23 [Thread-5] INFO Http11NioProtocol - Destroying ProtocolHandler ["http-nio-8089"] (DirectJDKLog.java:173)
2025-02-11 23:09:23 [Thread-5] INFO LocalContainerEntityManagerFactoryBean - Closing JPA EntityManagerFactory for persistence unit 'default' (AbstractEntityManagerFactoryBean.java:650)
2025-02-11 23:09:23 [Thread-5] INFO HikariDataSource - HikariPool-1 - Shutdown initiated... (HikariDataSource.java:350)
2025-02-11 23:09:23 [Thread-5] INFO HikariDataSource - HikariPool-1 - Shutdown completed. (HikariDataSource.java:352)
2025-02-11 23:09:23 [restartedMain] INFO SOPConfigServiceApp - Starting SOPConfigServiceApp using Java 20 with PID 30820 (C:\Users\Ravi\spring_practice\sop\sop-config-service\target\classes started by Ravi in C:\Users\Ravi\spring_practice\sop\sop-config-service) (StartupInfoLogger.java:51)
2025-02-11 23:09:23 [restartedMain] INFO SOPConfigServiceApp - No active profile set, falling back to 1 default profile: "default" (SpringApplication.java:638)
2025-02-11 23:09:23 [restartedMain] INFO RepositoryConfigurationDelegate - Multiple Spring Data modules found, entering strict repository configuration mode (RepositoryConfigurationDelegate.java:291)
2025-02-11 23:09:23 [restartedMain] INFO RepositoryConfigurationDelegate - Bootstrapping Spring Data JDBC repositories in DEFAULT mode. (RepositoryConfigurationDelegate.java:138)
2025-02-11 23:09:23 [restartedMain] INFO RepositoryConfigurationExtensionSupport - Spring Data JDBC - Could not safely identify store assignment for repository candidate interface com.pawar.sop.config.repository.SopActionTypeRepository; If you want this repository to be a JDBC repository, consider annotating your entities with one of these annotations: org.springframework.data.relational.core.mapping.Table. (RepositoryConfigurationExtensionSupport.java:320)
2025-02-11 23:09:23 [restartedMain] INFO RepositoryConfigurationExtensionSupport - Spring Data JDBC - Could not safely identify store assignment for repository candidate interface com.pawar.sop.config.repository.SopEligibleLocationsRepository; If you want this repository to be a JDBC repository, consider annotating your entities with one of these annotations: org.springframework.data.relational.core.mapping.Table. (RepositoryConfigurationExtensionSupport.java:320)
2025-02-11 23:09:23 [restartedMain] INFO RepositoryConfigurationExtensionSupport - Spring Data JDBC - Could not safely identify store assignment for repository candidate interface com.pawar.sop.config.repository.SopLocationRangeRepository; If you want this repository to be a JDBC repository, consider annotating your entities with one of these annotations: org.springframework.data.relational.core.mapping.Table. (RepositoryConfigurationExtensionSupport.java:320)
2025-02-11 23:09:23 [restartedMain] INFO RepositoryConfigurationDelegate - Finished Spring Data repository scanning in 20 ms. Found 0 JDBC repository interfaces. (RepositoryConfigurationDelegate.java:208)
2025-02-11 23:09:23 [restartedMain] INFO RepositoryConfigurationDelegate - Multiple Spring Data modules found, entering strict repository configuration mode (RepositoryConfigurationDelegate.java:291)
2025-02-11 23:09:23 [restartedMain] INFO RepositoryConfigurationDelegate - Bootstrapping Spring Data JPA repositories in DEFAULT mode. (RepositoryConfigurationDelegate.java:138)
2025-02-11 23:09:23 [restartedMain] INFO RepositoryConfigurationDelegate - Finished Spring Data repository scanning in 21 ms. Found 3 JPA repository interfaces. (RepositoryConfigurationDelegate.java:208)
2025-02-11 23:09:23 [restartedMain] INFO TomcatWebServer - Tomcat initialized with port(s): 8089 (http) (TomcatWebServer.java:108)
2025-02-11 23:09:23 [restartedMain] INFO Http11NioProtocol - Initializing ProtocolHandler ["http-nio-8089"] (DirectJDKLog.java:173)
2025-02-11 23:09:23 [restartedMain] INFO StandardService - Starting service [Tomcat] (DirectJDKLog.java:173)
2025-02-11 23:09:23 [restartedMain] INFO StandardEngine - Starting Servlet engine: [Apache Tomcat/10.1.15] (DirectJDKLog.java:173)
2025-02-11 23:09:23 [restartedMain] INFO [/] - Initializing Spring embedded WebApplicationContext (DirectJDKLog.java:173)
2025-02-11 23:09:23 [restartedMain] INFO ServletWebServerApplicationContext - Root WebApplicationContext: initialization completed in 578 ms (ServletWebServerApplicationContext.java:291)
2025-02-11 23:09:24 [restartedMain] INFO LogHelper - HHH000204: Processing PersistenceUnitInfo [name: default] (LogHelper.java:31)
2025-02-11 23:09:24 [restartedMain] INFO SpringPersistenceUnitInfo - No LoadTimeWeaver setup: ignoring JPA class transformer (SpringPersistenceUnitInfo.java:87)
2025-02-11 23:09:24 [restartedMain] INFO HikariDataSource - HikariPool-2 - Starting... (HikariDataSource.java:110)
2025-02-11 23:09:24 [restartedMain] INFO HikariPool - HikariPool-2 - Added connection com.mysql.cj.jdbc.ConnectionImpl@1a3f105c (HikariPool.java:565)
2025-02-11 23:09:24 [restartedMain] INFO HikariDataSource - HikariPool-2 - Start completed. (HikariDataSource.java:123)
2025-02-11 23:09:24 [restartedMain] INFO JtaPlatformInitiator - HHH000489: No JTA platform available (set 'hibernate.transaction.jta.platform' to enable JTA platform integration) (JtaPlatformInitiator.java:55)
2025-02-11 23:09:24 [restartedMain] INFO LocalContainerEntityManagerFactoryBean - Initialized JPA EntityManagerFactory for persistence unit 'default' (AbstractEntityManagerFactoryBean.java:437)
2025-02-11 23:09:24 [restartedMain] WARN JpaBaseConfiguration$JpaWebConfiguration - spring.jpa.open-in-view is enabled by default. Therefore, database queries may be performed during view rendering. Explicitly configure spring.jpa.open-in-view to disable this warning (JpaBaseConfiguration.java:231)
2025-02-11 23:09:24 [restartedMain] INFO OptionalLiveReloadServer - LiveReload server is running on port 35729 (OptionalLiveReloadServer.java:59)
2025-02-11 23:09:24 [restartedMain] INFO Http11NioProtocol - Starting ProtocolHandler ["http-nio-8089"] (DirectJDKLog.java:173)
2025-02-11 23:09:24 [restartedMain] INFO TomcatWebServer - Tomcat started on port(s): 8089 (http) with context path '' (TomcatWebServer.java:220)
2025-02-11 23:09:24 [restartedMain] INFO SOPConfigServiceApp - Started SOPConfigServiceApp in 1.536 seconds (process running for 3107.786) (StartupInfoLogger.java:57)
2025-02-11 23:09:24 [restartedMain] INFO ConditionEvaluationDeltaLoggingListener - Condition evaluation unchanged (ConditionEvaluationDeltaLoggingListener.java:63)
2025-02-11 23:09:26 [File Watcher] INFO LocalDevToolsAutoConfiguration$RestartingClassPathChangeChangedEventListener - Restarting due to 17 class path changes (17 additions, 0 deletions, 0 modifications) (LocalDevToolsAutoConfiguration.java:211)
2025-02-11 23:09:26 [Thread-7] INFO Http11NioProtocol - Pausing ProtocolHandler ["http-nio-8089"] (DirectJDKLog.java:173)
2025-02-11 23:09:26 [Thread-7] INFO StandardService - Stopping service [Tomcat] (DirectJDKLog.java:173)
2025-02-11 23:09:26 [Thread-7] INFO Http11NioProtocol - Stopping ProtocolHandler ["http-nio-8089"] (DirectJDKLog.java:173)
2025-02-11 23:09:26 [Thread-7] INFO Http11NioProtocol - Destroying ProtocolHandler ["http-nio-8089"] (DirectJDKLog.java:173)
2025-02-11 23:09:26 [Thread-7] INFO LocalContainerEntityManagerFactoryBean - Closing JPA EntityManagerFactory for persistence unit 'default' (AbstractEntityManagerFactoryBean.java:650)
2025-02-11 23:09:26 [Thread-7] INFO HikariDataSource - HikariPool-2 - Shutdown initiated... (HikariDataSource.java:350)
2025-02-11 23:09:26 [Thread-7] INFO HikariDataSource - HikariPool-2 - Shutdown completed. (HikariDataSource.java:352)
2025-02-11 23:09:26 [restartedMain] INFO SOPConfigServiceApp - Starting SOPConfigServiceApp using Java 20 with PID 30820 (C:\Users\Ravi\spring_practice\sop\sop-config-service\target\classes started by Ravi in C:\Users\Ravi\spring_practice\sop\sop-config-service) (StartupInfoLogger.java:51)
2025-02-11 23:09:26 [restartedMain] INFO SOPConfigServiceApp - No active profile set, falling back to 1 default profile: "default" (SpringApplication.java:638)
2025-02-11 23:09:26 [restartedMain] INFO RepositoryConfigurationDelegate - Multiple Spring Data modules found, entering strict repository configuration mode (RepositoryConfigurationDelegate.java:291)
2025-02-11 23:09:26 [restartedMain] INFO RepositoryConfigurationDelegate - Bootstrapping Spring Data JDBC repositories in DEFAULT mode. (RepositoryConfigurationDelegate.java:138)
2025-02-11 23:09:26 [restartedMain] INFO RepositoryConfigurationExtensionSupport - Spring Data JDBC - Could not safely identify store assignment for repository candidate interface com.pawar.sop.config.repository.SopActionTypeRepository; If you want this repository to be a JDBC repository, consider annotating your entities with one of these annotations: org.springframework.data.relational.core.mapping.Table. (RepositoryConfigurationExtensionSupport.java:320)
2025-02-11 23:09:26 [restartedMain] INFO RepositoryConfigurationExtensionSupport - Spring Data JDBC - Could not safely identify store assignment for repository candidate interface com.pawar.sop.config.repository.SopEligibleLocationsRepository; If you want this repository to be a JDBC repository, consider annotating your entities with one of these annotations: org.springframework.data.relational.core.mapping.Table. (RepositoryConfigurationExtensionSupport.java:320)
2025-02-11 23:09:26 [restartedMain] INFO RepositoryConfigurationExtensionSupport - Spring Data JDBC - Could not safely identify store assignment for repository candidate interface com.pawar.sop.config.repository.SopLocationRangeRepository; If you want this repository to be a JDBC repository, consider annotating your entities with one of these annotations: org.springframework.data.relational.core.mapping.Table. (RepositoryConfigurationExtensionSupport.java:320)
2025-02-11 23:09:26 [restartedMain] INFO RepositoryConfigurationDelegate - Finished Spring Data repository scanning in 11 ms. Found 0 JDBC repository interfaces. (RepositoryConfigurationDelegate.java:208)
2025-02-11 23:09:26 [restartedMain] INFO RepositoryConfigurationDelegate - Multiple Spring Data modules found, entering strict repository configuration mode (RepositoryConfigurationDelegate.java:291)
2025-02-11 23:09:26 [restartedMain] INFO RepositoryConfigurationDelegate - Bootstrapping Spring Data JPA repositories in DEFAULT mode. (RepositoryConfigurationDelegate.java:138)
2025-02-11 23:09:26 [restartedMain] INFO RepositoryConfigurationDelegate - Finished Spring Data repository scanning in 10 ms. Found 3 JPA repository interfaces. (RepositoryConfigurationDelegate.java:208)
2025-02-11 23:09:26 [restartedMain] INFO TomcatWebServer - Tomcat initialized with port(s): 8089 (http) (TomcatWebServer.java:108)
2025-02-11 23:09:26 [restartedMain] INFO Http11NioProtocol - Initializing ProtocolHandler ["http-nio-8089"] (DirectJDKLog.java:173)
2025-02-11 23:09:26 [restartedMain] INFO StandardService - Starting service [Tomcat] (DirectJDKLog.java:173)
2025-02-11 23:09:26 [restartedMain] INFO StandardEngine - Starting Servlet engine: [Apache Tomcat/10.1.15] (DirectJDKLog.java:173)
2025-02-11 23:09:26 [restartedMain] INFO [/] - Initializing Spring embedded WebApplicationContext (DirectJDKLog.java:173)
2025-02-11 23:09:26 [restartedMain] INFO ServletWebServerApplicationContext - Root WebApplicationContext: initialization completed in 342 ms (ServletWebServerApplicationContext.java:291)
2025-02-11 23:09:26 [restartedMain] INFO LogHelper - HHH000204: Processing PersistenceUnitInfo [name: default] (LogHelper.java:31)
2025-02-11 23:09:26 [restartedMain] INFO SpringPersistenceUnitInfo - No LoadTimeWeaver setup: ignoring JPA class transformer (SpringPersistenceUnitInfo.java:87)
2025-02-11 23:09:26 [restartedMain] INFO HikariDataSource - HikariPool-3 - Starting... (HikariDataSource.java:110)
2025-02-11 23:09:26 [restartedMain] INFO HikariPool - HikariPool-3 - Added connection com.mysql.cj.jdbc.ConnectionImpl@158bd9 (HikariPool.java:565)
2025-02-11 23:09:26 [restartedMain] INFO HikariDataSource - HikariPool-3 - Start completed. (HikariDataSource.java:123)
2025-02-11 23:09:26 [restartedMain] INFO JtaPlatformInitiator - HHH000489: No JTA platform available (set 'hibernate.transaction.jta.platform' to enable JTA platform integration) (JtaPlatformInitiator.java:55)
2025-02-11 23:09:27 [restartedMain] INFO LocalContainerEntityManagerFactoryBean - Initialized JPA EntityManagerFactory for persistence unit 'default' (AbstractEntityManagerFactoryBean.java:437)
2025-02-11 23:09:27 [restartedMain] WARN JpaBaseConfiguration$JpaWebConfiguration - spring.jpa.open-in-view is enabled by default. Therefore, database queries may be performed during view rendering. Explicitly configure spring.jpa.open-in-view to disable this warning (JpaBaseConfiguration.java:231)
2025-02-11 23:09:27 [restartedMain] INFO OptionalLiveReloadServer - LiveReload server is running on port 35729 (OptionalLiveReloadServer.java:59)
2025-02-11 23:09:27 [restartedMain] INFO Http11NioProtocol - Starting ProtocolHandler ["http-nio-8089"] (DirectJDKLog.java:173)
2025-02-11 23:09:27 [restartedMain] INFO TomcatWebServer - Tomcat started on port(s): 8089 (http) with context path '' (TomcatWebServer.java:220)
2025-02-11 23:09:27 [restartedMain] INFO SOPConfigServiceApp - Started SOPConfigServiceApp in 0.889 seconds (process running for 3110.175) (StartupInfoLogger.java:57)
2025-02-11 23:09:27 [restartedMain] INFO ConditionEvaluationDeltaLoggingListener - Condition evaluation unchanged (ConditionEvaluationDeltaLoggingListener.java:63)
2025-02-11 23:09:45 [File Watcher] INFO LocalDevToolsAutoConfiguration$RestartingClassPathChangeChangedEventListener - Restarting due to 21 class path changes (3 additions, 0 deletions, 18 modifications) (LocalDevToolsAutoConfiguration.java:211)
2025-02-11 23:09:45 [Thread-11] INFO Http11NioProtocol - Pausing ProtocolHandler ["http-nio-8089"] (DirectJDKLog.java:173)
2025-02-11 23:09:45 [Thread-11] INFO StandardService - Stopping service [Tomcat] (DirectJDKLog.java:173)
2025-02-11 23:09:45 [Thread-11] INFO Http11NioProtocol - Stopping ProtocolHandler ["http-nio-8089"] (DirectJDKLog.java:173)
2025-02-11 23:09:45 [Thread-11] INFO Http11NioProtocol - Destroying ProtocolHandler ["http-nio-8089"] (DirectJDKLog.java:173)
2025-02-11 23:09:45 [Thread-11] INFO LocalContainerEntityManagerFactoryBean - Closing JPA EntityManagerFactory for persistence unit 'default' (AbstractEntityManagerFactoryBean.java:650)
2025-02-11 23:09:45 [Thread-11] INFO HikariDataSource - HikariPool-3 - Shutdown initiated... (HikariDataSource.java:350)
2025-02-11 23:09:45 [Thread-11] INFO HikariDataSource - HikariPool-3 - Shutdown completed. (HikariDataSource.java:352)
2025-02-11 23:09:45 [restartedMain] INFO SOPConfigServiceApp - Starting SOPConfigServiceApp using Java 20 with PID 30820 (C:\Users\Ravi\spring_practice\sop\sop-config-service\target\classes started by Ravi in C:\Users\Ravi\spring_practice\sop\sop-config-service) (StartupInfoLogger.java:51)
2025-02-11 23:09:45 [restartedMain] INFO SOPConfigServiceApp - No active profile set, falling back to 1 default profile: "default" (SpringApplication.java:638)
2025-02-11 23:09:45 [restartedMain] INFO RepositoryConfigurationDelegate - Multiple Spring Data modules found, entering strict repository configuration mode (RepositoryConfigurationDelegate.java:291)
2025-02-11 23:09:45 [restartedMain] INFO RepositoryConfigurationDelegate - Bootstrapping Spring Data JDBC repositories in DEFAULT mode. (RepositoryConfigurationDelegate.java:138)
2025-02-11 23:09:45 [restartedMain] INFO RepositoryConfigurationExtensionSupport - Spring Data JDBC - Could not safely identify store assignment for repository candidate interface com.pawar.sop.config.repository.SopActionTypeRepository; If you want this repository to be a JDBC repository, consider annotating your entities with one of these annotations: org.springframework.data.relational.core.mapping.Table. (RepositoryConfigurationExtensionSupport.java:320)
2025-02-11 23:09:45 [restartedMain] INFO RepositoryConfigurationExtensionSupport - Spring Data JDBC - Could not safely identify store assignment for repository candidate interface com.pawar.sop.config.repository.SopEligibleLocationsRepository; If you want this repository to be a JDBC repository, consider annotating your entities with one of these annotations: org.springframework.data.relational.core.mapping.Table. (RepositoryConfigurationExtensionSupport.java:320)
2025-02-11 23:09:45 [restartedMain] INFO RepositoryConfigurationExtensionSupport - Spring Data JDBC - Could not safely identify store assignment for repository candidate interface com.pawar.sop.config.repository.SopLocationRangeRepository; If you want this repository to be a JDBC repository, consider annotating your entities with one of these annotations: org.springframework.data.relational.core.mapping.Table. (RepositoryConfigurationExtensionSupport.java:320)
2025-02-11 23:09:45 [restartedMain] INFO RepositoryConfigurationDelegate - Finished Spring Data repository scanning in 8 ms. Found 0 JDBC repository interfaces. (RepositoryConfigurationDelegate.java:208)
2025-02-11 23:09:45 [restartedMain] INFO RepositoryConfigurationDelegate - Multiple Spring Data modules found, entering strict repository configuration mode (RepositoryConfigurationDelegate.java:291)
2025-02-11 23:09:45 [restartedMain] INFO RepositoryConfigurationDelegate - Bootstrapping Spring Data JPA repositories in DEFAULT mode. (RepositoryConfigurationDelegate.java:138)
2025-02-11 23:09:45 [restartedMain] INFO RepositoryConfigurationDelegate - Finished Spring Data repository scanning in 8 ms. Found 3 JPA repository interfaces. (RepositoryConfigurationDelegate.java:208)
2025-02-11 23:09:45 [restartedMain] INFO TomcatWebServer - Tomcat initialized with port(s): 8089 (http) (TomcatWebServer.java:108)
2025-02-11 23:09:45 [restartedMain] INFO Http11NioProtocol - Initializing ProtocolHandler ["http-nio-8089"] (DirectJDKLog.java:173)
2025-02-11 23:09:45 [restartedMain] INFO StandardService - Starting service [Tomcat] (DirectJDKLog.java:173)
2025-02-11 23:09:45 [restartedMain] INFO StandardEngine - Starting Servlet engine: [Apache Tomcat/10.1.15] (DirectJDKLog.java:173)
2025-02-11 23:09:45 [restartedMain] INFO [/] - Initializing Spring embedded WebApplicationContext (DirectJDKLog.java:173)
2025-02-11 23:09:45 [restartedMain] INFO ServletWebServerApplicationContext - Root WebApplicationContext: initialization completed in 289 ms (ServletWebServerApplicationContext.java:291)
2025-02-11 23:09:45 [restartedMain] INFO LogHelper - HHH000204: Processing PersistenceUnitInfo [name: default] (LogHelper.java:31)
2025-02-11 23:09:45 [restartedMain] INFO SpringPersistenceUnitInfo - No LoadTimeWeaver setup: ignoring JPA class transformer (SpringPersistenceUnitInfo.java:87)
2025-02-11 23:09:45 [restartedMain] INFO HikariDataSource - HikariPool-4 - Starting... (HikariDataSource.java:110)
2025-02-11 23:09:45 [restartedMain] INFO HikariPool - HikariPool-4 - Added connection com.mysql.cj.jdbc.ConnectionImpl@6301a15d (HikariPool.java:565)
2025-02-11 23:09:45 [restartedMain] INFO HikariDataSource - HikariPool-4 - Start completed. (HikariDataSource.java:123)
2025-02-11 23:09:45 [restartedMain] INFO JtaPlatformInitiator - HHH000489: No JTA platform available (set 'hibernate.transaction.jta.platform' to enable JTA platform integration) (JtaPlatformInitiator.java:55)
2025-02-11 23:09:45 [restartedMain] INFO LocalContainerEntityManagerFactoryBean - Initialized JPA EntityManagerFactory for persistence unit 'default' (AbstractEntityManagerFactoryBean.java:437)
2025-02-11 23:09:45 [restartedMain] WARN JpaBaseConfiguration$JpaWebConfiguration - spring.jpa.open-in-view is enabled by default. Therefore, database queries may be performed during view rendering. Explicitly configure spring.jpa.open-in-view to disable this warning (JpaBaseConfiguration.java:231)
2025-02-11 23:09:45 [restartedMain] INFO OptionalLiveReloadServer - LiveReload server is running on port 35729 (OptionalLiveReloadServer.java:59)
2025-02-11 23:09:45 [restartedMain] INFO Http11NioProtocol - Starting ProtocolHandler ["http-nio-8089"] (DirectJDKLog.java:173)
2025-02-11 23:09:45 [restartedMain] INFO TomcatWebServer - Tomcat started on port(s): 8089 (http) with context path '' (TomcatWebServer.java:220)
2025-02-11 23:09:45 [restartedMain] INFO SOPConfigServiceApp - Started SOPConfigServiceApp in 0.795 seconds (process running for 3128.818) (StartupInfoLogger.java:57)
2025-02-11 23:09:45 [restartedMain] INFO ConditionEvaluationDeltaLoggingListener - Condition evaluation unchanged (ConditionEvaluationDeltaLoggingListener.java:63)
