2025-01-07 14:14:41 [HikariPool-1 housekeeper] WARN HikariPool - HikariPool-1 - Thread starvation or clock leap detected (housekeeper delta=16h31m35s284ms714µs900ns). (HikariPool.java:804)
2025-01-07 14:27:00 [HikariPool-1 housekeeper] WARN HikariPool - HikariPool-1 - Thread starvation or clock leap detected (housekeeper delta=9m47s253ms174µs900ns). (HikariPool.java:804)
2025-01-07 14:33:39 [http-nio-8089-exec-9] INFO SopConfigController - category: Electronics (SopConfigController.java:156)
2025-01-07 14:33:39 [http-nio-8089-exec-9] INFO SOPConfigServiceImpl - category: Electronics (SOPConfigServiceImpl.java:222)
2025-01-07 14:33:39 [http-nio-8089-exec-9] DEBUG SQL - select s1_0.sop_eligible_locations_id,s1_0.assigned_nbr_of_upc,s1_0.category,s1_0.created_dttm,s1_0.created_source,s1_0.grp,s1_0.height,s1_0.last_updated_dttm,s1_0.last_updated_source,s1_0.length,s1_0.locn_brcd,s1_0.locn_id,s1_0.max_nbr_of_sku,s1_0.sop_location_range_id,s1_0.width from sop_eligible_locations s1_0 where s1_0.category=? (SqlStatementLogger.java:133)
2025-01-07 14:33:39 [http-nio-8089-exec-9] WARN PoolBase - HikariPool-1 - Failed to validate connection com.mysql.cj.jdbc.ConnectionImpl@5acbb365 (No operations allowed after connection closed.). Possibly consider using a shorter maxLifetime value. (PoolBase.java:179)
2025-01-07 14:33:39 [http-nio-8089-exec-9] WARN PoolBase - HikariPool-1 - Failed to validate connection com.mysql.cj.jdbc.ConnectionImpl@29e3e748 (No operations allowed after connection closed.). Possibly consider using a shorter maxLifetime value. (PoolBase.java:179)
2025-01-07 14:33:39 [http-nio-8089-exec-9] WARN PoolBase - HikariPool-1 - Failed to validate connection com.mysql.cj.jdbc.ConnectionImpl@46983bc1 (No operations allowed after connection closed.). Possibly consider using a shorter maxLifetime value. (PoolBase.java:179)
2025-01-07 14:33:39 [http-nio-8089-exec-9] WARN PoolBase - HikariPool-1 - Failed to validate connection com.mysql.cj.jdbc.ConnectionImpl@41cff8ec (No operations allowed after connection closed.). Possibly consider using a shorter maxLifetime value. (PoolBase.java:179)
2025-01-07 14:33:39 [http-nio-8089-exec-9] WARN PoolBase - HikariPool-1 - Failed to validate connection com.mysql.cj.jdbc.ConnectionImpl@62d6be6b (No operations allowed after connection closed.). Possibly consider using a shorter maxLifetime value. (PoolBase.java:179)
2025-01-07 14:33:39 [http-nio-8089-exec-9] WARN PoolBase - HikariPool-1 - Failed to validate connection com.mysql.cj.jdbc.ConnectionImpl@54b9dcde (No operations allowed after connection closed.). Possibly consider using a shorter maxLifetime value. (PoolBase.java:179)
2025-01-07 14:33:39 [http-nio-8089-exec-9] WARN PoolBase - HikariPool-1 - Failed to validate connection com.mysql.cj.jdbc.ConnectionImpl@5378a3bb (No operations allowed after connection closed.). Possibly consider using a shorter maxLifetime value. (PoolBase.java:179)
2025-01-07 14:33:39 [http-nio-8089-exec-9] WARN PoolBase - HikariPool-1 - Failed to validate connection com.mysql.cj.jdbc.ConnectionImpl@6d4e29a0 (No operations allowed after connection closed.). Possibly consider using a shorter maxLifetime value. (PoolBase.java:179)
2025-01-07 14:33:39 [http-nio-8089-exec-9] WARN PoolBase - HikariPool-1 - Failed to validate connection com.mysql.cj.jdbc.ConnectionImpl@3a3cf784 (No operations allowed after connection closed.). Possibly consider using a shorter maxLifetime value. (PoolBase.java:179)
2025-01-07 14:33:39 [http-nio-8089-exec-9] WARN PoolBase - HikariPool-1 - Failed to validate connection com.mysql.cj.jdbc.ConnectionImpl@20f99331 (No operations allowed after connection closed.). Possibly consider using a shorter maxLifetime value. (PoolBase.java:179)
2025-01-07 14:33:39 [http-nio-8089-exec-9] DEBUG SQL - select s1_0.sop_location_range_id,s1_0.avl_active_locations,s1_0.category,s1_0.created_dttm,s1_0.created_source,s1_0.from_location,s1_0.is_active,s1_0.last_updated_dttm,s1_0.last_updated_source,s2_0.sop_action_type_id,s2_0.action_desc,s2_0.action_type,s2_0.created_dttm,s2_0.created_source,s2_0.last_updated_dttm,s2_0.last_updated_source,s1_0.to_location,s1_0.total_active_locations,s1_0.used_active_locations from sop_location_range s1_0 left join sop_action_type s2_0 on s2_0.sop_action_type_id=s1_0.sop_action_type_id where s1_0.sop_location_range_id=? (SqlStatementLogger.java:133)
2025-01-07 14:33:40 [http-nio-8089-exec-10] INFO SopConfigController - sopEligibleLocationsDto : SopEligibleLocations [sopEligibleLocationsId=5, locn_id=8, locn_brcd=BBCD007, grp=DE, assignedNbrOfUpc=1, maxNbrOfSku=1, sopLocationRange=SopLocationRangeDto [id=5, sopActionTypeDto=SopActionTypeDto [sopActionTypeId=1, actionDesc=Assignment, actionType=ASSIGN, createdDttm=2023-01-01T12:00, lastUpdatedDttm=2023-01-10T12:00, createdSource=User, lastUpdatedSource=User ], category=Electronics, fromLocation=BBCD007, toLocation=BBCD010, totalActiveLocations=4, usedActiveLocations=0, avlActiveLocations=4, isActive=Y, createdDttm=2023-01-01T12:00, lastUpdatedDttm=2023-01-10T12:00, createdSource=User, lastUpdatedSource=User ], category=Electronics, length=25.0, width=15.0, height=10.0, createdDttm=2024-12-03T13:50:50, lastUpdatedDttm=2025-01-07T14:33:40.193847100, createdSource=add-eligible-locations, lastUpdatedSource=assignment-service] (SopConfigController.java:149)
2025-01-07 14:33:40 [http-nio-8089-exec-10] DEBUG SQL - select s1_0.sop_eligible_locations_id,s1_0.assigned_nbr_of_upc,s1_0.category,s1_0.created_dttm,s1_0.created_source,s1_0.grp,s1_0.height,s1_0.last_updated_dttm,s1_0.last_updated_source,s1_0.length,s1_0.locn_brcd,s1_0.locn_id,s1_0.max_nbr_of_sku,s2_0.sop_location_range_id,s2_0.avl_active_locations,s2_0.category,s2_0.created_dttm,s2_0.created_source,s2_0.from_location,s2_0.is_active,s2_0.last_updated_dttm,s2_0.last_updated_source,s3_0.sop_action_type_id,s3_0.action_desc,s3_0.action_type,s3_0.created_dttm,s3_0.created_source,s3_0.last_updated_dttm,s3_0.last_updated_source,s2_0.to_location,s2_0.total_active_locations,s2_0.used_active_locations,s1_0.width from sop_eligible_locations s1_0 left join sop_location_range s2_0 on s2_0.sop_location_range_id=s1_0.sop_location_range_id left join sop_action_type s3_0 on s3_0.sop_action_type_id=s2_0.sop_action_type_id where s1_0.sop_eligible_locations_id=? (SqlStatementLogger.java:133)
2025-01-07 14:33:40 [http-nio-8089-exec-10] DEBUG SQL - update sop_eligible_locations set assigned_nbr_of_upc=?,category=?,created_dttm=?,created_source=?,grp=?,height=?,last_updated_dttm=?,last_updated_source=?,length=?,locn_brcd=?,locn_id=?,max_nbr_of_sku=?,sop_location_range_id=?,width=? where sop_eligible_locations_id=? (SqlStatementLogger.java:133)
2025-01-07 14:34:32 [http-nio-8089-exec-1] INFO SopConfigController - category: Electronics (SopConfigController.java:156)
2025-01-07 14:34:32 [http-nio-8089-exec-1] INFO SOPConfigServiceImpl - category: Electronics (SOPConfigServiceImpl.java:222)
2025-01-07 14:34:32 [http-nio-8089-exec-1] DEBUG SQL - select s1_0.sop_eligible_locations_id,s1_0.assigned_nbr_of_upc,s1_0.category,s1_0.created_dttm,s1_0.created_source,s1_0.grp,s1_0.height,s1_0.last_updated_dttm,s1_0.last_updated_source,s1_0.length,s1_0.locn_brcd,s1_0.locn_id,s1_0.max_nbr_of_sku,s1_0.sop_location_range_id,s1_0.width from sop_eligible_locations s1_0 where s1_0.category=? (SqlStatementLogger.java:133)
2025-01-07 14:34:32 [http-nio-8089-exec-1] DEBUG SQL - select s1_0.sop_location_range_id,s1_0.avl_active_locations,s1_0.category,s1_0.created_dttm,s1_0.created_source,s1_0.from_location,s1_0.is_active,s1_0.last_updated_dttm,s1_0.last_updated_source,s2_0.sop_action_type_id,s2_0.action_desc,s2_0.action_type,s2_0.created_dttm,s2_0.created_source,s2_0.last_updated_dttm,s2_0.last_updated_source,s1_0.to_location,s1_0.total_active_locations,s1_0.used_active_locations from sop_location_range s1_0 left join sop_action_type s2_0 on s2_0.sop_action_type_id=s1_0.sop_action_type_id where s1_0.sop_location_range_id=? (SqlStatementLogger.java:133)
2025-01-07 15:15:59 [HikariPool-1 housekeeper] WARN HikariPool - HikariPool-1 - Thread starvation or clock leap detected (housekeeper delta=37m26s150ms425µs500ns). (HikariPool.java:804)
2025-01-07 16:50:26 [HikariPool-1 housekeeper] WARN HikariPool - HikariPool-1 - Thread starvation or clock leap detected (housekeeper delta=1h34m26s868ms107µs600ns). (HikariPool.java:804)
2025-01-07 17:08:00 [HikariPool-1 housekeeper] WARN HikariPool - HikariPool-1 - Thread starvation or clock leap detected (housekeeper delta=2m3s38ms14µs700ns). (HikariPool.java:804)
2025-01-07 17:08:11 [http-nio-8089-exec-4] INFO SopConfigController - category: Electronics (SopConfigController.java:156)
2025-01-07 17:08:11 [http-nio-8089-exec-4] INFO SOPConfigServiceImpl - category: Electronics (SOPConfigServiceImpl.java:222)
2025-01-07 17:08:11 [http-nio-8089-exec-4] DEBUG SQL - select s1_0.sop_eligible_locations_id,s1_0.assigned_nbr_of_upc,s1_0.category,s1_0.created_dttm,s1_0.created_source,s1_0.grp,s1_0.height,s1_0.last_updated_dttm,s1_0.last_updated_source,s1_0.length,s1_0.locn_brcd,s1_0.locn_id,s1_0.max_nbr_of_sku,s1_0.sop_location_range_id,s1_0.width from sop_eligible_locations s1_0 where s1_0.category=? (SqlStatementLogger.java:133)
2025-01-07 17:08:11 [http-nio-8089-exec-4] WARN PoolBase - HikariPool-1 - Failed to validate connection com.mysql.cj.jdbc.ConnectionImpl@539f8051 (No operations allowed after connection closed.). Possibly consider using a shorter maxLifetime value. (PoolBase.java:179)
2025-01-07 17:08:11 [http-nio-8089-exec-4] WARN PoolBase - HikariPool-1 - Failed to validate connection com.mysql.cj.jdbc.ConnectionImpl@4dcbc230 (No operations allowed after connection closed.). Possibly consider using a shorter maxLifetime value. (PoolBase.java:179)
2025-01-07 17:08:11 [http-nio-8089-exec-4] WARN PoolBase - HikariPool-1 - Failed to validate connection com.mysql.cj.jdbc.ConnectionImpl@46b26c0 (No operations allowed after connection closed.). Possibly consider using a shorter maxLifetime value. (PoolBase.java:179)
2025-01-07 17:08:11 [http-nio-8089-exec-4] WARN PoolBase - HikariPool-1 - Failed to validate connection com.mysql.cj.jdbc.ConnectionImpl@2b59b314 (No operations allowed after connection closed.). Possibly consider using a shorter maxLifetime value. (PoolBase.java:179)
2025-01-07 17:08:11 [http-nio-8089-exec-4] WARN PoolBase - HikariPool-1 - Failed to validate connection com.mysql.cj.jdbc.ConnectionImpl@60a3a0ce (No operations allowed after connection closed.). Possibly consider using a shorter maxLifetime value. (PoolBase.java:179)
2025-01-07 17:08:12 [http-nio-8089-exec-4] WARN PoolBase - HikariPool-1 - Failed to validate connection com.mysql.cj.jdbc.ConnectionImpl@736a24a8 (No operations allowed after connection closed.). Possibly consider using a shorter maxLifetime value. (PoolBase.java:179)
2025-01-07 17:08:12 [http-nio-8089-exec-4] WARN PoolBase - HikariPool-1 - Failed to validate connection com.mysql.cj.jdbc.ConnectionImpl@2e6a4123 (No operations allowed after connection closed.). Possibly consider using a shorter maxLifetime value. (PoolBase.java:179)
2025-01-07 17:08:12 [http-nio-8089-exec-4] WARN PoolBase - HikariPool-1 - Failed to validate connection com.mysql.cj.jdbc.ConnectionImpl@48cd86e9 (No operations allowed after connection closed.). Possibly consider using a shorter maxLifetime value. (PoolBase.java:179)
2025-01-07 17:08:12 [http-nio-8089-exec-4] WARN PoolBase - HikariPool-1 - Failed to validate connection com.mysql.cj.jdbc.ConnectionImpl@3595eaee (No operations allowed after connection closed.). Possibly consider using a shorter maxLifetime value. (PoolBase.java:179)
2025-01-07 17:08:12 [http-nio-8089-exec-4] WARN PoolBase - HikariPool-1 - Failed to validate connection com.mysql.cj.jdbc.ConnectionImpl@1778c790 (No operations allowed after connection closed.). Possibly consider using a shorter maxLifetime value. (PoolBase.java:179)
2025-01-07 17:08:12 [http-nio-8089-exec-4] DEBUG SQL - select s1_0.sop_location_range_id,s1_0.avl_active_locations,s1_0.category,s1_0.created_dttm,s1_0.created_source,s1_0.from_location,s1_0.is_active,s1_0.last_updated_dttm,s1_0.last_updated_source,s2_0.sop_action_type_id,s2_0.action_desc,s2_0.action_type,s2_0.created_dttm,s2_0.created_source,s2_0.last_updated_dttm,s2_0.last_updated_source,s1_0.to_location,s1_0.total_active_locations,s1_0.used_active_locations from sop_location_range s1_0 left join sop_action_type s2_0 on s2_0.sop_action_type_id=s1_0.sop_action_type_id where s1_0.sop_location_range_id=? (SqlStatementLogger.java:133)
2025-01-07 17:12:57 [File Watcher] INFO LocalDevToolsAutoConfiguration$RestartingClassPathChangeChangedEventListener - Restarting due to 15 class path changes (0 additions, 15 deletions, 0 modifications) (LocalDevToolsAutoConfiguration.java:211)
2025-01-07 17:12:57 [Thread-1] INFO Http11NioProtocol - Pausing ProtocolHandler ["http-nio-8089"] (DirectJDKLog.java:173)
2025-01-07 17:12:57 [Thread-1] INFO StandardService - Stopping service [Tomcat] (DirectJDKLog.java:173)
2025-01-07 17:12:57 [Thread-1] INFO [/] - Destroying Spring FrameworkServlet 'dispatcherServlet' (DirectJDKLog.java:173)
2025-01-07 17:12:57 [Thread-1] INFO Http11NioProtocol - Stopping ProtocolHandler ["http-nio-8089"] (DirectJDKLog.java:173)
2025-01-07 17:12:57 [Thread-1] INFO Http11NioProtocol - Destroying ProtocolHandler ["http-nio-8089"] (DirectJDKLog.java:173)
2025-01-07 17:12:57 [Thread-1] INFO LocalContainerEntityManagerFactoryBean - Closing JPA EntityManagerFactory for persistence unit 'default' (AbstractEntityManagerFactoryBean.java:650)
2025-01-07 17:12:57 [Thread-1] INFO HikariDataSource - HikariPool-1 - Shutdown initiated... (HikariDataSource.java:350)
2025-01-07 17:12:57 [Thread-1] INFO HikariDataSource - HikariPool-1 - Shutdown completed. (HikariDataSource.java:352)
2025-01-07 17:12:57 [restartedMain] INFO SOPConfigServiceApp - Starting SOPConfigServiceApp using Java 20 with PID 61252 (C:\Users\Ravi\spring_practice\sop\sop-config-service\target\classes started by Ravi in C:\Users\Ravi\spring_practice\sop\sop-config-service) (StartupInfoLogger.java:51)
2025-01-07 17:12:57 [restartedMain] INFO SOPConfigServiceApp - No active profile set, falling back to 1 default profile: "default" (SpringApplication.java:638)
2025-01-07 17:12:58 [restartedMain] INFO RepositoryConfigurationDelegate - Multiple Spring Data modules found, entering strict repository configuration mode (RepositoryConfigurationDelegate.java:291)
2025-01-07 17:12:58 [restartedMain] INFO RepositoryConfigurationDelegate - Bootstrapping Spring Data JDBC repositories in DEFAULT mode. (RepositoryConfigurationDelegate.java:138)
2025-01-07 17:12:58 [restartedMain] INFO RepositoryConfigurationExtensionSupport - Spring Data JDBC - Could not safely identify store assignment for repository candidate interface com.pawar.sop.config.repository.SopActionTypeRepository; If you want this repository to be a JDBC repository, consider annotating your entities with one of these annotations: org.springframework.data.relational.core.mapping.Table. (RepositoryConfigurationExtensionSupport.java:320)
2025-01-07 17:12:58 [restartedMain] INFO RepositoryConfigurationExtensionSupport - Spring Data JDBC - Could not safely identify store assignment for repository candidate interface com.pawar.sop.config.repository.SopEligibleLocationsRepository; If you want this repository to be a JDBC repository, consider annotating your entities with one of these annotations: org.springframework.data.relational.core.mapping.Table. (RepositoryConfigurationExtensionSupport.java:320)
2025-01-07 17:12:58 [restartedMain] INFO RepositoryConfigurationExtensionSupport - Spring Data JDBC - Could not safely identify store assignment for repository candidate interface com.pawar.sop.config.repository.SopLocationRangeRepository; If you want this repository to be a JDBC repository, consider annotating your entities with one of these annotations: org.springframework.data.relational.core.mapping.Table. (RepositoryConfigurationExtensionSupport.java:320)
2025-01-07 17:12:58 [restartedMain] INFO RepositoryConfigurationDelegate - Finished Spring Data repository scanning in 22 ms. Found 0 JDBC repository interfaces. (RepositoryConfigurationDelegate.java:208)
2025-01-07 17:12:58 [restartedMain] INFO RepositoryConfigurationDelegate - Multiple Spring Data modules found, entering strict repository configuration mode (RepositoryConfigurationDelegate.java:291)
2025-01-07 17:12:58 [restartedMain] INFO RepositoryConfigurationDelegate - Bootstrapping Spring Data JPA repositories in DEFAULT mode. (RepositoryConfigurationDelegate.java:138)
2025-01-07 17:12:58 [restartedMain] INFO RepositoryConfigurationDelegate - Finished Spring Data repository scanning in 30 ms. Found 3 JPA repository interfaces. (RepositoryConfigurationDelegate.java:208)
2025-01-07 17:12:58 [restartedMain] INFO TomcatWebServer - Tomcat initialized with port(s): 8089 (http) (TomcatWebServer.java:108)
2025-01-07 17:12:58 [restartedMain] INFO Http11NioProtocol - Initializing ProtocolHandler ["http-nio-8089"] (DirectJDKLog.java:173)
2025-01-07 17:12:58 [restartedMain] INFO StandardService - Starting service [Tomcat] (DirectJDKLog.java:173)
2025-01-07 17:12:58 [restartedMain] INFO StandardEngine - Starting Servlet engine: [Apache Tomcat/10.1.15] (DirectJDKLog.java:173)
2025-01-07 17:12:58 [restartedMain] INFO [/] - Initializing Spring embedded WebApplicationContext (DirectJDKLog.java:173)
2025-01-07 17:12:58 [restartedMain] INFO ServletWebServerApplicationContext - Root WebApplicationContext: initialization completed in 1142 ms (ServletWebServerApplicationContext.java:291)
2025-01-07 17:12:59 [restartedMain] INFO LogHelper - HHH000204: Processing PersistenceUnitInfo [name: default] (LogHelper.java:31)
2025-01-07 17:12:59 [restartedMain] INFO SpringPersistenceUnitInfo - No LoadTimeWeaver setup: ignoring JPA class transformer (SpringPersistenceUnitInfo.java:87)
2025-01-07 17:12:59 [restartedMain] INFO HikariDataSource - HikariPool-2 - Starting... (HikariDataSource.java:110)
2025-01-07 17:12:59 [restartedMain] INFO HikariPool - HikariPool-2 - Added connection com.mysql.cj.jdbc.ConnectionImpl@55445349 (HikariPool.java:565)
2025-01-07 17:12:59 [restartedMain] INFO HikariDataSource - HikariPool-2 - Start completed. (HikariDataSource.java:123)
2025-01-07 17:12:59 [restartedMain] INFO JtaPlatformInitiator - HHH000489: No JTA platform available (set 'hibernate.transaction.jta.platform' to enable JTA platform integration) (JtaPlatformInitiator.java:55)
2025-01-07 17:12:59 [restartedMain] INFO LocalContainerEntityManagerFactoryBean - Initialized JPA EntityManagerFactory for persistence unit 'default' (AbstractEntityManagerFactoryBean.java:437)
2025-01-07 17:12:59 [restartedMain] WARN JpaBaseConfiguration$JpaWebConfiguration - spring.jpa.open-in-view is enabled by default. Therefore, database queries may be performed during view rendering. Explicitly configure spring.jpa.open-in-view to disable this warning (JpaBaseConfiguration.java:231)
2025-01-07 17:12:59 [restartedMain] WARN OptionalLiveReloadServer - Unable to start LiveReload server (OptionalLiveReloadServer.java:62)
2025-01-07 17:12:59 [restartedMain] INFO Http11NioProtocol - Starting ProtocolHandler ["http-nio-8089"] (DirectJDKLog.java:173)
2025-01-07 17:12:59 [restartedMain] INFO TomcatWebServer - Tomcat started on port(s): 8089 (http) with context path '' (TomcatWebServer.java:220)
2025-01-07 17:12:59 [restartedMain] INFO SOPConfigServiceApp - Started SOPConfigServiceApp in 2.253 seconds (process running for 70840.542) (StartupInfoLogger.java:57)
2025-01-07 17:12:59 [restartedMain] INFO ConditionEvaluationDeltaLoggingListener - Condition evaluation unchanged (ConditionEvaluationDeltaLoggingListener.java:63)
2025-01-07 17:13:01 [File Watcher] INFO LocalDevToolsAutoConfiguration$RestartingClassPathChangeChangedEventListener - Restarting due to 19 class path changes (15 additions, 0 deletions, 4 modifications) (LocalDevToolsAutoConfiguration.java:211)
2025-01-07 17:13:01 [Thread-5] INFO Http11NioProtocol - Pausing ProtocolHandler ["http-nio-8089"] (DirectJDKLog.java:173)
2025-01-07 17:13:01 [Thread-5] INFO StandardService - Stopping service [Tomcat] (DirectJDKLog.java:173)
2025-01-07 17:13:01 [Thread-5] INFO Http11NioProtocol - Stopping ProtocolHandler ["http-nio-8089"] (DirectJDKLog.java:173)
2025-01-07 17:13:01 [Thread-5] INFO Http11NioProtocol - Destroying ProtocolHandler ["http-nio-8089"] (DirectJDKLog.java:173)
2025-01-07 17:13:01 [Thread-5] INFO LocalContainerEntityManagerFactoryBean - Closing JPA EntityManagerFactory for persistence unit 'default' (AbstractEntityManagerFactoryBean.java:650)
2025-01-07 17:13:01 [Thread-5] INFO HikariDataSource - HikariPool-2 - Shutdown initiated... (HikariDataSource.java:350)
2025-01-07 17:13:01 [Thread-5] INFO HikariDataSource - HikariPool-2 - Shutdown completed. (HikariDataSource.java:352)
2025-01-07 17:13:01 [restartedMain] INFO SOPConfigServiceApp - Starting SOPConfigServiceApp using Java 20 with PID 61252 (C:\Users\Ravi\spring_practice\sop\sop-config-service\target\classes started by Ravi in C:\Users\Ravi\spring_practice\sop\sop-config-service) (StartupInfoLogger.java:51)
2025-01-07 17:13:01 [restartedMain] INFO SOPConfigServiceApp - No active profile set, falling back to 1 default profile: "default" (SpringApplication.java:638)
2025-01-07 17:13:01 [restartedMain] INFO RepositoryConfigurationDelegate - Multiple Spring Data modules found, entering strict repository configuration mode (RepositoryConfigurationDelegate.java:291)
2025-01-07 17:13:01 [restartedMain] INFO RepositoryConfigurationDelegate - Bootstrapping Spring Data JDBC repositories in DEFAULT mode. (RepositoryConfigurationDelegate.java:138)
2025-01-07 17:13:01 [restartedMain] INFO RepositoryConfigurationExtensionSupport - Spring Data JDBC - Could not safely identify store assignment for repository candidate interface com.pawar.sop.config.repository.SopActionTypeRepository; If you want this repository to be a JDBC repository, consider annotating your entities with one of these annotations: org.springframework.data.relational.core.mapping.Table. (RepositoryConfigurationExtensionSupport.java:320)
2025-01-07 17:13:01 [restartedMain] INFO RepositoryConfigurationExtensionSupport - Spring Data JDBC - Could not safely identify store assignment for repository candidate interface com.pawar.sop.config.repository.SopEligibleLocationsRepository; If you want this repository to be a JDBC repository, consider annotating your entities with one of these annotations: org.springframework.data.relational.core.mapping.Table. (RepositoryConfigurationExtensionSupport.java:320)
2025-01-07 17:13:01 [restartedMain] INFO RepositoryConfigurationExtensionSupport - Spring Data JDBC - Could not safely identify store assignment for repository candidate interface com.pawar.sop.config.repository.SopLocationRangeRepository; If you want this repository to be a JDBC repository, consider annotating your entities with one of these annotations: org.springframework.data.relational.core.mapping.Table. (RepositoryConfigurationExtensionSupport.java:320)
2025-01-07 17:13:01 [restartedMain] INFO RepositoryConfigurationDelegate - Finished Spring Data repository scanning in 15 ms. Found 0 JDBC repository interfaces. (RepositoryConfigurationDelegate.java:208)
2025-01-07 17:13:01 [restartedMain] INFO RepositoryConfigurationDelegate - Multiple Spring Data modules found, entering strict repository configuration mode (RepositoryConfigurationDelegate.java:291)
2025-01-07 17:13:01 [restartedMain] INFO RepositoryConfigurationDelegate - Bootstrapping Spring Data JPA repositories in DEFAULT mode. (RepositoryConfigurationDelegate.java:138)
2025-01-07 17:13:01 [restartedMain] INFO RepositoryConfigurationDelegate - Finished Spring Data repository scanning in 16 ms. Found 3 JPA repository interfaces. (RepositoryConfigurationDelegate.java:208)
2025-01-07 17:13:02 [restartedMain] INFO TomcatWebServer - Tomcat initialized with port(s): 8089 (http) (TomcatWebServer.java:108)
2025-01-07 17:13:02 [restartedMain] INFO Http11NioProtocol - Initializing ProtocolHandler ["http-nio-8089"] (DirectJDKLog.java:173)
2025-01-07 17:13:02 [restartedMain] INFO StandardService - Starting service [Tomcat] (DirectJDKLog.java:173)
2025-01-07 17:13:02 [restartedMain] INFO StandardEngine - Starting Servlet engine: [Apache Tomcat/10.1.15] (DirectJDKLog.java:173)
2025-01-07 17:13:02 [restartedMain] INFO [/] - Initializing Spring embedded WebApplicationContext (DirectJDKLog.java:173)
2025-01-07 17:13:02 [restartedMain] INFO ServletWebServerApplicationContext - Root WebApplicationContext: initialization completed in 508 ms (ServletWebServerApplicationContext.java:291)
2025-01-07 17:13:02 [restartedMain] INFO LogHelper - HHH000204: Processing PersistenceUnitInfo [name: default] (LogHelper.java:31)
2025-01-07 17:13:02 [restartedMain] INFO SpringPersistenceUnitInfo - No LoadTimeWeaver setup: ignoring JPA class transformer (SpringPersistenceUnitInfo.java:87)
2025-01-07 17:13:02 [restartedMain] INFO HikariDataSource - HikariPool-3 - Starting... (HikariDataSource.java:110)
2025-01-07 17:13:02 [restartedMain] INFO HikariPool - HikariPool-3 - Added connection com.mysql.cj.jdbc.ConnectionImpl@516351ae (HikariPool.java:565)
2025-01-07 17:13:02 [restartedMain] INFO HikariDataSource - HikariPool-3 - Start completed. (HikariDataSource.java:123)
2025-01-07 17:13:02 [restartedMain] INFO JtaPlatformInitiator - HHH000489: No JTA platform available (set 'hibernate.transaction.jta.platform' to enable JTA platform integration) (JtaPlatformInitiator.java:55)
2025-01-07 17:13:02 [restartedMain] INFO LocalContainerEntityManagerFactoryBean - Initialized JPA EntityManagerFactory for persistence unit 'default' (AbstractEntityManagerFactoryBean.java:437)
2025-01-07 17:13:02 [restartedMain] WARN JpaBaseConfiguration$JpaWebConfiguration - spring.jpa.open-in-view is enabled by default. Therefore, database queries may be performed during view rendering. Explicitly configure spring.jpa.open-in-view to disable this warning (JpaBaseConfiguration.java:231)
2025-01-07 17:13:02 [restartedMain] WARN OptionalLiveReloadServer - Unable to start LiveReload server (OptionalLiveReloadServer.java:62)
2025-01-07 17:13:02 [restartedMain] INFO Http11NioProtocol - Starting ProtocolHandler ["http-nio-8089"] (DirectJDKLog.java:173)
2025-01-07 17:13:02 [restartedMain] INFO TomcatWebServer - Tomcat started on port(s): 8089 (http) with context path '' (TomcatWebServer.java:220)
2025-01-07 17:13:02 [restartedMain] INFO SOPConfigServiceApp - Started SOPConfigServiceApp in 1.159 seconds (process running for 70843.284) (StartupInfoLogger.java:57)
2025-01-07 17:13:02 [restartedMain] INFO ConditionEvaluationDeltaLoggingListener - Condition evaluation unchanged (ConditionEvaluationDeltaLoggingListener.java:63)
2025-01-07 17:47:18 [HikariPool-3 housekeeper] WARN HikariPool - HikariPool-3 - Thread starvation or clock leap detected (housekeeper delta=45s287ms556µs). (HikariPool.java:804)
2025-01-07 18:18:21 [File Watcher] INFO LocalDevToolsAutoConfiguration$RestartingClassPathChangeChangedEventListener - Restarting due to 1 class path change (1 addition, 0 deletions, 0 modifications) (LocalDevToolsAutoConfiguration.java:211)
2025-01-07 18:18:21 [Thread-9] INFO Http11NioProtocol - Pausing ProtocolHandler ["http-nio-8089"] (DirectJDKLog.java:173)
2025-01-07 18:18:21 [Thread-9] INFO StandardService - Stopping service [Tomcat] (DirectJDKLog.java:173)
2025-01-07 18:18:21 [Thread-9] INFO Http11NioProtocol - Stopping ProtocolHandler ["http-nio-8089"] (DirectJDKLog.java:173)
2025-01-07 18:18:21 [Thread-9] INFO Http11NioProtocol - Destroying ProtocolHandler ["http-nio-8089"] (DirectJDKLog.java:173)
2025-01-07 18:18:21 [Thread-9] INFO LocalContainerEntityManagerFactoryBean - Closing JPA EntityManagerFactory for persistence unit 'default' (AbstractEntityManagerFactoryBean.java:650)
2025-01-07 18:18:21 [Thread-9] INFO HikariDataSource - HikariPool-3 - Shutdown initiated... (HikariDataSource.java:350)
2025-01-07 18:18:21 [Thread-9] INFO HikariDataSource - HikariPool-3 - Shutdown completed. (HikariDataSource.java:352)
2025-01-07 18:18:21 [restartedMain] INFO SOPConfigServiceApp - Starting SOPConfigServiceApp using Java 20 with PID 61252 (C:\Users\Ravi\spring_practice\sop\sop-config-service\target\classes started by Ravi in C:\Users\Ravi\spring_practice\sop\sop-config-service) (StartupInfoLogger.java:51)
2025-01-07 18:18:21 [restartedMain] INFO SOPConfigServiceApp - No active profile set, falling back to 1 default profile: "default" (SpringApplication.java:638)
2025-01-07 18:18:21 [restartedMain] INFO RepositoryConfigurationDelegate - Multiple Spring Data modules found, entering strict repository configuration mode (RepositoryConfigurationDelegate.java:291)
2025-01-07 18:18:21 [restartedMain] INFO RepositoryConfigurationDelegate - Bootstrapping Spring Data JDBC repositories in DEFAULT mode. (RepositoryConfigurationDelegate.java:138)
2025-01-07 18:18:21 [restartedMain] INFO RepositoryConfigurationExtensionSupport - Spring Data JDBC - Could not safely identify store assignment for repository candidate interface com.pawar.sop.config.repository.SopActionTypeRepository; If you want this repository to be a JDBC repository, consider annotating your entities with one of these annotations: org.springframework.data.relational.core.mapping.Table. (RepositoryConfigurationExtensionSupport.java:320)
2025-01-07 18:18:21 [restartedMain] INFO RepositoryConfigurationExtensionSupport - Spring Data JDBC - Could not safely identify store assignment for repository candidate interface com.pawar.sop.config.repository.SopEligibleLocationsRepository; If you want this repository to be a JDBC repository, consider annotating your entities with one of these annotations: org.springframework.data.relational.core.mapping.Table. (RepositoryConfigurationExtensionSupport.java:320)
2025-01-07 18:18:21 [restartedMain] INFO RepositoryConfigurationExtensionSupport - Spring Data JDBC - Could not safely identify store assignment for repository candidate interface com.pawar.sop.config.repository.SopLocationRangeRepository; If you want this repository to be a JDBC repository, consider annotating your entities with one of these annotations: org.springframework.data.relational.core.mapping.Table. (RepositoryConfigurationExtensionSupport.java:320)
2025-01-07 18:18:21 [restartedMain] INFO RepositoryConfigurationDelegate - Finished Spring Data repository scanning in 14 ms. Found 0 JDBC repository interfaces. (RepositoryConfigurationDelegate.java:208)
2025-01-07 18:18:21 [restartedMain] INFO RepositoryConfigurationDelegate - Multiple Spring Data modules found, entering strict repository configuration mode (RepositoryConfigurationDelegate.java:291)
2025-01-07 18:18:21 [restartedMain] INFO RepositoryConfigurationDelegate - Bootstrapping Spring Data JPA repositories in DEFAULT mode. (RepositoryConfigurationDelegate.java:138)
2025-01-07 18:18:21 [restartedMain] INFO RepositoryConfigurationDelegate - Finished Spring Data repository scanning in 16 ms. Found 3 JPA repository interfaces. (RepositoryConfigurationDelegate.java:208)
2025-01-07 18:18:22 [restartedMain] INFO TomcatWebServer - Tomcat initialized with port(s): 8089 (http) (TomcatWebServer.java:108)
2025-01-07 18:18:22 [restartedMain] INFO Http11NioProtocol - Initializing ProtocolHandler ["http-nio-8089"] (DirectJDKLog.java:173)
2025-01-07 18:18:22 [restartedMain] INFO StandardService - Starting service [Tomcat] (DirectJDKLog.java:173)
2025-01-07 18:18:22 [restartedMain] INFO StandardEngine - Starting Servlet engine: [Apache Tomcat/10.1.15] (DirectJDKLog.java:173)
2025-01-07 18:18:22 [restartedMain] INFO [/] - Initializing Spring embedded WebApplicationContext (DirectJDKLog.java:173)
2025-01-07 18:18:22 [restartedMain] INFO ServletWebServerApplicationContext - Root WebApplicationContext: initialization completed in 581 ms (ServletWebServerApplicationContext.java:291)
2025-01-07 18:18:22 [restartedMain] INFO LogHelper - HHH000204: Processing PersistenceUnitInfo [name: default] (LogHelper.java:31)
2025-01-07 18:18:22 [restartedMain] INFO SpringPersistenceUnitInfo - No LoadTimeWeaver setup: ignoring JPA class transformer (SpringPersistenceUnitInfo.java:87)
2025-01-07 18:18:22 [restartedMain] INFO HikariDataSource - HikariPool-4 - Starting... (HikariDataSource.java:110)
2025-01-07 18:18:22 [restartedMain] INFO HikariPool - HikariPool-4 - Added connection com.mysql.cj.jdbc.ConnectionImpl@1f45b513 (HikariPool.java:565)
2025-01-07 18:18:22 [restartedMain] INFO HikariDataSource - HikariPool-4 - Start completed. (HikariDataSource.java:123)
2025-01-07 18:18:22 [restartedMain] INFO JtaPlatformInitiator - HHH000489: No JTA platform available (set 'hibernate.transaction.jta.platform' to enable JTA platform integration) (JtaPlatformInitiator.java:55)
2025-01-07 18:18:22 [restartedMain] INFO LocalContainerEntityManagerFactoryBean - Initialized JPA EntityManagerFactory for persistence unit 'default' (AbstractEntityManagerFactoryBean.java:437)
2025-01-07 18:18:22 [restartedMain] WARN JpaBaseConfiguration$JpaWebConfiguration - spring.jpa.open-in-view is enabled by default. Therefore, database queries may be performed during view rendering. Explicitly configure spring.jpa.open-in-view to disable this warning (JpaBaseConfiguration.java:231)
2025-01-07 18:18:23 [restartedMain] WARN OptionalLiveReloadServer - Unable to start LiveReload server (OptionalLiveReloadServer.java:62)
2025-01-07 18:18:23 [restartedMain] INFO Http11NioProtocol - Starting ProtocolHandler ["http-nio-8089"] (DirectJDKLog.java:173)
2025-01-07 18:18:23 [restartedMain] INFO TomcatWebServer - Tomcat started on port(s): 8089 (http) with context path '' (TomcatWebServer.java:220)
2025-01-07 18:18:23 [restartedMain] INFO SOPConfigServiceApp - Started SOPConfigServiceApp in 1.912 seconds (process running for 74764.033) (StartupInfoLogger.java:57)
2025-01-07 18:18:23 [restartedMain] INFO ConditionEvaluationDeltaLoggingListener - Condition evaluation unchanged (ConditionEvaluationDeltaLoggingListener.java:63)
2025-01-07 18:18:39 [File Watcher] INFO LocalDevToolsAutoConfiguration$RestartingClassPathChangeChangedEventListener - Restarting due to 24 class path changes (2 additions, 0 deletions, 22 modifications) (LocalDevToolsAutoConfiguration.java:211)
2025-01-07 18:18:39 [Thread-13] INFO Http11NioProtocol - Pausing ProtocolHandler ["http-nio-8089"] (DirectJDKLog.java:173)
2025-01-07 18:18:39 [Thread-13] INFO StandardService - Stopping service [Tomcat] (DirectJDKLog.java:173)
2025-01-07 18:18:39 [Thread-13] INFO Http11NioProtocol - Stopping ProtocolHandler ["http-nio-8089"] (DirectJDKLog.java:173)
2025-01-07 18:18:39 [Thread-13] INFO Http11NioProtocol - Destroying ProtocolHandler ["http-nio-8089"] (DirectJDKLog.java:173)
2025-01-07 18:18:39 [Thread-13] INFO LocalContainerEntityManagerFactoryBean - Closing JPA EntityManagerFactory for persistence unit 'default' (AbstractEntityManagerFactoryBean.java:650)
2025-01-07 18:18:39 [Thread-13] INFO HikariDataSource - HikariPool-4 - Shutdown initiated... (HikariDataSource.java:350)
2025-01-07 18:18:39 [Thread-13] INFO HikariDataSource - HikariPool-4 - Shutdown completed. (HikariDataSource.java:352)
2025-01-07 18:18:39 [restartedMain] INFO SOPConfigServiceApp - Starting SOPConfigServiceApp using Java 20 with PID 61252 (C:\Users\Ravi\spring_practice\sop\sop-config-service\target\classes started by Ravi in C:\Users\Ravi\spring_practice\sop\sop-config-service) (StartupInfoLogger.java:51)
2025-01-07 18:18:39 [restartedMain] INFO SOPConfigServiceApp - No active profile set, falling back to 1 default profile: "default" (SpringApplication.java:638)
2025-01-07 18:18:40 [restartedMain] INFO RepositoryConfigurationDelegate - Multiple Spring Data modules found, entering strict repository configuration mode (RepositoryConfigurationDelegate.java:291)
2025-01-07 18:18:40 [restartedMain] INFO RepositoryConfigurationDelegate - Bootstrapping Spring Data JDBC repositories in DEFAULT mode. (RepositoryConfigurationDelegate.java:138)
2025-01-07 18:18:40 [restartedMain] INFO RepositoryConfigurationExtensionSupport - Spring Data JDBC - Could not safely identify store assignment for repository candidate interface com.pawar.sop.config.repository.SopActionTypeRepository; If you want this repository to be a JDBC repository, consider annotating your entities with one of these annotations: org.springframework.data.relational.core.mapping.Table. (RepositoryConfigurationExtensionSupport.java:320)
2025-01-07 18:18:40 [restartedMain] INFO RepositoryConfigurationExtensionSupport - Spring Data JDBC - Could not safely identify store assignment for repository candidate interface com.pawar.sop.config.repository.SopEligibleLocationsRepository; If you want this repository to be a JDBC repository, consider annotating your entities with one of these annotations: org.springframework.data.relational.core.mapping.Table. (RepositoryConfigurationExtensionSupport.java:320)
2025-01-07 18:18:40 [restartedMain] INFO RepositoryConfigurationExtensionSupport - Spring Data JDBC - Could not safely identify store assignment for repository candidate interface com.pawar.sop.config.repository.SopLocationRangeRepository; If you want this repository to be a JDBC repository, consider annotating your entities with one of these annotations: org.springframework.data.relational.core.mapping.Table. (RepositoryConfigurationExtensionSupport.java:320)
2025-01-07 18:18:40 [restartedMain] INFO RepositoryConfigurationDelegate - Finished Spring Data repository scanning in 170 ms. Found 0 JDBC repository interfaces. (RepositoryConfigurationDelegate.java:208)
2025-01-07 18:18:40 [restartedMain] INFO RepositoryConfigurationDelegate - Multiple Spring Data modules found, entering strict repository configuration mode (RepositoryConfigurationDelegate.java:291)
2025-01-07 18:18:40 [restartedMain] INFO RepositoryConfigurationDelegate - Bootstrapping Spring Data JPA repositories in DEFAULT mode. (RepositoryConfigurationDelegate.java:138)
2025-01-07 18:18:40 [restartedMain] INFO RepositoryConfigurationDelegate - Finished Spring Data repository scanning in 80 ms. Found 3 JPA repository interfaces. (RepositoryConfigurationDelegate.java:208)
2025-01-07 18:18:41 [restartedMain] INFO TomcatWebServer - Tomcat initialized with port(s): 8089 (http) (TomcatWebServer.java:108)
2025-01-07 18:18:41 [restartedMain] INFO Http11NioProtocol - Initializing ProtocolHandler ["http-nio-8089"] (DirectJDKLog.java:173)
2025-01-07 18:18:41 [restartedMain] INFO StandardService - Starting service [Tomcat] (DirectJDKLog.java:173)
2025-01-07 18:18:41 [restartedMain] INFO StandardEngine - Starting Servlet engine: [Apache Tomcat/10.1.15] (DirectJDKLog.java:173)
2025-01-07 18:18:41 [restartedMain] INFO [/] - Initializing Spring embedded WebApplicationContext (DirectJDKLog.java:173)
2025-01-07 18:18:41 [restartedMain] INFO ServletWebServerApplicationContext - Root WebApplicationContext: initialization completed in 1338 ms (ServletWebServerApplicationContext.java:291)
2025-01-07 18:18:41 [restartedMain] INFO LogHelper - HHH000204: Processing PersistenceUnitInfo [name: default] (LogHelper.java:31)
2025-01-07 18:18:41 [restartedMain] INFO SpringPersistenceUnitInfo - No LoadTimeWeaver setup: ignoring JPA class transformer (SpringPersistenceUnitInfo.java:87)
2025-01-07 18:18:41 [restartedMain] INFO HikariDataSource - HikariPool-5 - Starting... (HikariDataSource.java:110)
2025-01-07 18:18:41 [restartedMain] INFO HikariPool - HikariPool-5 - Added connection com.mysql.cj.jdbc.ConnectionImpl@1e78dd07 (HikariPool.java:565)
2025-01-07 18:18:41 [restartedMain] INFO HikariDataSource - HikariPool-5 - Start completed. (HikariDataSource.java:123)
2025-01-07 18:18:41 [restartedMain] INFO JtaPlatformInitiator - HHH000489: No JTA platform available (set 'hibernate.transaction.jta.platform' to enable JTA platform integration) (JtaPlatformInitiator.java:55)
2025-01-07 18:18:41 [restartedMain] INFO LocalContainerEntityManagerFactoryBean - Initialized JPA EntityManagerFactory for persistence unit 'default' (AbstractEntityManagerFactoryBean.java:437)
2025-01-07 18:18:42 [restartedMain] WARN JpaBaseConfiguration$JpaWebConfiguration - spring.jpa.open-in-view is enabled by default. Therefore, database queries may be performed during view rendering. Explicitly configure spring.jpa.open-in-view to disable this warning (JpaBaseConfiguration.java:231)
2025-01-07 18:18:42 [restartedMain] WARN OptionalLiveReloadServer - Unable to start LiveReload server (OptionalLiveReloadServer.java:62)
2025-01-07 18:18:42 [restartedMain] INFO Http11NioProtocol - Starting ProtocolHandler ["http-nio-8089"] (DirectJDKLog.java:173)
2025-01-07 18:18:42 [restartedMain] INFO TomcatWebServer - Tomcat started on port(s): 8089 (http) with context path '' (TomcatWebServer.java:220)
2025-01-07 18:18:42 [restartedMain] INFO SOPConfigServiceApp - Started SOPConfigServiceApp in 2.817 seconds (process running for 74783.125) (StartupInfoLogger.java:57)
2025-01-07 18:18:42 [restartedMain] INFO ConditionEvaluationDeltaLoggingListener - Condition evaluation unchanged (ConditionEvaluationDeltaLoggingListener.java:63)
2025-01-07 18:18:43 [File Watcher] INFO LocalDevToolsAutoConfiguration$RestartingClassPathChangeChangedEventListener - Restarting due to 1 class path change (0 additions, 0 deletions, 1 modification) (LocalDevToolsAutoConfiguration.java:211)
2025-01-07 18:18:43 [Thread-17] INFO Http11NioProtocol - Pausing ProtocolHandler ["http-nio-8089"] (DirectJDKLog.java:173)
2025-01-07 18:18:43 [Thread-17] INFO StandardService - Stopping service [Tomcat] (DirectJDKLog.java:173)
2025-01-07 18:18:43 [Thread-17] INFO Http11NioProtocol - Stopping ProtocolHandler ["http-nio-8089"] (DirectJDKLog.java:173)
2025-01-07 18:18:43 [Thread-17] INFO Http11NioProtocol - Destroying ProtocolHandler ["http-nio-8089"] (DirectJDKLog.java:173)
2025-01-07 18:18:43 [Thread-17] INFO LocalContainerEntityManagerFactoryBean - Closing JPA EntityManagerFactory for persistence unit 'default' (AbstractEntityManagerFactoryBean.java:650)
2025-01-07 18:18:43 [Thread-17] INFO HikariDataSource - HikariPool-5 - Shutdown initiated... (HikariDataSource.java:350)
2025-01-07 18:18:44 [Thread-17] INFO HikariDataSource - HikariPool-5 - Shutdown completed. (HikariDataSource.java:352)
2025-01-07 18:18:44 [restartedMain] INFO SOPConfigServiceApp - Starting SOPConfigServiceApp using Java 20 with PID 61252 (C:\Users\Ravi\spring_practice\sop\sop-config-service\target\classes started by Ravi in C:\Users\Ravi\spring_practice\sop\sop-config-service) (StartupInfoLogger.java:51)
2025-01-07 18:18:44 [restartedMain] INFO SOPConfigServiceApp - No active profile set, falling back to 1 default profile: "default" (SpringApplication.java:638)
2025-01-07 18:18:44 [restartedMain] INFO RepositoryConfigurationDelegate - Multiple Spring Data modules found, entering strict repository configuration mode (RepositoryConfigurationDelegate.java:291)
2025-01-07 18:18:44 [restartedMain] INFO RepositoryConfigurationDelegate - Bootstrapping Spring Data JDBC repositories in DEFAULT mode. (RepositoryConfigurationDelegate.java:138)
2025-01-07 18:18:44 [restartedMain] INFO RepositoryConfigurationExtensionSupport - Spring Data JDBC - Could not safely identify store assignment for repository candidate interface com.pawar.sop.config.repository.SopActionTypeRepository; If you want this repository to be a JDBC repository, consider annotating your entities with one of these annotations: org.springframework.data.relational.core.mapping.Table. (RepositoryConfigurationExtensionSupport.java:320)
2025-01-07 18:18:44 [restartedMain] INFO RepositoryConfigurationExtensionSupport - Spring Data JDBC - Could not safely identify store assignment for repository candidate interface com.pawar.sop.config.repository.SopEligibleLocationsRepository; If you want this repository to be a JDBC repository, consider annotating your entities with one of these annotations: org.springframework.data.relational.core.mapping.Table. (RepositoryConfigurationExtensionSupport.java:320)
2025-01-07 18:18:44 [restartedMain] INFO RepositoryConfigurationExtensionSupport - Spring Data JDBC - Could not safely identify store assignment for repository candidate interface com.pawar.sop.config.repository.SopLocationRangeRepository; If you want this repository to be a JDBC repository, consider annotating your entities with one of these annotations: org.springframework.data.relational.core.mapping.Table. (RepositoryConfigurationExtensionSupport.java:320)
2025-01-07 18:18:44 [restartedMain] INFO RepositoryConfigurationDelegate - Finished Spring Data repository scanning in 32 ms. Found 0 JDBC repository interfaces. (RepositoryConfigurationDelegate.java:208)
2025-01-07 18:18:44 [restartedMain] INFO RepositoryConfigurationDelegate - Multiple Spring Data modules found, entering strict repository configuration mode (RepositoryConfigurationDelegate.java:291)
2025-01-07 18:18:44 [restartedMain] INFO RepositoryConfigurationDelegate - Bootstrapping Spring Data JPA repositories in DEFAULT mode. (RepositoryConfigurationDelegate.java:138)
2025-01-07 18:18:44 [restartedMain] INFO RepositoryConfigurationDelegate - Finished Spring Data repository scanning in 43 ms. Found 3 JPA repository interfaces. (RepositoryConfigurationDelegate.java:208)
2025-01-07 18:18:45 [restartedMain] INFO TomcatWebServer - Tomcat initialized with port(s): 8089 (http) (TomcatWebServer.java:108)
2025-01-07 18:18:45 [restartedMain] INFO Http11NioProtocol - Initializing ProtocolHandler ["http-nio-8089"] (DirectJDKLog.java:173)
2025-01-07 18:18:45 [restartedMain] INFO StandardService - Starting service [Tomcat] (DirectJDKLog.java:173)
2025-01-07 18:18:45 [restartedMain] INFO StandardEngine - Starting Servlet engine: [Apache Tomcat/10.1.15] (DirectJDKLog.java:173)
2025-01-07 18:18:45 [restartedMain] INFO [/] - Initializing Spring embedded WebApplicationContext (DirectJDKLog.java:173)
2025-01-07 18:18:45 [restartedMain] INFO ServletWebServerApplicationContext - Root WebApplicationContext: initialization completed in 1068 ms (ServletWebServerApplicationContext.java:291)
2025-01-07 18:18:45 [restartedMain] INFO LogHelper - HHH000204: Processing PersistenceUnitInfo [name: default] (LogHelper.java:31)
2025-01-07 18:18:45 [restartedMain] INFO SpringPersistenceUnitInfo - No LoadTimeWeaver setup: ignoring JPA class transformer (SpringPersistenceUnitInfo.java:87)
2025-01-07 18:18:45 [restartedMain] INFO HikariDataSource - HikariPool-6 - Starting... (HikariDataSource.java:110)
2025-01-07 18:18:45 [restartedMain] INFO HikariPool - HikariPool-6 - Added connection com.mysql.cj.jdbc.ConnectionImpl@155ff004 (HikariPool.java:565)
2025-01-07 18:18:45 [restartedMain] INFO HikariDataSource - HikariPool-6 - Start completed. (HikariDataSource.java:123)
2025-01-07 18:18:45 [restartedMain] INFO JtaPlatformInitiator - HHH000489: No JTA platform available (set 'hibernate.transaction.jta.platform' to enable JTA platform integration) (JtaPlatformInitiator.java:55)
2025-01-07 18:18:45 [restartedMain] INFO LocalContainerEntityManagerFactoryBean - Initialized JPA EntityManagerFactory for persistence unit 'default' (AbstractEntityManagerFactoryBean.java:437)
2025-01-07 18:18:46 [restartedMain] WARN JpaBaseConfiguration$JpaWebConfiguration - spring.jpa.open-in-view is enabled by default. Therefore, database queries may be performed during view rendering. Explicitly configure spring.jpa.open-in-view to disable this warning (JpaBaseConfiguration.java:231)
2025-01-07 18:18:46 [restartedMain] WARN OptionalLiveReloadServer - Unable to start LiveReload server (OptionalLiveReloadServer.java:62)
2025-01-07 18:18:46 [restartedMain] INFO Http11NioProtocol - Starting ProtocolHandler ["http-nio-8089"] (DirectJDKLog.java:173)
2025-01-07 18:18:46 [restartedMain] INFO TomcatWebServer - Tomcat started on port(s): 8089 (http) with context path '' (TomcatWebServer.java:220)
2025-01-07 18:18:46 [restartedMain] INFO SOPConfigServiceApp - Started SOPConfigServiceApp in 2.398 seconds (process running for 74787.143) (StartupInfoLogger.java:57)
2025-01-07 18:18:46 [restartedMain] INFO ConditionEvaluationDeltaLoggingListener - Condition evaluation unchanged (ConditionEvaluationDeltaLoggingListener.java:63)
2025-01-07 18:18:48 [RMI TCP Connection(112)-127.0.0.1] INFO SpringApplicationAdminMXBeanRegistrar$SpringApplicationAdmin - Application shutdown requested. (SpringApplicationAdminMXBeanRegistrar.java:159)
2025-01-07 18:18:48 [RMI TCP Connection(112)-127.0.0.1] INFO Http11NioProtocol - Pausing ProtocolHandler ["http-nio-8089"] (DirectJDKLog.java:173)
2025-01-07 18:18:48 [RMI TCP Connection(112)-127.0.0.1] INFO StandardService - Stopping service [Tomcat] (DirectJDKLog.java:173)
2025-01-07 18:18:48 [RMI TCP Connection(112)-127.0.0.1] INFO Http11NioProtocol - Stopping ProtocolHandler ["http-nio-8089"] (DirectJDKLog.java:173)
2025-01-07 18:18:48 [RMI TCP Connection(112)-127.0.0.1] INFO Http11NioProtocol - Destroying ProtocolHandler ["http-nio-8089"] (DirectJDKLog.java:173)
2025-01-07 18:18:48 [RMI TCP Connection(112)-127.0.0.1] INFO LocalContainerEntityManagerFactoryBean - Closing JPA EntityManagerFactory for persistence unit 'default' (AbstractEntityManagerFactoryBean.java:650)
2025-01-07 18:18:48 [RMI TCP Connection(112)-127.0.0.1] INFO HikariDataSource - HikariPool-6 - Shutdown initiated... (HikariDataSource.java:350)
2025-01-07 18:18:48 [RMI TCP Connection(112)-127.0.0.1] INFO HikariDataSource - HikariPool-6 - Shutdown completed. (HikariDataSource.java:352)
2025-01-07 23:52:19 [restartedMain] INFO SOPConfigServiceApp - Starting SOPConfigServiceApp using Java 20 with PID 65424 (C:\Users\Ravi\spring_practice\sop\sop-config-service\target\classes started by Ravi in C:\Users\Ravi\spring_practice\sop\sop-config-service) (StartupInfoLogger.java:51)
2025-01-07 23:52:19 [restartedMain] INFO SOPConfigServiceApp - No active profile set, falling back to 1 default profile: "default" (SpringApplication.java:638)
2025-01-07 23:52:19 [restartedMain] INFO DevToolsPropertyDefaultsPostProcessor - Devtools property defaults active! Set 'spring.devtools.add-properties' to 'false' to disable (DeferredLog.java:250)
2025-01-07 23:52:19 [restartedMain] INFO DevToolsPropertyDefaultsPostProcessor - For additional web related logging consider setting the 'logging.level.web' property to 'DEBUG' (DeferredLog.java:250)
2025-01-07 23:52:20 [restartedMain] INFO RepositoryConfigurationDelegate - Multiple Spring Data modules found, entering strict repository configuration mode (RepositoryConfigurationDelegate.java:291)
2025-01-07 23:52:20 [restartedMain] INFO RepositoryConfigurationDelegate - Bootstrapping Spring Data JDBC repositories in DEFAULT mode. (RepositoryConfigurationDelegate.java:138)
2025-01-07 23:52:20 [restartedMain] INFO RepositoryConfigurationExtensionSupport - Spring Data JDBC - Could not safely identify store assignment for repository candidate interface com.pawar.sop.config.repository.SopActionTypeRepository; If you want this repository to be a JDBC repository, consider annotating your entities with one of these annotations: org.springframework.data.relational.core.mapping.Table. (RepositoryConfigurationExtensionSupport.java:320)
2025-01-07 23:52:20 [restartedMain] INFO RepositoryConfigurationExtensionSupport - Spring Data JDBC - Could not safely identify store assignment for repository candidate interface com.pawar.sop.config.repository.SopEligibleLocationsRepository; If you want this repository to be a JDBC repository, consider annotating your entities with one of these annotations: org.springframework.data.relational.core.mapping.Table. (RepositoryConfigurationExtensionSupport.java:320)
2025-01-07 23:52:20 [restartedMain] INFO RepositoryConfigurationExtensionSupport - Spring Data JDBC - Could not safely identify store assignment for repository candidate interface com.pawar.sop.config.repository.SopLocationRangeRepository; If you want this repository to be a JDBC repository, consider annotating your entities with one of these annotations: org.springframework.data.relational.core.mapping.Table. (RepositoryConfigurationExtensionSupport.java:320)
2025-01-07 23:52:20 [restartedMain] INFO RepositoryConfigurationDelegate - Finished Spring Data repository scanning in 53 ms. Found 0 JDBC repository interfaces. (RepositoryConfigurationDelegate.java:208)
2025-01-07 23:52:20 [restartedMain] INFO RepositoryConfigurationDelegate - Multiple Spring Data modules found, entering strict repository configuration mode (RepositoryConfigurationDelegate.java:291)
2025-01-07 23:52:20 [restartedMain] INFO RepositoryConfigurationDelegate - Bootstrapping Spring Data JPA repositories in DEFAULT mode. (RepositoryConfigurationDelegate.java:138)
2025-01-07 23:52:20 [restartedMain] INFO RepositoryConfigurationDelegate - Finished Spring Data repository scanning in 52 ms. Found 3 JPA repository interfaces. (RepositoryConfigurationDelegate.java:208)
2025-01-07 23:52:21 [restartedMain] INFO TomcatWebServer - Tomcat initialized with port(s): 8089 (http) (TomcatWebServer.java:108)
2025-01-07 23:52:21 [restartedMain] INFO Http11NioProtocol - Initializing ProtocolHandler ["http-nio-8089"] (DirectJDKLog.java:173)
2025-01-07 23:52:21 [restartedMain] INFO StandardService - Starting service [Tomcat] (DirectJDKLog.java:173)
2025-01-07 23:52:21 [restartedMain] INFO StandardEngine - Starting Servlet engine: [Apache Tomcat/10.1.15] (DirectJDKLog.java:173)
2025-01-07 23:52:21 [restartedMain] INFO [/] - Initializing Spring embedded WebApplicationContext (DirectJDKLog.java:173)
2025-01-07 23:52:21 [restartedMain] INFO ServletWebServerApplicationContext - Root WebApplicationContext: initialization completed in 2174 ms (ServletWebServerApplicationContext.java:291)
2025-01-07 23:52:21 [restartedMain] INFO LogHelper - HHH000204: Processing PersistenceUnitInfo [name: default] (LogHelper.java:31)
2025-01-07 23:52:21 [restartedMain] INFO Version - HHH000412: Hibernate ORM core version 6.2.13.Final (Version.java:44)
2025-01-07 23:52:21 [restartedMain] INFO Environment - HHH000406: Using bytecode reflection optimizer (Environment.java:191)
2025-01-07 23:52:22 [restartedMain] INFO SpringPersistenceUnitInfo - No LoadTimeWeaver setup: ignoring JPA class transformer (SpringPersistenceUnitInfo.java:87)
2025-01-07 23:52:22 [restartedMain] INFO HikariDataSource - HikariPool-1 - Starting... (HikariDataSource.java:110)
2025-01-07 23:52:22 [restartedMain] INFO HikariPool - HikariPool-1 - Added connection com.mysql.cj.jdbc.ConnectionImpl@41f6d24a (HikariPool.java:565)
2025-01-07 23:52:22 [restartedMain] INFO HikariDataSource - HikariPool-1 - Start completed. (HikariDataSource.java:123)
2025-01-07 23:52:24 [restartedMain] INFO JtaPlatformInitiator - HHH000489: No JTA platform available (set 'hibernate.transaction.jta.platform' to enable JTA platform integration) (JtaPlatformInitiator.java:55)
2025-01-07 23:52:24 [restartedMain] INFO LocalContainerEntityManagerFactoryBean - Initialized JPA EntityManagerFactory for persistence unit 'default' (AbstractEntityManagerFactoryBean.java:437)
2025-01-07 23:52:25 [restartedMain] WARN JpaBaseConfiguration$JpaWebConfiguration - spring.jpa.open-in-view is enabled by default. Therefore, database queries may be performed during view rendering. Explicitly configure spring.jpa.open-in-view to disable this warning (JpaBaseConfiguration.java:231)
2025-01-07 23:52:25 [restartedMain] WARN OptionalLiveReloadServer - Unable to start LiveReload server (OptionalLiveReloadServer.java:62)
2025-01-07 23:52:26 [restartedMain] INFO Http11NioProtocol - Starting ProtocolHandler ["http-nio-8089"] (DirectJDKLog.java:173)
2025-01-07 23:52:26 [restartedMain] INFO TomcatWebServer - Tomcat started on port(s): 8089 (http) with context path '' (TomcatWebServer.java:220)
2025-01-07 23:52:26 [restartedMain] INFO SOPConfigServiceApp - Started SOPConfigServiceApp in 7.278 seconds (process running for 8.234) (StartupInfoLogger.java:57)
2025-01-07 23:54:03 [File Watcher] INFO LocalDevToolsAutoConfiguration$RestartingClassPathChangeChangedEventListener - Restarting due to 2 class path changes (0 additions, 0 deletions, 2 modifications) (LocalDevToolsAutoConfiguration.java:211)
2025-01-07 23:54:03 [Thread-1] INFO Http11NioProtocol - Pausing ProtocolHandler ["http-nio-8089"] (DirectJDKLog.java:173)
2025-01-07 23:54:03 [Thread-1] INFO StandardService - Stopping service [Tomcat] (DirectJDKLog.java:173)
2025-01-07 23:54:04 [Thread-1] INFO Http11NioProtocol - Stopping ProtocolHandler ["http-nio-8089"] (DirectJDKLog.java:173)
2025-01-07 23:54:04 [Thread-1] INFO Http11NioProtocol - Destroying ProtocolHandler ["http-nio-8089"] (DirectJDKLog.java:173)
2025-01-07 23:54:04 [Thread-1] INFO LocalContainerEntityManagerFactoryBean - Closing JPA EntityManagerFactory for persistence unit 'default' (AbstractEntityManagerFactoryBean.java:650)
2025-01-07 23:54:04 [Thread-1] INFO HikariDataSource - HikariPool-1 - Shutdown initiated... (HikariDataSource.java:350)
2025-01-07 23:54:04 [Thread-1] INFO HikariDataSource - HikariPool-1 - Shutdown completed. (HikariDataSource.java:352)
2025-01-07 23:54:04 [restartedMain] INFO SOPConfigServiceApp - Starting SOPConfigServiceApp using Java 20 with PID 65424 (C:\Users\Ravi\spring_practice\sop\sop-config-service\target\classes started by Ravi in C:\Users\Ravi\spring_practice\sop\sop-config-service) (StartupInfoLogger.java:51)
2025-01-07 23:54:04 [restartedMain] INFO SOPConfigServiceApp - No active profile set, falling back to 1 default profile: "default" (SpringApplication.java:638)
2025-01-07 23:54:04 [restartedMain] INFO RepositoryConfigurationDelegate - Multiple Spring Data modules found, entering strict repository configuration mode (RepositoryConfigurationDelegate.java:291)
2025-01-07 23:54:04 [restartedMain] INFO RepositoryConfigurationDelegate - Bootstrapping Spring Data JDBC repositories in DEFAULT mode. (RepositoryConfigurationDelegate.java:138)
2025-01-07 23:54:04 [restartedMain] INFO RepositoryConfigurationExtensionSupport - Spring Data JDBC - Could not safely identify store assignment for repository candidate interface com.pawar.sop.config.repository.SopActionTypeRepository; If you want this repository to be a JDBC repository, consider annotating your entities with one of these annotations: org.springframework.data.relational.core.mapping.Table. (RepositoryConfigurationExtensionSupport.java:320)
2025-01-07 23:54:04 [restartedMain] INFO RepositoryConfigurationExtensionSupport - Spring Data JDBC - Could not safely identify store assignment for repository candidate interface com.pawar.sop.config.repository.SopEligibleLocationsRepository; If you want this repository to be a JDBC repository, consider annotating your entities with one of these annotations: org.springframework.data.relational.core.mapping.Table. (RepositoryConfigurationExtensionSupport.java:320)
2025-01-07 23:54:04 [restartedMain] INFO RepositoryConfigurationExtensionSupport - Spring Data JDBC - Could not safely identify store assignment for repository candidate interface com.pawar.sop.config.repository.SopLocationRangeRepository; If you want this repository to be a JDBC repository, consider annotating your entities with one of these annotations: org.springframework.data.relational.core.mapping.Table. (RepositoryConfigurationExtensionSupport.java:320)
2025-01-07 23:54:04 [restartedMain] INFO RepositoryConfigurationDelegate - Finished Spring Data repository scanning in 31 ms. Found 0 JDBC repository interfaces. (RepositoryConfigurationDelegate.java:208)
2025-01-07 23:54:04 [restartedMain] INFO RepositoryConfigurationDelegate - Multiple Spring Data modules found, entering strict repository configuration mode (RepositoryConfigurationDelegate.java:291)
2025-01-07 23:54:04 [restartedMain] INFO RepositoryConfigurationDelegate - Bootstrapping Spring Data JPA repositories in DEFAULT mode. (RepositoryConfigurationDelegate.java:138)
2025-01-07 23:54:04 [restartedMain] INFO RepositoryConfigurationDelegate - Finished Spring Data repository scanning in 30 ms. Found 3 JPA repository interfaces. (RepositoryConfigurationDelegate.java:208)
2025-01-07 23:54:05 [restartedMain] INFO TomcatWebServer - Tomcat initialized with port(s): 8089 (http) (TomcatWebServer.java:108)
2025-01-07 23:54:05 [restartedMain] INFO Http11NioProtocol - Initializing ProtocolHandler ["http-nio-8089"] (DirectJDKLog.java:173)
2025-01-07 23:54:05 [restartedMain] INFO StandardService - Starting service [Tomcat] (DirectJDKLog.java:173)
2025-01-07 23:54:05 [restartedMain] INFO StandardEngine - Starting Servlet engine: [Apache Tomcat/10.1.15] (DirectJDKLog.java:173)
2025-01-07 23:54:05 [restartedMain] INFO [/] - Initializing Spring embedded WebApplicationContext (DirectJDKLog.java:173)
2025-01-07 23:54:05 [restartedMain] INFO ServletWebServerApplicationContext - Root WebApplicationContext: initialization completed in 1042 ms (ServletWebServerApplicationContext.java:291)
2025-01-07 23:54:05 [restartedMain] INFO LogHelper - HHH000204: Processing PersistenceUnitInfo [name: default] (LogHelper.java:31)
2025-01-07 23:54:05 [restartedMain] INFO SpringPersistenceUnitInfo - No LoadTimeWeaver setup: ignoring JPA class transformer (SpringPersistenceUnitInfo.java:87)
2025-01-07 23:54:05 [restartedMain] INFO HikariDataSource - HikariPool-2 - Starting... (HikariDataSource.java:110)
2025-01-07 23:54:05 [restartedMain] INFO HikariPool - HikariPool-2 - Added connection com.mysql.cj.jdbc.ConnectionImpl@79a5b2ad (HikariPool.java:565)
2025-01-07 23:54:05 [restartedMain] INFO HikariDataSource - HikariPool-2 - Start completed. (HikariDataSource.java:123)
2025-01-07 23:54:05 [restartedMain] INFO JtaPlatformInitiator - HHH000489: No JTA platform available (set 'hibernate.transaction.jta.platform' to enable JTA platform integration) (JtaPlatformInitiator.java:55)
2025-01-07 23:54:05 [restartedMain] INFO LocalContainerEntityManagerFactoryBean - Initialized JPA EntityManagerFactory for persistence unit 'default' (AbstractEntityManagerFactoryBean.java:437)
2025-01-07 23:54:06 [restartedMain] WARN JpaBaseConfiguration$JpaWebConfiguration - spring.jpa.open-in-view is enabled by default. Therefore, database queries may be performed during view rendering. Explicitly configure spring.jpa.open-in-view to disable this warning (JpaBaseConfiguration.java:231)
2025-01-07 23:54:06 [restartedMain] WARN OptionalLiveReloadServer - Unable to start LiveReload server (OptionalLiveReloadServer.java:62)
2025-01-07 23:54:06 [restartedMain] INFO Http11NioProtocol - Starting ProtocolHandler ["http-nio-8089"] (DirectJDKLog.java:173)
2025-01-07 23:54:06 [restartedMain] INFO TomcatWebServer - Tomcat started on port(s): 8089 (http) with context path '' (TomcatWebServer.java:220)
2025-01-07 23:54:06 [restartedMain] INFO SOPConfigServiceApp - Started SOPConfigServiceApp in 2.286 seconds (process running for 108.584) (StartupInfoLogger.java:57)
2025-01-07 23:54:06 [restartedMain] INFO ConditionEvaluationDeltaLoggingListener - Condition evaluation unchanged (ConditionEvaluationDeltaLoggingListener.java:63)
2025-01-07 23:54:14 [File Watcher] INFO LocalDevToolsAutoConfiguration$RestartingClassPathChangeChangedEventListener - Restarting due to 19 class path changes (0 additions, 0 deletions, 19 modifications) (LocalDevToolsAutoConfiguration.java:211)
2025-01-07 23:54:14 [Thread-5] INFO Http11NioProtocol - Pausing ProtocolHandler ["http-nio-8089"] (DirectJDKLog.java:173)
2025-01-07 23:54:14 [Thread-5] INFO StandardService - Stopping service [Tomcat] (DirectJDKLog.java:173)
2025-01-07 23:54:14 [Thread-5] INFO Http11NioProtocol - Stopping ProtocolHandler ["http-nio-8089"] (DirectJDKLog.java:173)
2025-01-07 23:54:14 [Thread-5] INFO Http11NioProtocol - Destroying ProtocolHandler ["http-nio-8089"] (DirectJDKLog.java:173)
2025-01-07 23:54:14 [Thread-5] INFO LocalContainerEntityManagerFactoryBean - Closing JPA EntityManagerFactory for persistence unit 'default' (AbstractEntityManagerFactoryBean.java:650)
2025-01-07 23:54:14 [Thread-5] INFO HikariDataSource - HikariPool-2 - Shutdown initiated... (HikariDataSource.java:350)
2025-01-07 23:54:15 [Thread-5] INFO HikariDataSource - HikariPool-2 - Shutdown completed. (HikariDataSource.java:352)
2025-01-07 23:54:15 [restartedMain] INFO SOPConfigServiceApp - Starting SOPConfigServiceApp using Java 20 with PID 65424 (C:\Users\Ravi\spring_practice\sop\sop-config-service\target\classes started by Ravi in C:\Users\Ravi\spring_practice\sop\sop-config-service) (StartupInfoLogger.java:51)
2025-01-07 23:54:15 [restartedMain] INFO SOPConfigServiceApp - No active profile set, falling back to 1 default profile: "default" (SpringApplication.java:638)
2025-01-07 23:54:15 [restartedMain] INFO RepositoryConfigurationDelegate - Multiple Spring Data modules found, entering strict repository configuration mode (RepositoryConfigurationDelegate.java:291)
2025-01-07 23:54:15 [restartedMain] INFO RepositoryConfigurationDelegate - Bootstrapping Spring Data JDBC repositories in DEFAULT mode. (RepositoryConfigurationDelegate.java:138)
2025-01-07 23:54:15 [restartedMain] INFO RepositoryConfigurationExtensionSupport - Spring Data JDBC - Could not safely identify store assignment for repository candidate interface com.pawar.sop.config.repository.SopActionTypeRepository; If you want this repository to be a JDBC repository, consider annotating your entities with one of these annotations: org.springframework.data.relational.core.mapping.Table. (RepositoryConfigurationExtensionSupport.java:320)
2025-01-07 23:54:15 [restartedMain] INFO RepositoryConfigurationExtensionSupport - Spring Data JDBC - Could not safely identify store assignment for repository candidate interface com.pawar.sop.config.repository.SopEligibleLocationsRepository; If you want this repository to be a JDBC repository, consider annotating your entities with one of these annotations: org.springframework.data.relational.core.mapping.Table. (RepositoryConfigurationExtensionSupport.java:320)
2025-01-07 23:54:15 [restartedMain] INFO RepositoryConfigurationExtensionSupport - Spring Data JDBC - Could not safely identify store assignment for repository candidate interface com.pawar.sop.config.repository.SopLocationRangeRepository; If you want this repository to be a JDBC repository, consider annotating your entities with one of these annotations: org.springframework.data.relational.core.mapping.Table. (RepositoryConfigurationExtensionSupport.java:320)
2025-01-07 23:54:15 [restartedMain] INFO RepositoryConfigurationDelegate - Finished Spring Data repository scanning in 14 ms. Found 0 JDBC repository interfaces. (RepositoryConfigurationDelegate.java:208)
2025-01-07 23:54:15 [restartedMain] INFO RepositoryConfigurationDelegate - Multiple Spring Data modules found, entering strict repository configuration mode (RepositoryConfigurationDelegate.java:291)
2025-01-07 23:54:15 [restartedMain] INFO RepositoryConfigurationDelegate - Bootstrapping Spring Data JPA repositories in DEFAULT mode. (RepositoryConfigurationDelegate.java:138)
2025-01-07 23:54:15 [restartedMain] INFO RepositoryConfigurationDelegate - Finished Spring Data repository scanning in 15 ms. Found 3 JPA repository interfaces. (RepositoryConfigurationDelegate.java:208)
2025-01-07 23:54:15 [restartedMain] INFO TomcatWebServer - Tomcat initialized with port(s): 8089 (http) (TomcatWebServer.java:108)
2025-01-07 23:54:15 [restartedMain] INFO Http11NioProtocol - Initializing ProtocolHandler ["http-nio-8089"] (DirectJDKLog.java:173)
2025-01-07 23:54:15 [restartedMain] INFO StandardService - Starting service [Tomcat] (DirectJDKLog.java:173)
2025-01-07 23:54:15 [restartedMain] INFO StandardEngine - Starting Servlet engine: [Apache Tomcat/10.1.15] (DirectJDKLog.java:173)
2025-01-07 23:54:15 [restartedMain] INFO [/] - Initializing Spring embedded WebApplicationContext (DirectJDKLog.java:173)
2025-01-07 23:54:15 [restartedMain] INFO ServletWebServerApplicationContext - Root WebApplicationContext: initialization completed in 630 ms (ServletWebServerApplicationContext.java:291)
2025-01-07 23:54:15 [restartedMain] INFO LogHelper - HHH000204: Processing PersistenceUnitInfo [name: default] (LogHelper.java:31)
2025-01-07 23:54:15 [restartedMain] INFO SpringPersistenceUnitInfo - No LoadTimeWeaver setup: ignoring JPA class transformer (SpringPersistenceUnitInfo.java:87)
2025-01-07 23:54:15 [restartedMain] INFO HikariDataSource - HikariPool-3 - Starting... (HikariDataSource.java:110)
2025-01-07 23:54:15 [restartedMain] INFO HikariPool - HikariPool-3 - Added connection com.mysql.cj.jdbc.ConnectionImpl@7f76f408 (HikariPool.java:565)
2025-01-07 23:54:15 [restartedMain] INFO HikariDataSource - HikariPool-3 - Start completed. (HikariDataSource.java:123)
2025-01-07 23:54:16 [restartedMain] INFO JtaPlatformInitiator - HHH000489: No JTA platform available (set 'hibernate.transaction.jta.platform' to enable JTA platform integration) (JtaPlatformInitiator.java:55)
2025-01-07 23:54:16 [restartedMain] INFO LocalContainerEntityManagerFactoryBean - Initialized JPA EntityManagerFactory for persistence unit 'default' (AbstractEntityManagerFactoryBean.java:437)
2025-01-07 23:54:16 [restartedMain] WARN JpaBaseConfiguration$JpaWebConfiguration - spring.jpa.open-in-view is enabled by default. Therefore, database queries may be performed during view rendering. Explicitly configure spring.jpa.open-in-view to disable this warning (JpaBaseConfiguration.java:231)
2025-01-07 23:54:16 [restartedMain] WARN OptionalLiveReloadServer - Unable to start LiveReload server (OptionalLiveReloadServer.java:62)
2025-01-07 23:54:16 [restartedMain] INFO Http11NioProtocol - Starting ProtocolHandler ["http-nio-8089"] (DirectJDKLog.java:173)
2025-01-07 23:54:16 [restartedMain] INFO TomcatWebServer - Tomcat started on port(s): 8089 (http) with context path '' (TomcatWebServer.java:220)
2025-01-07 23:54:16 [restartedMain] INFO SOPConfigServiceApp - Started SOPConfigServiceApp in 1.417 seconds (process running for 118.667) (StartupInfoLogger.java:57)
2025-01-07 23:54:16 [restartedMain] INFO ConditionEvaluationDeltaLoggingListener - Condition evaluation unchanged (ConditionEvaluationDeltaLoggingListener.java:63)
2025-01-07 23:56:19 [http-nio-8089-exec-1] INFO [/] - Initializing Spring DispatcherServlet 'dispatcherServlet' (DirectJDKLog.java:173)
2025-01-07 23:56:19 [http-nio-8089-exec-1] INFO DispatcherServlet - Initializing Servlet 'dispatcherServlet' (FrameworkServlet.java:532)
2025-01-07 23:56:19 [http-nio-8089-exec-1] INFO DispatcherServlet - Completed initialization in 2 ms (FrameworkServlet.java:554)
2025-01-07 23:56:19 [http-nio-8089-exec-1] INFO SopConfigController - category: Electronics (SopConfigController.java:156)
2025-01-07 23:56:19 [http-nio-8089-exec-1] INFO SOPConfigServiceImpl - category: Electronics (SOPConfigServiceImpl.java:222)
2025-01-07 23:56:19 [http-nio-8089-exec-1] DEBUG SQL - select s1_0.sop_eligible_locations_id,s1_0.assigned_nbr_of_upc,s1_0.category,s1_0.created_dttm,s1_0.created_source,s1_0.grp,s1_0.height,s1_0.last_updated_dttm,s1_0.last_updated_source,s1_0.length,s1_0.locn_brcd,s1_0.locn_id,s1_0.max_nbr_of_sku,s1_0.sop_location_range_id,s1_0.width from sop_eligible_locations s1_0 where s1_0.category=? (SqlStatementLogger.java:133)
2025-01-07 23:56:19 [http-nio-8089-exec-1] DEBUG SQL - select s1_0.sop_location_range_id,s1_0.avl_active_locations,s1_0.category,s1_0.created_dttm,s1_0.created_source,s1_0.from_location,s1_0.is_active,s1_0.last_updated_dttm,s1_0.last_updated_source,s2_0.sop_action_type_id,s2_0.action_desc,s2_0.action_type,s2_0.created_dttm,s2_0.created_source,s2_0.last_updated_dttm,s2_0.last_updated_source,s1_0.to_location,s1_0.total_active_locations,s1_0.used_active_locations from sop_location_range s1_0 left join sop_action_type s2_0 on s2_0.sop_action_type_id=s1_0.sop_action_type_id where s1_0.sop_location_range_id=? (SqlStatementLogger.java:133)
2025-01-07 23:56:20 [http-nio-8089-exec-2] INFO SopConfigController - sopEligibleLocationsDto : SopEligibleLocations [sopEligibleLocationsId=5, locn_id=8, locn_brcd=BBCD007, grp=DE, assignedNbrOfUpc=1, maxNbrOfSku=1, sopLocationRange=SopLocationRangeDto [id=5, sopActionTypeDto=SopActionTypeDto [sopActionTypeId=1, actionDesc=Assignment, actionType=ASSIGN, createdDttm=2023-01-01T12:00, lastUpdatedDttm=2023-01-10T12:00, createdSource=User, lastUpdatedSource=User ], category=Electronics, fromLocation=BBCD007, toLocation=BBCD010, totalActiveLocations=4, usedActiveLocations=0, avlActiveLocations=4, isActive=Y, createdDttm=2023-01-01T12:00, lastUpdatedDttm=2023-01-10T12:00, createdSource=User, lastUpdatedSource=User ], category=Electronics, length=25.0, width=15.0, height=10.0, createdDttm=2024-12-03T13:50:50, lastUpdatedDttm=2025-01-07T23:56:20.596021900, createdSource=add-eligible-locations, lastUpdatedSource=assignment-service] (SopConfigController.java:149)
2025-01-07 23:56:20 [http-nio-8089-exec-2] DEBUG SQL - select s1_0.sop_eligible_locations_id,s1_0.assigned_nbr_of_upc,s1_0.category,s1_0.created_dttm,s1_0.created_source,s1_0.grp,s1_0.height,s1_0.last_updated_dttm,s1_0.last_updated_source,s1_0.length,s1_0.locn_brcd,s1_0.locn_id,s1_0.max_nbr_of_sku,s2_0.sop_location_range_id,s2_0.avl_active_locations,s2_0.category,s2_0.created_dttm,s2_0.created_source,s2_0.from_location,s2_0.is_active,s2_0.last_updated_dttm,s2_0.last_updated_source,s3_0.sop_action_type_id,s3_0.action_desc,s3_0.action_type,s3_0.created_dttm,s3_0.created_source,s3_0.last_updated_dttm,s3_0.last_updated_source,s2_0.to_location,s2_0.total_active_locations,s2_0.used_active_locations,s1_0.width from sop_eligible_locations s1_0 left join sop_location_range s2_0 on s2_0.sop_location_range_id=s1_0.sop_location_range_id left join sop_action_type s3_0 on s3_0.sop_action_type_id=s2_0.sop_action_type_id where s1_0.sop_eligible_locations_id=? (SqlStatementLogger.java:133)
2025-01-07 23:56:20 [http-nio-8089-exec-2] DEBUG SQL - update sop_eligible_locations set assigned_nbr_of_upc=?,category=?,created_dttm=?,created_source=?,grp=?,height=?,last_updated_dttm=?,last_updated_source=?,length=?,locn_brcd=?,locn_id=?,max_nbr_of_sku=?,sop_location_range_id=?,width=? where sop_eligible_locations_id=? (SqlStatementLogger.java:133)
2025-01-07 23:57:15 [http-nio-8089-exec-3] INFO SopConfigController - category: Electronics (SopConfigController.java:156)
2025-01-07 23:57:15 [http-nio-8089-exec-3] INFO SOPConfigServiceImpl - category: Electronics (SOPConfigServiceImpl.java:222)
2025-01-07 23:57:15 [http-nio-8089-exec-3] DEBUG SQL - select s1_0.sop_eligible_locations_id,s1_0.assigned_nbr_of_upc,s1_0.category,s1_0.created_dttm,s1_0.created_source,s1_0.grp,s1_0.height,s1_0.last_updated_dttm,s1_0.last_updated_source,s1_0.length,s1_0.locn_brcd,s1_0.locn_id,s1_0.max_nbr_of_sku,s1_0.sop_location_range_id,s1_0.width from sop_eligible_locations s1_0 where s1_0.category=? (SqlStatementLogger.java:133)
2025-01-07 23:57:15 [http-nio-8089-exec-3] DEBUG SQL - select s1_0.sop_location_range_id,s1_0.avl_active_locations,s1_0.category,s1_0.created_dttm,s1_0.created_source,s1_0.from_location,s1_0.is_active,s1_0.last_updated_dttm,s1_0.last_updated_source,s2_0.sop_action_type_id,s2_0.action_desc,s2_0.action_type,s2_0.created_dttm,s2_0.created_source,s2_0.last_updated_dttm,s2_0.last_updated_source,s1_0.to_location,s1_0.total_active_locations,s1_0.used_active_locations from sop_location_range s1_0 left join sop_action_type s2_0 on s2_0.sop_action_type_id=s1_0.sop_action_type_id where s1_0.sop_location_range_id=? (SqlStatementLogger.java:133)
