2025-01-09 11:33:39 [HikariPool-6 housekeeper] WARN HikariPool - HikariPool-6 - Thread starvation or clock leap detected (housekeeper delta=13h17m26s700ms283µs). (HikariPool.java:804)
2025-01-09 11:46:13 [HikariPool-6 housekeeper] WARN HikariPool - HikariPool-6 - Thread starvation or clock leap detected (housekeeper delta=1m34s51ms35µs900ns). (HikariPool.java:804)
2025-01-09 12:01:55 [HikariPool-6 housekeeper] WARN HikariPool - HikariPool-6 - Thread starvation or clock leap detected (housekeeper delta=1m41s147ms305µs100ns). (HikariPool.java:804)
2025-01-09 12:10:24 [HikariPool-6 housekeeper] WARN HikariPool - HikariPool-6 - Thread starvation or clock leap detected (housekeeper delta=1m59s440ms990µs500ns). (HikariPool.java:804)
2025-01-09 12:15:11 [HikariPool-6 housekeeper] WARN HikariPool - HikariPool-6 - Thread starvation or clock leap detected (housekeeper delta=3m16s301ms795µs900ns). (HikariPool.java:804)
2025-01-09 12:21:04 [HikariPool-6 housekeeper] WARN HikariPool - HikariPool-6 - Thread starvation or clock leap detected (housekeeper delta=5m53s99ms584µs700ns). (HikariPool.java:804)
2025-01-09 12:29:33 [File Watcher] INFO LocalDevToolsAutoConfiguration$RestartingClassPathChangeChangedEventListener - Restarting due to 1 class path change (0 additions, 0 deletions, 1 modification) (LocalDevToolsAutoConfiguration.java:211)
2025-01-09 12:29:33 [Thread-21] INFO Http11NioProtocol - Pausing ProtocolHandler ["http-nio-8089"] (DirectJDKLog.java:173)
2025-01-09 12:29:33 [Thread-21] INFO StandardService - Stopping service [Tomcat] (DirectJDKLog.java:173)
2025-01-09 12:29:33 [Thread-21] INFO Http11NioProtocol - Stopping ProtocolHandler ["http-nio-8089"] (DirectJDKLog.java:173)
2025-01-09 12:29:33 [Thread-21] INFO Http11NioProtocol - Destroying ProtocolHandler ["http-nio-8089"] (DirectJDKLog.java:173)
2025-01-09 12:29:33 [Thread-21] INFO LocalContainerEntityManagerFactoryBean - Closing JPA EntityManagerFactory for persistence unit 'default' (AbstractEntityManagerFactoryBean.java:650)
2025-01-09 12:29:33 [Thread-21] INFO HikariDataSource - HikariPool-6 - Shutdown initiated... (HikariDataSource.java:350)
2025-01-09 12:29:33 [Thread-21] INFO HikariDataSource - HikariPool-6 - Shutdown completed. (HikariDataSource.java:352)
2025-01-09 12:29:34 [restartedMain] INFO SOPConfigServiceApp - Starting SOPConfigServiceApp using Java 20 with PID 23828 (C:\Users\Ravi\spring_practice\sop\sop-config-service\target\classes started by Ravi in C:\Users\Ravi\spring_practice\sop\sop-config-service) (StartupInfoLogger.java:51)
2025-01-09 12:29:34 [restartedMain] INFO SOPConfigServiceApp - No active profile set, falling back to 1 default profile: "default" (SpringApplication.java:638)
2025-01-09 12:29:34 [restartedMain] INFO RepositoryConfigurationDelegate - Multiple Spring Data modules found, entering strict repository configuration mode (RepositoryConfigurationDelegate.java:291)
2025-01-09 12:29:34 [restartedMain] INFO RepositoryConfigurationDelegate - Bootstrapping Spring Data JDBC repositories in DEFAULT mode. (RepositoryConfigurationDelegate.java:138)
2025-01-09 12:29:34 [restartedMain] INFO RepositoryConfigurationExtensionSupport - Spring Data JDBC - Could not safely identify store assignment for repository candidate interface com.pawar.sop.config.repository.SopActionTypeRepository; If you want this repository to be a JDBC repository, consider annotating your entities with one of these annotations: org.springframework.data.relational.core.mapping.Table. (RepositoryConfigurationExtensionSupport.java:320)
2025-01-09 12:29:34 [restartedMain] INFO RepositoryConfigurationExtensionSupport - Spring Data JDBC - Could not safely identify store assignment for repository candidate interface com.pawar.sop.config.repository.SopEligibleLocationsRepository; If you want this repository to be a JDBC repository, consider annotating your entities with one of these annotations: org.springframework.data.relational.core.mapping.Table. (RepositoryConfigurationExtensionSupport.java:320)
2025-01-09 12:29:34 [restartedMain] INFO RepositoryConfigurationExtensionSupport - Spring Data JDBC - Could not safely identify store assignment for repository candidate interface com.pawar.sop.config.repository.SopLocationRangeRepository; If you want this repository to be a JDBC repository, consider annotating your entities with one of these annotations: org.springframework.data.relational.core.mapping.Table. (RepositoryConfigurationExtensionSupport.java:320)
2025-01-09 12:29:34 [restartedMain] INFO RepositoryConfigurationDelegate - Finished Spring Data repository scanning in 31 ms. Found 0 JDBC repository interfaces. (RepositoryConfigurationDelegate.java:208)
2025-01-09 12:29:34 [restartedMain] INFO RepositoryConfigurationDelegate - Multiple Spring Data modules found, entering strict repository configuration mode (RepositoryConfigurationDelegate.java:291)
2025-01-09 12:29:34 [restartedMain] INFO RepositoryConfigurationDelegate - Bootstrapping Spring Data JPA repositories in DEFAULT mode. (RepositoryConfigurationDelegate.java:138)
2025-01-09 12:29:34 [restartedMain] INFO RepositoryConfigurationDelegate - Finished Spring Data repository scanning in 29 ms. Found 3 JPA repository interfaces. (RepositoryConfigurationDelegate.java:208)
2025-01-09 12:29:35 [restartedMain] INFO TomcatWebServer - Tomcat initialized with port(s): 8089 (http) (TomcatWebServer.java:108)
2025-01-09 12:29:35 [restartedMain] INFO Http11NioProtocol - Initializing ProtocolHandler ["http-nio-8089"] (DirectJDKLog.java:173)
2025-01-09 12:29:35 [restartedMain] INFO StandardService - Starting service [Tomcat] (DirectJDKLog.java:173)
2025-01-09 12:29:35 [restartedMain] INFO StandardEngine - Starting Servlet engine: [Apache Tomcat/10.1.15] (DirectJDKLog.java:173)
2025-01-09 12:29:35 [restartedMain] INFO [/] - Initializing Spring embedded WebApplicationContext (DirectJDKLog.java:173)
2025-01-09 12:29:35 [restartedMain] INFO ServletWebServerApplicationContext - Root WebApplicationContext: initialization completed in 1068 ms (ServletWebServerApplicationContext.java:291)
2025-01-09 12:29:35 [restartedMain] INFO LogHelper - HHH000204: Processing PersistenceUnitInfo [name: default] (LogHelper.java:31)
2025-01-09 12:29:35 [restartedMain] INFO SpringPersistenceUnitInfo - No LoadTimeWeaver setup: ignoring JPA class transformer (SpringPersistenceUnitInfo.java:87)
2025-01-09 12:29:35 [restartedMain] INFO HikariDataSource - HikariPool-7 - Starting... (HikariDataSource.java:110)
2025-01-09 12:29:35 [restartedMain] INFO HikariPool - HikariPool-7 - Added connection com.mysql.cj.jdbc.ConnectionImpl@5c47b84 (HikariPool.java:565)
2025-01-09 12:29:35 [restartedMain] INFO HikariDataSource - HikariPool-7 - Start completed. (HikariDataSource.java:123)
2025-01-09 12:29:35 [restartedMain] INFO JtaPlatformInitiator - HHH000489: No JTA platform available (set 'hibernate.transaction.jta.platform' to enable JTA platform integration) (JtaPlatformInitiator.java:55)
2025-01-09 12:29:35 [restartedMain] INFO LocalContainerEntityManagerFactoryBean - Initialized JPA EntityManagerFactory for persistence unit 'default' (AbstractEntityManagerFactoryBean.java:437)
2025-01-09 12:29:36 [restartedMain] WARN JpaBaseConfiguration$JpaWebConfiguration - spring.jpa.open-in-view is enabled by default. Therefore, database queries may be performed during view rendering. Explicitly configure spring.jpa.open-in-view to disable this warning (JpaBaseConfiguration.java:231)
2025-01-09 12:29:36 [restartedMain] WARN OptionalLiveReloadServer - Unable to start LiveReload server (OptionalLiveReloadServer.java:62)
2025-01-09 12:29:36 [restartedMain] INFO Http11NioProtocol - Starting ProtocolHandler ["http-nio-8089"] (DirectJDKLog.java:173)
2025-01-09 12:29:36 [restartedMain] INFO TomcatWebServer - Tomcat started on port(s): 8089 (http) with context path '' (TomcatWebServer.java:220)
2025-01-09 12:29:36 [restartedMain] INFO SOPConfigServiceApp - Started SOPConfigServiceApp in 2.623 seconds (process running for 129312.644) (StartupInfoLogger.java:57)
2025-01-09 12:29:36 [restartedMain] INFO ConditionEvaluationDeltaLoggingListener - Condition evaluation unchanged (ConditionEvaluationDeltaLoggingListener.java:63)
2025-01-09 12:57:50 [HikariPool-7 housekeeper] WARN HikariPool - HikariPool-7 - Thread starvation or clock leap detected (housekeeper delta=11m14s771ms876µs200ns). (HikariPool.java:804)
2025-01-09 14:04:56 [HikariPool-7 housekeeper] WARN HikariPool - HikariPool-7 - Thread starvation or clock leap detected (housekeeper delta=1h7m17s184ms857µs). (HikariPool.java:804)
2025-01-09 14:05:11 [RMI TCP Connection(362)-127.0.0.1] INFO SpringApplicationAdminMXBeanRegistrar$SpringApplicationAdmin - Application shutdown requested. (SpringApplicationAdminMXBeanRegistrar.java:159)
2025-01-09 14:05:11 [RMI TCP Connection(362)-127.0.0.1] INFO Http11NioProtocol - Pausing ProtocolHandler ["http-nio-8089"] (DirectJDKLog.java:173)
2025-01-09 14:05:11 [RMI TCP Connection(362)-127.0.0.1] INFO StandardService - Stopping service [Tomcat] (DirectJDKLog.java:173)
2025-01-09 14:05:11 [RMI TCP Connection(362)-127.0.0.1] INFO Http11NioProtocol - Stopping ProtocolHandler ["http-nio-8089"] (DirectJDKLog.java:173)
2025-01-09 14:05:11 [RMI TCP Connection(362)-127.0.0.1] INFO Http11NioProtocol - Destroying ProtocolHandler ["http-nio-8089"] (DirectJDKLog.java:173)
2025-01-09 14:05:11 [RMI TCP Connection(362)-127.0.0.1] INFO LocalContainerEntityManagerFactoryBean - Closing JPA EntityManagerFactory for persistence unit 'default' (AbstractEntityManagerFactoryBean.java:650)
2025-01-09 14:05:11 [RMI TCP Connection(362)-127.0.0.1] INFO HikariDataSource - HikariPool-7 - Shutdown initiated... (HikariDataSource.java:350)
2025-01-09 14:05:11 [RMI TCP Connection(362)-127.0.0.1] INFO HikariDataSource - HikariPool-7 - Shutdown completed. (HikariDataSource.java:352)
