2025-01-04 19:25:30 [restartedMain] INFO SOPConfigServiceApp - Starting SOPConfigServiceApp using Java 20 with PID 42512 (C:\Users\Ravi\spring_practice\sop\sop-config-service\target\classes started by Ravi in C:\Users\Ravi\spring_practice\sop\sop-config-service) (StartupInfoLogger.java:51)
2025-01-04 19:25:30 [restartedMain] INFO SOPConfigServiceApp - No active profile set, falling back to 1 default profile: "default" (SpringApplication.java:638)
2025-01-04 19:25:30 [restartedMain] INFO DevToolsPropertyDefaultsPostProcessor - Devtools property defaults active! Set 'spring.devtools.add-properties' to 'false' to disable (DeferredLog.java:250)
2025-01-04 19:25:30 [restartedMain] INFO DevToolsPropertyDefaultsPostProcessor - For additional web related logging consider setting the 'logging.level.web' property to 'DEBUG' (DeferredLog.java:250)
2025-01-04 19:25:31 [restartedMain] INFO RepositoryConfigurationDelegate - Multiple Spring Data modules found, entering strict repository configuration mode (RepositoryConfigurationDelegate.java:291)
2025-01-04 19:25:31 [restartedMain] INFO RepositoryConfigurationDelegate - Bootstrapping Spring Data JDBC repositories in DEFAULT mode. (RepositoryConfigurationDelegate.java:138)
2025-01-04 19:25:31 [restartedMain] INFO RepositoryConfigurationExtensionSupport - Spring Data JDBC - Could not safely identify store assignment for repository candidate interface com.pawar.sop.config.repository.SopActionTypeRepository; If you want this repository to be a JDBC repository, consider annotating your entities with one of these annotations: org.springframework.data.relational.core.mapping.Table. (RepositoryConfigurationExtensionSupport.java:320)
2025-01-04 19:25:31 [restartedMain] INFO RepositoryConfigurationExtensionSupport - Spring Data JDBC - Could not safely identify store assignment for repository candidate interface com.pawar.sop.config.repository.SopEligibleLocationsRepository; If you want this repository to be a JDBC repository, consider annotating your entities with one of these annotations: org.springframework.data.relational.core.mapping.Table. (RepositoryConfigurationExtensionSupport.java:320)
2025-01-04 19:25:31 [restartedMain] INFO RepositoryConfigurationExtensionSupport - Spring Data JDBC - Could not safely identify store assignment for repository candidate interface com.pawar.sop.config.repository.SopLocationRangeRepository; If you want this repository to be a JDBC repository, consider annotating your entities with one of these annotations: org.springframework.data.relational.core.mapping.Table. (RepositoryConfigurationExtensionSupport.java:320)
2025-01-04 19:25:31 [restartedMain] INFO RepositoryConfigurationDelegate - Finished Spring Data repository scanning in 38 ms. Found 0 JDBC repository interfaces. (RepositoryConfigurationDelegate.java:208)
2025-01-04 19:25:31 [restartedMain] INFO RepositoryConfigurationDelegate - Multiple Spring Data modules found, entering strict repository configuration mode (RepositoryConfigurationDelegate.java:291)
2025-01-04 19:25:31 [restartedMain] INFO RepositoryConfigurationDelegate - Bootstrapping Spring Data JPA repositories in DEFAULT mode. (RepositoryConfigurationDelegate.java:138)
2025-01-04 19:25:31 [restartedMain] INFO RepositoryConfigurationDelegate - Finished Spring Data repository scanning in 29 ms. Found 3 JPA repository interfaces. (RepositoryConfigurationDelegate.java:208)
2025-01-04 19:25:32 [restartedMain] INFO TomcatWebServer - Tomcat initialized with port(s): 8089 (http) (TomcatWebServer.java:108)
2025-01-04 19:25:32 [restartedMain] INFO Http11NioProtocol - Initializing ProtocolHandler ["http-nio-8089"] (DirectJDKLog.java:173)
2025-01-04 19:25:32 [restartedMain] INFO StandardService - Starting service [Tomcat] (DirectJDKLog.java:173)
2025-01-04 19:25:32 [restartedMain] INFO StandardEngine - Starting Servlet engine: [Apache Tomcat/10.1.15] (DirectJDKLog.java:173)
2025-01-04 19:25:32 [restartedMain] INFO [/] - Initializing Spring embedded WebApplicationContext (DirectJDKLog.java:173)
2025-01-04 19:25:32 [restartedMain] INFO ServletWebServerApplicationContext - Root WebApplicationContext: initialization completed in 1800 ms (ServletWebServerApplicationContext.java:291)
2025-01-04 19:25:33 [restartedMain] INFO LogHelper - HHH000204: Processing PersistenceUnitInfo [name: default] (LogHelper.java:31)
2025-01-04 19:25:33 [restartedMain] INFO Version - HHH000412: Hibernate ORM core version 6.2.13.Final (Version.java:44)
2025-01-04 19:25:33 [restartedMain] INFO Environment - HHH000406: Using bytecode reflection optimizer (Environment.java:191)
2025-01-04 19:25:33 [restartedMain] INFO SpringPersistenceUnitInfo - No LoadTimeWeaver setup: ignoring JPA class transformer (SpringPersistenceUnitInfo.java:87)
2025-01-04 19:25:33 [restartedMain] INFO HikariDataSource - HikariPool-1 - Starting... (HikariDataSource.java:110)
2025-01-04 19:25:34 [restartedMain] INFO HikariPool - HikariPool-1 - Added connection com.mysql.cj.jdbc.ConnectionImpl@1486373b (HikariPool.java:565)
2025-01-04 19:25:34 [restartedMain] INFO HikariDataSource - HikariPool-1 - Start completed. (HikariDataSource.java:123)
2025-01-04 19:25:35 [restartedMain] INFO JtaPlatformInitiator - HHH000489: No JTA platform available (set 'hibernate.transaction.jta.platform' to enable JTA platform integration) (JtaPlatformInitiator.java:55)
2025-01-04 19:25:35 [restartedMain] INFO LocalContainerEntityManagerFactoryBean - Initialized JPA EntityManagerFactory for persistence unit 'default' (AbstractEntityManagerFactoryBean.java:437)
2025-01-04 19:25:36 [restartedMain] WARN JpaBaseConfiguration$JpaWebConfiguration - spring.jpa.open-in-view is enabled by default. Therefore, database queries may be performed during view rendering. Explicitly configure spring.jpa.open-in-view to disable this warning (JpaBaseConfiguration.java:231)
2025-01-04 19:25:37 [restartedMain] INFO OptionalLiveReloadServer - LiveReload server is running on port 35729 (OptionalLiveReloadServer.java:59)
2025-01-04 19:25:37 [restartedMain] INFO Http11NioProtocol - Starting ProtocolHandler ["http-nio-8089"] (DirectJDKLog.java:173)
2025-01-04 19:25:37 [restartedMain] INFO TomcatWebServer - Tomcat started on port(s): 8089 (http) with context path '' (TomcatWebServer.java:220)
2025-01-04 19:25:37 [restartedMain] INFO SOPConfigServiceApp - Started SOPConfigServiceApp in 6.595 seconds (process running for 7.444) (StartupInfoLogger.java:57)
2025-01-04 19:26:13 [http-nio-8089-exec-1] INFO [/] - Initializing Spring DispatcherServlet 'dispatcherServlet' (DirectJDKLog.java:173)
2025-01-04 19:26:13 [http-nio-8089-exec-1] INFO DispatcherServlet - Initializing Servlet 'dispatcherServlet' (FrameworkServlet.java:532)
2025-01-04 19:26:13 [http-nio-8089-exec-1] INFO DispatcherServlet - Completed initialization in 1 ms (FrameworkServlet.java:554)
2025-01-04 19:26:13 [http-nio-8089-exec-1] INFO SopConfigController - category: Electronics (SopConfigController.java:135)
2025-01-04 19:26:13 [http-nio-8089-exec-1] INFO SOPConfigServiceImpl - category: Electronics (SOPConfigServiceImpl.java:222)
2025-01-04 19:26:14 [http-nio-8089-exec-1] DEBUG SQL - select s1_0.sop_eligible_locations_id,s1_0.assigned_nbr_of_upc,s1_0.category,s1_0.created_dttm,s1_0.created_source,s1_0.grp,s1_0.height,s1_0.last_updated_dttm,s1_0.last_updated_source,s1_0.length,s1_0.locn_brcd,s1_0.locn_id,s1_0.max_nbr_of_sku,s1_0.sop_location_range_id,s1_0.width from sop_eligible_locations s1_0 where s1_0.category=? (SqlStatementLogger.java:133)
2025-01-04 19:26:14 [http-nio-8089-exec-1] DEBUG SQL - select s1_0.sop_location_range_id,s1_0.avl_active_locations,s1_0.category,s1_0.created_dttm,s1_0.created_source,s1_0.from_location,s1_0.is_active,s1_0.last_updated_dttm,s1_0.last_updated_source,s2_0.sop_action_type_id,s2_0.action_desc,s2_0.action_type,s2_0.created_dttm,s2_0.created_source,s2_0.last_updated_dttm,s2_0.last_updated_source,s1_0.to_location,s1_0.total_active_locations,s1_0.used_active_locations from sop_location_range s1_0 left join sop_action_type s2_0 on s2_0.sop_action_type_id=s1_0.sop_action_type_id where s1_0.sop_location_range_id=? (SqlStatementLogger.java:133)
2025-01-04 19:26:38 [File Watcher] INFO LocalDevToolsAutoConfiguration$RestartingClassPathChangeChangedEventListener - Restarting due to 1 class path change (0 additions, 0 deletions, 1 modification) (LocalDevToolsAutoConfiguration.java:211)
2025-01-04 19:26:38 [Thread-5] INFO Http11NioProtocol - Pausing ProtocolHandler ["http-nio-8089"] (DirectJDKLog.java:173)
2025-01-04 19:26:38 [Thread-5] INFO StandardService - Stopping service [Tomcat] (DirectJDKLog.java:173)
2025-01-04 19:26:38 [Thread-5] INFO [/] - Destroying Spring FrameworkServlet 'dispatcherServlet' (DirectJDKLog.java:173)
2025-01-04 19:26:38 [Thread-5] INFO Http11NioProtocol - Stopping ProtocolHandler ["http-nio-8089"] (DirectJDKLog.java:173)
2025-01-04 19:26:38 [Thread-5] INFO Http11NioProtocol - Destroying ProtocolHandler ["http-nio-8089"] (DirectJDKLog.java:173)
2025-01-04 19:26:38 [Thread-5] INFO LocalContainerEntityManagerFactoryBean - Closing JPA EntityManagerFactory for persistence unit 'default' (AbstractEntityManagerFactoryBean.java:650)
2025-01-04 19:26:38 [Thread-5] INFO HikariDataSource - HikariPool-1 - Shutdown initiated... (HikariDataSource.java:350)
2025-01-04 19:26:38 [Thread-5] INFO HikariDataSource - HikariPool-1 - Shutdown completed. (HikariDataSource.java:352)
2025-01-04 19:26:38 [restartedMain] INFO SOPConfigServiceApp - Starting SOPConfigServiceApp using Java 20 with PID 42512 (C:\Users\Ravi\spring_practice\sop\sop-config-service\target\classes started by Ravi in C:\Users\Ravi\spring_practice\sop\sop-config-service) (StartupInfoLogger.java:51)
2025-01-04 19:26:38 [restartedMain] INFO SOPConfigServiceApp - No active profile set, falling back to 1 default profile: "default" (SpringApplication.java:638)
2025-01-04 19:26:38 [restartedMain] INFO RepositoryConfigurationDelegate - Multiple Spring Data modules found, entering strict repository configuration mode (RepositoryConfigurationDelegate.java:291)
2025-01-04 19:26:38 [restartedMain] INFO RepositoryConfigurationDelegate - Bootstrapping Spring Data JDBC repositories in DEFAULT mode. (RepositoryConfigurationDelegate.java:138)
2025-01-04 19:26:38 [restartedMain] INFO RepositoryConfigurationExtensionSupport - Spring Data JDBC - Could not safely identify store assignment for repository candidate interface com.pawar.sop.config.repository.SopActionTypeRepository; If you want this repository to be a JDBC repository, consider annotating your entities with one of these annotations: org.springframework.data.relational.core.mapping.Table. (RepositoryConfigurationExtensionSupport.java:320)
2025-01-04 19:26:38 [restartedMain] INFO RepositoryConfigurationExtensionSupport - Spring Data JDBC - Could not safely identify store assignment for repository candidate interface com.pawar.sop.config.repository.SopEligibleLocationsRepository; If you want this repository to be a JDBC repository, consider annotating your entities with one of these annotations: org.springframework.data.relational.core.mapping.Table. (RepositoryConfigurationExtensionSupport.java:320)
2025-01-04 19:26:38 [restartedMain] INFO RepositoryConfigurationExtensionSupport - Spring Data JDBC - Could not safely identify store assignment for repository candidate interface com.pawar.sop.config.repository.SopLocationRangeRepository; If you want this repository to be a JDBC repository, consider annotating your entities with one of these annotations: org.springframework.data.relational.core.mapping.Table. (RepositoryConfigurationExtensionSupport.java:320)
2025-01-04 19:26:38 [restartedMain] INFO RepositoryConfigurationDelegate - Finished Spring Data repository scanning in 10 ms. Found 0 JDBC repository interfaces. (RepositoryConfigurationDelegate.java:208)
2025-01-04 19:26:38 [restartedMain] INFO RepositoryConfigurationDelegate - Multiple Spring Data modules found, entering strict repository configuration mode (RepositoryConfigurationDelegate.java:291)
2025-01-04 19:26:38 [restartedMain] INFO RepositoryConfigurationDelegate - Bootstrapping Spring Data JPA repositories in DEFAULT mode. (RepositoryConfigurationDelegate.java:138)
2025-01-04 19:26:38 [restartedMain] INFO RepositoryConfigurationDelegate - Finished Spring Data repository scanning in 9 ms. Found 3 JPA repository interfaces. (RepositoryConfigurationDelegate.java:208)
2025-01-04 19:26:38 [restartedMain] INFO TomcatWebServer - Tomcat initialized with port(s): 8089 (http) (TomcatWebServer.java:108)
2025-01-04 19:26:38 [restartedMain] INFO Http11NioProtocol - Initializing ProtocolHandler ["http-nio-8089"] (DirectJDKLog.java:173)
2025-01-04 19:26:38 [restartedMain] INFO StandardService - Starting service [Tomcat] (DirectJDKLog.java:173)
2025-01-04 19:26:38 [restartedMain] INFO StandardEngine - Starting Servlet engine: [Apache Tomcat/10.1.15] (DirectJDKLog.java:173)
2025-01-04 19:26:38 [restartedMain] INFO [/] - Initializing Spring embedded WebApplicationContext (DirectJDKLog.java:173)
2025-01-04 19:26:38 [restartedMain] INFO ServletWebServerApplicationContext - Root WebApplicationContext: initialization completed in 331 ms (ServletWebServerApplicationContext.java:291)
2025-01-04 19:26:38 [restartedMain] INFO LogHelper - HHH000204: Processing PersistenceUnitInfo [name: default] (LogHelper.java:31)
2025-01-04 19:26:38 [restartedMain] INFO SpringPersistenceUnitInfo - No LoadTimeWeaver setup: ignoring JPA class transformer (SpringPersistenceUnitInfo.java:87)
2025-01-04 19:26:38 [restartedMain] INFO HikariDataSource - HikariPool-2 - Starting... (HikariDataSource.java:110)
2025-01-04 19:26:38 [restartedMain] INFO HikariPool - HikariPool-2 - Added connection com.mysql.cj.jdbc.ConnectionImpl@9ce601d (HikariPool.java:565)
2025-01-04 19:26:38 [restartedMain] INFO HikariDataSource - HikariPool-2 - Start completed. (HikariDataSource.java:123)
2025-01-04 19:26:38 [restartedMain] INFO JtaPlatformInitiator - HHH000489: No JTA platform available (set 'hibernate.transaction.jta.platform' to enable JTA platform integration) (JtaPlatformInitiator.java:55)
2025-01-04 19:26:39 [restartedMain] INFO LocalContainerEntityManagerFactoryBean - Initialized JPA EntityManagerFactory for persistence unit 'default' (AbstractEntityManagerFactoryBean.java:437)
2025-01-04 19:26:39 [restartedMain] WARN JpaBaseConfiguration$JpaWebConfiguration - spring.jpa.open-in-view is enabled by default. Therefore, database queries may be performed during view rendering. Explicitly configure spring.jpa.open-in-view to disable this warning (JpaBaseConfiguration.java:231)
2025-01-04 19:26:39 [restartedMain] INFO OptionalLiveReloadServer - LiveReload server is running on port 35729 (OptionalLiveReloadServer.java:59)
2025-01-04 19:26:39 [restartedMain] INFO Http11NioProtocol - Starting ProtocolHandler ["http-nio-8089"] (DirectJDKLog.java:173)
2025-01-04 19:26:39 [restartedMain] INFO TomcatWebServer - Tomcat started on port(s): 8089 (http) with context path '' (TomcatWebServer.java:220)
2025-01-04 19:26:39 [restartedMain] INFO SOPConfigServiceApp - Started SOPConfigServiceApp in 0.922 seconds (process running for 69.63) (StartupInfoLogger.java:57)
2025-01-04 19:26:39 [restartedMain] INFO ConditionEvaluationDeltaLoggingListener - Condition evaluation unchanged (ConditionEvaluationDeltaLoggingListener.java:63)
2025-01-04 19:26:41 [http-nio-8089-exec-2] INFO [/] - Initializing Spring DispatcherServlet 'dispatcherServlet' (DirectJDKLog.java:173)
2025-01-04 19:26:41 [http-nio-8089-exec-2] INFO DispatcherServlet - Initializing Servlet 'dispatcherServlet' (FrameworkServlet.java:532)
2025-01-04 19:26:41 [http-nio-8089-exec-2] INFO DispatcherServlet - Completed initialization in 1 ms (FrameworkServlet.java:554)
2025-01-04 19:26:41 [http-nio-8089-exec-2] WARN DefaultHandlerExceptionResolver - Resolved [org.springframework.web.HttpRequestMethodNotSupportedException: Request method 'GET' is not supported] (AbstractHandlerExceptionResolver.java:207)
2025-01-04 19:26:51 [File Watcher] INFO LocalDevToolsAutoConfiguration$RestartingClassPathChangeChangedEventListener - Restarting due to 1 class path change (0 additions, 0 deletions, 1 modification) (LocalDevToolsAutoConfiguration.java:211)
2025-01-04 19:26:51 [Thread-7] INFO Http11NioProtocol - Pausing ProtocolHandler ["http-nio-8089"] (DirectJDKLog.java:173)
2025-01-04 19:26:51 [Thread-7] INFO StandardService - Stopping service [Tomcat] (DirectJDKLog.java:173)
2025-01-04 19:26:51 [Thread-7] INFO [/] - Destroying Spring FrameworkServlet 'dispatcherServlet' (DirectJDKLog.java:173)
2025-01-04 19:26:51 [Thread-7] INFO Http11NioProtocol - Stopping ProtocolHandler ["http-nio-8089"] (DirectJDKLog.java:173)
2025-01-04 19:26:51 [Thread-7] INFO Http11NioProtocol - Destroying ProtocolHandler ["http-nio-8089"] (DirectJDKLog.java:173)
2025-01-04 19:26:51 [Thread-7] INFO LocalContainerEntityManagerFactoryBean - Closing JPA EntityManagerFactory for persistence unit 'default' (AbstractEntityManagerFactoryBean.java:650)
2025-01-04 19:26:51 [Thread-7] INFO HikariDataSource - HikariPool-2 - Shutdown initiated... (HikariDataSource.java:350)
2025-01-04 19:26:51 [Thread-7] INFO HikariDataSource - HikariPool-2 - Shutdown completed. (HikariDataSource.java:352)
2025-01-04 19:26:51 [restartedMain] INFO SOPConfigServiceApp - Starting SOPConfigServiceApp using Java 20 with PID 42512 (C:\Users\Ravi\spring_practice\sop\sop-config-service\target\classes started by Ravi in C:\Users\Ravi\spring_practice\sop\sop-config-service) (StartupInfoLogger.java:51)
2025-01-04 19:26:51 [restartedMain] INFO SOPConfigServiceApp - No active profile set, falling back to 1 default profile: "default" (SpringApplication.java:638)
2025-01-04 19:26:51 [restartedMain] INFO RepositoryConfigurationDelegate - Multiple Spring Data modules found, entering strict repository configuration mode (RepositoryConfigurationDelegate.java:291)
2025-01-04 19:26:51 [restartedMain] INFO RepositoryConfigurationDelegate - Bootstrapping Spring Data JDBC repositories in DEFAULT mode. (RepositoryConfigurationDelegate.java:138)
2025-01-04 19:26:51 [restartedMain] INFO RepositoryConfigurationExtensionSupport - Spring Data JDBC - Could not safely identify store assignment for repository candidate interface com.pawar.sop.config.repository.SopActionTypeRepository; If you want this repository to be a JDBC repository, consider annotating your entities with one of these annotations: org.springframework.data.relational.core.mapping.Table. (RepositoryConfigurationExtensionSupport.java:320)
2025-01-04 19:26:51 [restartedMain] INFO RepositoryConfigurationExtensionSupport - Spring Data JDBC - Could not safely identify store assignment for repository candidate interface com.pawar.sop.config.repository.SopEligibleLocationsRepository; If you want this repository to be a JDBC repository, consider annotating your entities with one of these annotations: org.springframework.data.relational.core.mapping.Table. (RepositoryConfigurationExtensionSupport.java:320)
2025-01-04 19:26:51 [restartedMain] INFO RepositoryConfigurationExtensionSupport - Spring Data JDBC - Could not safely identify store assignment for repository candidate interface com.pawar.sop.config.repository.SopLocationRangeRepository; If you want this repository to be a JDBC repository, consider annotating your entities with one of these annotations: org.springframework.data.relational.core.mapping.Table. (RepositoryConfigurationExtensionSupport.java:320)
2025-01-04 19:26:51 [restartedMain] INFO RepositoryConfigurationDelegate - Finished Spring Data repository scanning in 9 ms. Found 0 JDBC repository interfaces. (RepositoryConfigurationDelegate.java:208)
2025-01-04 19:26:51 [restartedMain] INFO RepositoryConfigurationDelegate - Multiple Spring Data modules found, entering strict repository configuration mode (RepositoryConfigurationDelegate.java:291)
2025-01-04 19:26:51 [restartedMain] INFO RepositoryConfigurationDelegate - Bootstrapping Spring Data JPA repositories in DEFAULT mode. (RepositoryConfigurationDelegate.java:138)
2025-01-04 19:26:51 [restartedMain] INFO RepositoryConfigurationDelegate - Finished Spring Data repository scanning in 9 ms. Found 3 JPA repository interfaces. (RepositoryConfigurationDelegate.java:208)
2025-01-04 19:26:51 [restartedMain] INFO TomcatWebServer - Tomcat initialized with port(s): 8089 (http) (TomcatWebServer.java:108)
2025-01-04 19:26:51 [restartedMain] INFO Http11NioProtocol - Initializing ProtocolHandler ["http-nio-8089"] (DirectJDKLog.java:173)
2025-01-04 19:26:51 [restartedMain] INFO StandardService - Starting service [Tomcat] (DirectJDKLog.java:173)
2025-01-04 19:26:51 [restartedMain] INFO StandardEngine - Starting Servlet engine: [Apache Tomcat/10.1.15] (DirectJDKLog.java:173)
2025-01-04 19:26:51 [restartedMain] INFO [/] - Initializing Spring embedded WebApplicationContext (DirectJDKLog.java:173)
2025-01-04 19:26:51 [restartedMain] INFO ServletWebServerApplicationContext - Root WebApplicationContext: initialization completed in 294 ms (ServletWebServerApplicationContext.java:291)
2025-01-04 19:26:51 [restartedMain] INFO LogHelper - HHH000204: Processing PersistenceUnitInfo [name: default] (LogHelper.java:31)
2025-01-04 19:26:51 [restartedMain] INFO SpringPersistenceUnitInfo - No LoadTimeWeaver setup: ignoring JPA class transformer (SpringPersistenceUnitInfo.java:87)
2025-01-04 19:26:51 [restartedMain] INFO HikariDataSource - HikariPool-3 - Starting... (HikariDataSource.java:110)
2025-01-04 19:26:51 [restartedMain] INFO HikariPool - HikariPool-3 - Added connection com.mysql.cj.jdbc.ConnectionImpl@7f61c265 (HikariPool.java:565)
2025-01-04 19:26:51 [restartedMain] INFO HikariDataSource - HikariPool-3 - Start completed. (HikariDataSource.java:123)
2025-01-04 19:26:51 [restartedMain] INFO JtaPlatformInitiator - HHH000489: No JTA platform available (set 'hibernate.transaction.jta.platform' to enable JTA platform integration) (JtaPlatformInitiator.java:55)
2025-01-04 19:26:51 [restartedMain] INFO LocalContainerEntityManagerFactoryBean - Initialized JPA EntityManagerFactory for persistence unit 'default' (AbstractEntityManagerFactoryBean.java:437)
2025-01-04 19:26:51 [restartedMain] WARN JpaBaseConfiguration$JpaWebConfiguration - spring.jpa.open-in-view is enabled by default. Therefore, database queries may be performed during view rendering. Explicitly configure spring.jpa.open-in-view to disable this warning (JpaBaseConfiguration.java:231)
2025-01-04 19:26:52 [restartedMain] INFO OptionalLiveReloadServer - LiveReload server is running on port 35729 (OptionalLiveReloadServer.java:59)
2025-01-04 19:26:52 [restartedMain] INFO Http11NioProtocol - Starting ProtocolHandler ["http-nio-8089"] (DirectJDKLog.java:173)
2025-01-04 19:26:52 [restartedMain] INFO TomcatWebServer - Tomcat started on port(s): 8089 (http) with context path '' (TomcatWebServer.java:220)
2025-01-04 19:26:52 [restartedMain] INFO SOPConfigServiceApp - Started SOPConfigServiceApp in 0.817 seconds (process running for 82.292) (StartupInfoLogger.java:57)
2025-01-04 19:26:52 [restartedMain] INFO ConditionEvaluationDeltaLoggingListener - Condition evaluation unchanged (ConditionEvaluationDeltaLoggingListener.java:63)
2025-01-04 19:26:53 [http-nio-8089-exec-3] INFO [/] - Initializing Spring DispatcherServlet 'dispatcherServlet' (DirectJDKLog.java:173)
2025-01-04 19:26:53 [http-nio-8089-exec-3] INFO DispatcherServlet - Initializing Servlet 'dispatcherServlet' (FrameworkServlet.java:532)
2025-01-04 19:26:53 [http-nio-8089-exec-3] INFO DispatcherServlet - Completed initialization in 1 ms (FrameworkServlet.java:554)
2025-01-04 19:26:53 [http-nio-8089-exec-3] WARN DefaultHandlerExceptionResolver - Resolved [org.springframework.web.HttpMediaTypeNotSupportedException: Content-Type is not supported] (AbstractHandlerExceptionResolver.java:207)
2025-01-04 19:27:05 [File Watcher] INFO LocalDevToolsAutoConfiguration$RestartingClassPathChangeChangedEventListener - Restarting due to 1 class path change (0 additions, 0 deletions, 1 modification) (LocalDevToolsAutoConfiguration.java:211)
2025-01-04 19:27:05 [Thread-11] INFO Http11NioProtocol - Pausing ProtocolHandler ["http-nio-8089"] (DirectJDKLog.java:173)
2025-01-04 19:27:05 [Thread-11] INFO StandardService - Stopping service [Tomcat] (DirectJDKLog.java:173)
2025-01-04 19:27:05 [Thread-11] INFO [/] - Destroying Spring FrameworkServlet 'dispatcherServlet' (DirectJDKLog.java:173)
2025-01-04 19:27:05 [Thread-11] INFO Http11NioProtocol - Stopping ProtocolHandler ["http-nio-8089"] (DirectJDKLog.java:173)
2025-01-04 19:27:05 [Thread-11] INFO Http11NioProtocol - Destroying ProtocolHandler ["http-nio-8089"] (DirectJDKLog.java:173)
2025-01-04 19:27:05 [Thread-11] INFO LocalContainerEntityManagerFactoryBean - Closing JPA EntityManagerFactory for persistence unit 'default' (AbstractEntityManagerFactoryBean.java:650)
2025-01-04 19:27:05 [Thread-11] INFO HikariDataSource - HikariPool-3 - Shutdown initiated... (HikariDataSource.java:350)
2025-01-04 19:27:05 [Thread-11] INFO HikariDataSource - HikariPool-3 - Shutdown completed. (HikariDataSource.java:352)
2025-01-04 19:27:05 [restartedMain] INFO SOPConfigServiceApp - Starting SOPConfigServiceApp using Java 20 with PID 42512 (C:\Users\Ravi\spring_practice\sop\sop-config-service\target\classes started by Ravi in C:\Users\Ravi\spring_practice\sop\sop-config-service) (StartupInfoLogger.java:51)
2025-01-04 19:27:05 [restartedMain] INFO SOPConfigServiceApp - No active profile set, falling back to 1 default profile: "default" (SpringApplication.java:638)
2025-01-04 19:27:06 [restartedMain] INFO RepositoryConfigurationDelegate - Multiple Spring Data modules found, entering strict repository configuration mode (RepositoryConfigurationDelegate.java:291)
2025-01-04 19:27:06 [restartedMain] INFO RepositoryConfigurationDelegate - Bootstrapping Spring Data JDBC repositories in DEFAULT mode. (RepositoryConfigurationDelegate.java:138)
2025-01-04 19:27:06 [restartedMain] INFO RepositoryConfigurationExtensionSupport - Spring Data JDBC - Could not safely identify store assignment for repository candidate interface com.pawar.sop.config.repository.SopActionTypeRepository; If you want this repository to be a JDBC repository, consider annotating your entities with one of these annotations: org.springframework.data.relational.core.mapping.Table. (RepositoryConfigurationExtensionSupport.java:320)
2025-01-04 19:27:06 [restartedMain] INFO RepositoryConfigurationExtensionSupport - Spring Data JDBC - Could not safely identify store assignment for repository candidate interface com.pawar.sop.config.repository.SopEligibleLocationsRepository; If you want this repository to be a JDBC repository, consider annotating your entities with one of these annotations: org.springframework.data.relational.core.mapping.Table. (RepositoryConfigurationExtensionSupport.java:320)
2025-01-04 19:27:06 [restartedMain] INFO RepositoryConfigurationExtensionSupport - Spring Data JDBC - Could not safely identify store assignment for repository candidate interface com.pawar.sop.config.repository.SopLocationRangeRepository; If you want this repository to be a JDBC repository, consider annotating your entities with one of these annotations: org.springframework.data.relational.core.mapping.Table. (RepositoryConfigurationExtensionSupport.java:320)
2025-01-04 19:27:06 [restartedMain] INFO RepositoryConfigurationDelegate - Finished Spring Data repository scanning in 8 ms. Found 0 JDBC repository interfaces. (RepositoryConfigurationDelegate.java:208)
2025-01-04 19:27:06 [restartedMain] INFO RepositoryConfigurationDelegate - Multiple Spring Data modules found, entering strict repository configuration mode (RepositoryConfigurationDelegate.java:291)
2025-01-04 19:27:06 [restartedMain] INFO RepositoryConfigurationDelegate - Bootstrapping Spring Data JPA repositories in DEFAULT mode. (RepositoryConfigurationDelegate.java:138)
2025-01-04 19:27:06 [restartedMain] INFO RepositoryConfigurationDelegate - Finished Spring Data repository scanning in 8 ms. Found 3 JPA repository interfaces. (RepositoryConfigurationDelegate.java:208)
2025-01-04 19:27:06 [restartedMain] INFO TomcatWebServer - Tomcat initialized with port(s): 8089 (http) (TomcatWebServer.java:108)
2025-01-04 19:27:06 [restartedMain] INFO Http11NioProtocol - Initializing ProtocolHandler ["http-nio-8089"] (DirectJDKLog.java:173)
2025-01-04 19:27:06 [restartedMain] INFO StandardService - Starting service [Tomcat] (DirectJDKLog.java:173)
2025-01-04 19:27:06 [restartedMain] INFO StandardEngine - Starting Servlet engine: [Apache Tomcat/10.1.15] (DirectJDKLog.java:173)
2025-01-04 19:27:06 [restartedMain] INFO [/] - Initializing Spring embedded WebApplicationContext (DirectJDKLog.java:173)
2025-01-04 19:27:06 [restartedMain] INFO ServletWebServerApplicationContext - Root WebApplicationContext: initialization completed in 270 ms (ServletWebServerApplicationContext.java:291)
2025-01-04 19:27:06 [restartedMain] INFO LogHelper - HHH000204: Processing PersistenceUnitInfo [name: default] (LogHelper.java:31)
2025-01-04 19:27:06 [restartedMain] INFO SpringPersistenceUnitInfo - No LoadTimeWeaver setup: ignoring JPA class transformer (SpringPersistenceUnitInfo.java:87)
2025-01-04 19:27:06 [restartedMain] INFO HikariDataSource - HikariPool-4 - Starting... (HikariDataSource.java:110)
2025-01-04 19:27:06 [restartedMain] INFO HikariPool - HikariPool-4 - Added connection com.mysql.cj.jdbc.ConnectionImpl@39779272 (HikariPool.java:565)
2025-01-04 19:27:06 [restartedMain] INFO HikariDataSource - HikariPool-4 - Start completed. (HikariDataSource.java:123)
2025-01-04 19:27:06 [restartedMain] INFO JtaPlatformInitiator - HHH000489: No JTA platform available (set 'hibernate.transaction.jta.platform' to enable JTA platform integration) (JtaPlatformInitiator.java:55)
2025-01-04 19:27:06 [restartedMain] INFO LocalContainerEntityManagerFactoryBean - Initialized JPA EntityManagerFactory for persistence unit 'default' (AbstractEntityManagerFactoryBean.java:437)
2025-01-04 19:27:06 [restartedMain] WARN JpaBaseConfiguration$JpaWebConfiguration - spring.jpa.open-in-view is enabled by default. Therefore, database queries may be performed during view rendering. Explicitly configure spring.jpa.open-in-view to disable this warning (JpaBaseConfiguration.java:231)
2025-01-04 19:27:06 [restartedMain] INFO OptionalLiveReloadServer - LiveReload server is running on port 35729 (OptionalLiveReloadServer.java:59)
2025-01-04 19:27:06 [restartedMain] INFO Http11NioProtocol - Starting ProtocolHandler ["http-nio-8089"] (DirectJDKLog.java:173)
2025-01-04 19:27:06 [restartedMain] INFO TomcatWebServer - Tomcat started on port(s): 8089 (http) with context path '' (TomcatWebServer.java:220)
2025-01-04 19:27:06 [restartedMain] INFO SOPConfigServiceApp - Started SOPConfigServiceApp in 0.809 seconds (process running for 96.966) (StartupInfoLogger.java:57)
2025-01-04 19:27:06 [restartedMain] INFO ConditionEvaluationDeltaLoggingListener - Condition evaluation unchanged (ConditionEvaluationDeltaLoggingListener.java:63)
2025-01-04 19:27:08 [http-nio-8089-exec-2] INFO [/] - Initializing Spring DispatcherServlet 'dispatcherServlet' (DirectJDKLog.java:173)
2025-01-04 19:27:08 [http-nio-8089-exec-2] INFO DispatcherServlet - Initializing Servlet 'dispatcherServlet' (FrameworkServlet.java:532)
2025-01-04 19:27:08 [http-nio-8089-exec-2] INFO DispatcherServlet - Completed initialization in 1 ms (FrameworkServlet.java:554)
2025-01-04 19:27:08 [http-nio-8089-exec-2] INFO SopConfigController - Action Type  : Assignment (SopConfigController.java:43)
2025-01-04 19:27:08 [http-nio-8089-exec-2] INFO SOPConfigServiceImpl - getActionType : Assignment (SOPConfigServiceImpl.java:65)
2025-01-04 19:27:08 [http-nio-8089-exec-2] ERROR SopConfigController - Exception occurred:  (SopConfigController.java:53)
org.springframework.orm.jpa.JpaSystemException: Specified result type [java.lang.String] did not match Query selection type [com.pawar.sop.config.model.SopActionType] - multiple selections: use Tuple or array
	at org.springframework.orm.jpa.vendor.HibernateJpaDialect.convertHibernateAccessException(HibernateJpaDialect.java:320)
	at org.springframework.orm.jpa.vendor.HibernateJpaDialect.translateExceptionIfPossible(HibernateJpaDialect.java:229)
	at org.springframework.orm.jpa.AbstractEntityManagerFactoryBean.translateExceptionIfPossible(AbstractEntityManagerFactoryBean.java:550)
	at org.springframework.dao.support.ChainedPersistenceExceptionTranslator.translateExceptionIfPossible(ChainedPersistenceExceptionTranslator.java:61)
	at org.springframework.dao.support.DataAccessUtils.translateIfNecessary(DataAccessUtils.java:243)
	at org.springframework.dao.support.PersistenceExceptionTranslationInterceptor.invoke(PersistenceExceptionTranslationInterceptor.java:152)
	at org.springframework.aop.framework.ReflectiveMethodInvocation.proceed(ReflectiveMethodInvocation.java:184)
	at org.springframework.data.jpa.repository.support.CrudMethodMetadataPostProcessor$CrudMethodMetadataPopulatingMethodInterceptor.invoke(CrudMethodMetadataPostProcessor.java:135)
	at org.springframework.aop.framework.ReflectiveMethodInvocation.proceed(ReflectiveMethodInvocation.java:184)
	at org.springframework.aop.interceptor.ExposeInvocationInterceptor.invoke(ExposeInvocationInterceptor.java:97)
	at org.springframework.aop.framework.ReflectiveMethodInvocation.proceed(ReflectiveMethodInvocation.java:184)
	at org.springframework.aop.framework.JdkDynamicAopProxy.invoke(JdkDynamicAopProxy.java:244)
	at jdk.proxy7/jdk.proxy7.$Proxy159.findByActionDesc(Unknown Source)
	at com.pawar.sop.config.service.SOPConfigServiceImpl.getActionType(SOPConfigServiceImpl.java:66)
	at com.pawar.sop.config.controller.SopConfigController.getActionType(SopConfigController.java:49)
	at java.base/jdk.internal.reflect.DirectMethodHandleAccessor.invoke(DirectMethodHandleAccessor.java:104)
	at java.base/java.lang.reflect.Method.invoke(Method.java:578)
	at org.springframework.web.method.support.InvocableHandlerMethod.doInvoke(InvocableHandlerMethod.java:205)
	at org.springframework.web.method.support.InvocableHandlerMethod.invokeForRequest(InvocableHandlerMethod.java:150)
	at org.springframework.web.servlet.mvc.method.annotation.ServletInvocableHandlerMethod.invokeAndHandle(ServletInvocableHandlerMethod.java:118)
	at org.springframework.web.servlet.mvc.method.annotation.RequestMappingHandlerAdapter.invokeHandlerMethod(RequestMappingHandlerAdapter.java:884)
	at org.springframework.web.servlet.mvc.method.annotation.RequestMappingHandlerAdapter.handleInternal(RequestMappingHandlerAdapter.java:797)
	at org.springframework.web.servlet.mvc.method.AbstractHandlerMethodAdapter.handle(AbstractHandlerMethodAdapter.java:87)
	at org.springframework.web.servlet.DispatcherServlet.doDispatch(DispatcherServlet.java:1081)
	at org.springframework.web.servlet.DispatcherServlet.doService(DispatcherServlet.java:974)
	at org.springframework.web.servlet.FrameworkServlet.processRequest(FrameworkServlet.java:1011)
	at org.springframework.web.servlet.FrameworkServlet.doGet(FrameworkServlet.java:903)
	at jakarta.servlet.http.HttpServlet.service(HttpServlet.java:564)
	at org.springframework.web.servlet.FrameworkServlet.service(FrameworkServlet.java:885)
	at jakarta.servlet.http.HttpServlet.service(HttpServlet.java:658)
	at org.apache.catalina.core.ApplicationFilterChain.internalDoFilter(ApplicationFilterChain.java:205)
	at org.apache.catalina.core.ApplicationFilterChain.doFilter(ApplicationFilterChain.java:149)
	at org.apache.tomcat.websocket.server.WsFilter.doFilter(WsFilter.java:51)
	at org.apache.catalina.core.ApplicationFilterChain.internalDoFilter(ApplicationFilterChain.java:174)
	at org.apache.catalina.core.ApplicationFilterChain.doFilter(ApplicationFilterChain.java:149)
	at org.springframework.web.filter.RequestContextFilter.doFilterInternal(RequestContextFilter.java:100)
	at org.springframework.web.filter.OncePerRequestFilter.doFilter(OncePerRequestFilter.java:116)
	at org.apache.catalina.core.ApplicationFilterChain.internalDoFilter(ApplicationFilterChain.java:174)
	at org.apache.catalina.core.ApplicationFilterChain.doFilter(ApplicationFilterChain.java:149)
	at org.springframework.web.filter.FormContentFilter.doFilterInternal(FormContentFilter.java:93)
	at org.springframework.web.filter.OncePerRequestFilter.doFilter(OncePerRequestFilter.java:116)
	at org.apache.catalina.core.ApplicationFilterChain.internalDoFilter(ApplicationFilterChain.java:174)
	at org.apache.catalina.core.ApplicationFilterChain.doFilter(ApplicationFilterChain.java:149)
	at org.springframework.web.filter.CharacterEncodingFilter.doFilterInternal(CharacterEncodingFilter.java:201)
	at org.springframework.web.filter.OncePerRequestFilter.doFilter(OncePerRequestFilter.java:116)
	at org.apache.catalina.core.ApplicationFilterChain.internalDoFilter(ApplicationFilterChain.java:174)
	at org.apache.catalina.core.ApplicationFilterChain.doFilter(ApplicationFilterChain.java:149)
	at org.apache.catalina.core.StandardWrapperValve.invoke(StandardWrapperValve.java:167)
	at org.apache.catalina.core.StandardContextValve.invoke(StandardContextValve.java:90)
	at org.apache.catalina.authenticator.AuthenticatorBase.invoke(AuthenticatorBase.java:482)
	at org.apache.catalina.core.StandardHostValve.invoke(StandardHostValve.java:115)
	at org.apache.catalina.valves.ErrorReportValve.invoke(ErrorReportValve.java:93)
	at org.apache.catalina.core.StandardEngineValve.invoke(StandardEngineValve.java:74)
	at org.apache.catalina.connector.CoyoteAdapter.service(CoyoteAdapter.java:340)
	at org.apache.coyote.http11.Http11Processor.service(Http11Processor.java:391)
	at org.apache.coyote.AbstractProcessorLight.process(AbstractProcessorLight.java:63)
	at org.apache.coyote.AbstractProtocol$ConnectionHandler.process(AbstractProtocol.java:896)
	at org.apache.tomcat.util.net.NioEndpoint$SocketProcessor.doRun(NioEndpoint.java:1744)
	at org.apache.tomcat.util.net.SocketProcessorBase.run(SocketProcessorBase.java:52)
	at org.apache.tomcat.util.threads.ThreadPoolExecutor.runWorker(ThreadPoolExecutor.java:1191)
	at org.apache.tomcat.util.threads.ThreadPoolExecutor$Worker.run(ThreadPoolExecutor.java:659)
	at org.apache.tomcat.util.threads.TaskThread$WrappingRunnable.run(TaskThread.java:61)
	at java.base/java.lang.Thread.run(Thread.java:1623)
Caused by: org.hibernate.query.QueryTypeMismatchException: Specified result type [java.lang.String] did not match Query selection type [com.pawar.sop.config.model.SopActionType] - multiple selections: use Tuple or array
	at org.hibernate.query.spi.AbstractSelectionQuery.throwQueryTypeMismatchException(AbstractSelectionQuery.java:352)
	at org.hibernate.query.spi.AbstractSelectionQuery.verifyResultType(AbstractSelectionQuery.java:342)
	at org.hibernate.query.spi.AbstractSelectionQuery.checkQueryReturnType(AbstractSelectionQuery.java:290)
	at org.hibernate.query.spi.AbstractSelectionQuery.visitQueryReturnType(AbstractSelectionQuery.java:232)
	at org.hibernate.query.sqm.internal.QuerySqmImpl.<init>(QuerySqmImpl.java:263)
	at org.hibernate.internal.AbstractSharedSessionContract.createCriteriaQuery(AbstractSharedSessionContract.java:1343)
	at org.hibernate.internal.AbstractSharedSessionContract.createQuery(AbstractSharedSessionContract.java:1304)
	at org.hibernate.internal.AbstractSharedSessionContract.createQuery(AbstractSharedSessionContract.java:120)
	at java.base/jdk.internal.reflect.DirectMethodHandleAccessor.invoke(DirectMethodHandleAccessor.java:104)
	at java.base/java.lang.reflect.Method.invoke(Method.java:578)
	at org.springframework.orm.jpa.ExtendedEntityManagerCreator$ExtendedEntityManagerInvocationHandler.invoke(ExtendedEntityManagerCreator.java:360)
	at jdk.proxy7/jdk.proxy7.$Proxy155.createQuery(Unknown Source)
	at java.base/jdk.internal.reflect.DirectMethodHandleAccessor.invoke(DirectMethodHandleAccessor.java:104)
	at java.base/java.lang.reflect.Method.invoke(Method.java:578)
	at org.springframework.orm.jpa.SharedEntityManagerCreator$SharedEntityManagerInvocationHandler.invoke(SharedEntityManagerCreator.java:311)
	at jdk.proxy7/jdk.proxy7.$Proxy155.createQuery(Unknown Source)
	at org.springframework.data.jpa.repository.query.PartTreeJpaQuery$QueryPreparer.createQuery(PartTreeJpaQuery.java:297)
	at org.springframework.data.jpa.repository.query.PartTreeJpaQuery$QueryPreparer.createQuery(PartTreeJpaQuery.java:242)
	at org.springframework.data.jpa.repository.query.PartTreeJpaQuery.doCreateQuery(PartTreeJpaQuery.java:113)
	at org.springframework.data.jpa.repository.query.AbstractJpaQuery.createQuery(AbstractJpaQuery.java:239)
	at org.springframework.data.jpa.repository.query.JpaQueryExecution$SingleEntityExecution.doExecute(JpaQueryExecution.java:223)
	at org.springframework.data.jpa.repository.query.JpaQueryExecution.execute(JpaQueryExecution.java:92)
	at org.springframework.data.jpa.repository.query.AbstractJpaQuery.doExecute(AbstractJpaQuery.java:149)
	at org.springframework.data.jpa.repository.query.AbstractJpaQuery.execute(AbstractJpaQuery.java:137)
	at org.springframework.data.repository.core.support.RepositoryMethodInvoker.doInvoke(RepositoryMethodInvoker.java:136)
	at org.springframework.data.repository.core.support.RepositoryMethodInvoker.invoke(RepositoryMethodInvoker.java:120)
	at org.springframework.data.repository.core.support.QueryExecutorMethodInterceptor.doInvoke(QueryExecutorMethodInterceptor.java:164)
	at org.springframework.data.repository.core.support.QueryExecutorMethodInterceptor.invoke(QueryExecutorMethodInterceptor.java:143)
	at org.springframework.aop.framework.ReflectiveMethodInvocation.proceed(ReflectiveMethodInvocation.java:184)
	at org.springframework.data.projection.DefaultMethodInvokingMethodInterceptor.invoke(DefaultMethodInvokingMethodInterceptor.java:72)
	at org.springframework.aop.framework.ReflectiveMethodInvocation.proceed(ReflectiveMethodInvocation.java:184)
	at org.springframework.transaction.interceptor.TransactionInterceptor$1.proceedWithInvocation(TransactionInterceptor.java:123)
	at org.springframework.transaction.interceptor.TransactionAspectSupport.invokeWithinTransaction(TransactionAspectSupport.java:391)
	at org.springframework.transaction.interceptor.TransactionInterceptor.invoke(TransactionInterceptor.java:119)
	at org.springframework.aop.framework.ReflectiveMethodInvocation.proceed(ReflectiveMethodInvocation.java:184)
	at org.springframework.dao.support.PersistenceExceptionTranslationInterceptor.invoke(PersistenceExceptionTranslationInterceptor.java:137)
	... 57 common frames omitted
2025-01-04 19:29:30 [File Watcher] INFO LocalDevToolsAutoConfiguration$RestartingClassPathChangeChangedEventListener - Restarting due to 5 class path changes (0 additions, 0 deletions, 5 modifications) (LocalDevToolsAutoConfiguration.java:211)
2025-01-04 19:29:30 [Thread-15] INFO Http11NioProtocol - Pausing ProtocolHandler ["http-nio-8089"] (DirectJDKLog.java:173)
2025-01-04 19:29:30 [Thread-15] INFO StandardService - Stopping service [Tomcat] (DirectJDKLog.java:173)
2025-01-04 19:29:30 [Thread-15] INFO [/] - Destroying Spring FrameworkServlet 'dispatcherServlet' (DirectJDKLog.java:173)
2025-01-04 19:29:30 [Thread-15] INFO Http11NioProtocol - Stopping ProtocolHandler ["http-nio-8089"] (DirectJDKLog.java:173)
2025-01-04 19:29:30 [Thread-15] INFO Http11NioProtocol - Destroying ProtocolHandler ["http-nio-8089"] (DirectJDKLog.java:173)
2025-01-04 19:29:30 [Thread-15] INFO LocalContainerEntityManagerFactoryBean - Closing JPA EntityManagerFactory for persistence unit 'default' (AbstractEntityManagerFactoryBean.java:650)
2025-01-04 19:29:30 [Thread-15] INFO HikariDataSource - HikariPool-4 - Shutdown initiated... (HikariDataSource.java:350)
2025-01-04 19:29:30 [Thread-15] INFO HikariDataSource - HikariPool-4 - Shutdown completed. (HikariDataSource.java:352)
2025-01-04 19:29:30 [restartedMain] INFO SOPConfigServiceApp - Starting SOPConfigServiceApp using Java 20 with PID 42512 (C:\Users\Ravi\spring_practice\sop\sop-config-service\target\classes started by Ravi in C:\Users\Ravi\spring_practice\sop\sop-config-service) (StartupInfoLogger.java:51)
2025-01-04 19:29:30 [restartedMain] INFO SOPConfigServiceApp - No active profile set, falling back to 1 default profile: "default" (SpringApplication.java:638)
2025-01-04 19:29:30 [restartedMain] INFO RepositoryConfigurationDelegate - Multiple Spring Data modules found, entering strict repository configuration mode (RepositoryConfigurationDelegate.java:291)
2025-01-04 19:29:30 [restartedMain] INFO RepositoryConfigurationDelegate - Bootstrapping Spring Data JDBC repositories in DEFAULT mode. (RepositoryConfigurationDelegate.java:138)
2025-01-04 19:29:30 [restartedMain] INFO RepositoryConfigurationExtensionSupport - Spring Data JDBC - Could not safely identify store assignment for repository candidate interface com.pawar.sop.config.repository.SopActionTypeRepository; If you want this repository to be a JDBC repository, consider annotating your entities with one of these annotations: org.springframework.data.relational.core.mapping.Table. (RepositoryConfigurationExtensionSupport.java:320)
2025-01-04 19:29:30 [restartedMain] INFO RepositoryConfigurationExtensionSupport - Spring Data JDBC - Could not safely identify store assignment for repository candidate interface com.pawar.sop.config.repository.SopEligibleLocationsRepository; If you want this repository to be a JDBC repository, consider annotating your entities with one of these annotations: org.springframework.data.relational.core.mapping.Table. (RepositoryConfigurationExtensionSupport.java:320)
2025-01-04 19:29:30 [restartedMain] INFO RepositoryConfigurationExtensionSupport - Spring Data JDBC - Could not safely identify store assignment for repository candidate interface com.pawar.sop.config.repository.SopLocationRangeRepository; If you want this repository to be a JDBC repository, consider annotating your entities with one of these annotations: org.springframework.data.relational.core.mapping.Table. (RepositoryConfigurationExtensionSupport.java:320)
2025-01-04 19:29:30 [restartedMain] INFO RepositoryConfigurationDelegate - Finished Spring Data repository scanning in 8 ms. Found 0 JDBC repository interfaces. (RepositoryConfigurationDelegate.java:208)
2025-01-04 19:29:30 [restartedMain] INFO RepositoryConfigurationDelegate - Multiple Spring Data modules found, entering strict repository configuration mode (RepositoryConfigurationDelegate.java:291)
2025-01-04 19:29:30 [restartedMain] INFO RepositoryConfigurationDelegate - Bootstrapping Spring Data JPA repositories in DEFAULT mode. (RepositoryConfigurationDelegate.java:138)
2025-01-04 19:29:30 [restartedMain] INFO RepositoryConfigurationDelegate - Finished Spring Data repository scanning in 10 ms. Found 3 JPA repository interfaces. (RepositoryConfigurationDelegate.java:208)
2025-01-04 19:29:30 [restartedMain] INFO TomcatWebServer - Tomcat initialized with port(s): 8089 (http) (TomcatWebServer.java:108)
2025-01-04 19:29:30 [restartedMain] INFO Http11NioProtocol - Initializing ProtocolHandler ["http-nio-8089"] (DirectJDKLog.java:173)
2025-01-04 19:29:30 [restartedMain] INFO StandardService - Starting service [Tomcat] (DirectJDKLog.java:173)
2025-01-04 19:29:30 [restartedMain] INFO StandardEngine - Starting Servlet engine: [Apache Tomcat/10.1.15] (DirectJDKLog.java:173)
2025-01-04 19:29:30 [restartedMain] INFO [/] - Initializing Spring embedded WebApplicationContext (DirectJDKLog.java:173)
2025-01-04 19:29:30 [restartedMain] INFO ServletWebServerApplicationContext - Root WebApplicationContext: initialization completed in 281 ms (ServletWebServerApplicationContext.java:291)
2025-01-04 19:29:30 [restartedMain] INFO LogHelper - HHH000204: Processing PersistenceUnitInfo [name: default] (LogHelper.java:31)
2025-01-04 19:29:30 [restartedMain] INFO SpringPersistenceUnitInfo - No LoadTimeWeaver setup: ignoring JPA class transformer (SpringPersistenceUnitInfo.java:87)
2025-01-04 19:29:30 [restartedMain] INFO HikariDataSource - HikariPool-5 - Starting... (HikariDataSource.java:110)
2025-01-04 19:29:30 [restartedMain] INFO HikariPool - HikariPool-5 - Added connection com.mysql.cj.jdbc.ConnectionImpl@4c5f72c8 (HikariPool.java:565)
2025-01-04 19:29:30 [restartedMain] INFO HikariDataSource - HikariPool-5 - Start completed. (HikariDataSource.java:123)
2025-01-04 19:29:30 [restartedMain] INFO JtaPlatformInitiator - HHH000489: No JTA platform available (set 'hibernate.transaction.jta.platform' to enable JTA platform integration) (JtaPlatformInitiator.java:55)
2025-01-04 19:29:30 [restartedMain] INFO LocalContainerEntityManagerFactoryBean - Initialized JPA EntityManagerFactory for persistence unit 'default' (AbstractEntityManagerFactoryBean.java:437)
2025-01-04 19:29:30 [restartedMain] WARN JpaBaseConfiguration$JpaWebConfiguration - spring.jpa.open-in-view is enabled by default. Therefore, database queries may be performed during view rendering. Explicitly configure spring.jpa.open-in-view to disable this warning (JpaBaseConfiguration.java:231)
2025-01-04 19:29:31 [restartedMain] INFO OptionalLiveReloadServer - LiveReload server is running on port 35729 (OptionalLiveReloadServer.java:59)
2025-01-04 19:29:31 [restartedMain] INFO Http11NioProtocol - Starting ProtocolHandler ["http-nio-8089"] (DirectJDKLog.java:173)
2025-01-04 19:29:31 [restartedMain] INFO TomcatWebServer - Tomcat started on port(s): 8089 (http) with context path '' (TomcatWebServer.java:220)
2025-01-04 19:29:31 [restartedMain] INFO SOPConfigServiceApp - Started SOPConfigServiceApp in 0.797 seconds (process running for 241.353) (StartupInfoLogger.java:57)
2025-01-04 19:29:31 [restartedMain] INFO ConditionEvaluationDeltaLoggingListener - Condition evaluation unchanged (ConditionEvaluationDeltaLoggingListener.java:63)
2025-01-04 19:29:37 [http-nio-8089-exec-2] INFO [/] - Initializing Spring DispatcherServlet 'dispatcherServlet' (DirectJDKLog.java:173)
2025-01-04 19:29:37 [http-nio-8089-exec-2] INFO DispatcherServlet - Initializing Servlet 'dispatcherServlet' (FrameworkServlet.java:532)
2025-01-04 19:29:37 [http-nio-8089-exec-2] INFO DispatcherServlet - Completed initialization in 1 ms (FrameworkServlet.java:554)
2025-01-04 19:29:37 [http-nio-8089-exec-2] INFO SopConfigController - Action Type  : Assignment (SopConfigController.java:44)
2025-01-04 19:29:37 [http-nio-8089-exec-2] INFO SOPConfigServiceImpl - getActionType : Assignment (SOPConfigServiceImpl.java:65)
2025-01-04 19:29:37 [http-nio-8089-exec-2] DEBUG SQL - select s1_0.sop_action_type_id,s1_0.action_desc,s1_0.action_type,s1_0.created_dttm,s1_0.created_source,s1_0.last_updated_dttm,s1_0.last_updated_source from sop_action_type s1_0 where s1_0.action_desc=? (SqlStatementLogger.java:133)
2025-01-04 19:29:37 [http-nio-8089-exec-2] INFO SopConfigController - SopActionType [sopActionTypeId=1, actionDesc=Assignment, actionType=1, createdDttm=2023-01-01T12:00, lastUpdatedDttm=2023-01-10T12:00, createdSource=User, lastUpdatedSource=User ] (SopConfigController.java:51)
2025-01-04 19:30:48 [http-nio-8089-exec-5] INFO SopConfigController - Action Type  : ASSIGN (SopConfigController.java:44)
2025-01-04 19:30:48 [http-nio-8089-exec-5] INFO SOPConfigServiceImpl - getActionType : ASSIGN (SOPConfigServiceImpl.java:65)
2025-01-04 19:30:48 [http-nio-8089-exec-5] DEBUG SQL - select s1_0.sop_action_type_id,s1_0.action_desc,s1_0.action_type,s1_0.created_dttm,s1_0.created_source,s1_0.last_updated_dttm,s1_0.last_updated_source from sop_action_type s1_0 where s1_0.action_desc=? (SqlStatementLogger.java:133)
2025-01-04 19:30:48 [http-nio-8089-exec-5] INFO SopConfigController - null (SopConfigController.java:51)
2025-01-04 19:31:14 [File Watcher] INFO LocalDevToolsAutoConfiguration$RestartingClassPathChangeChangedEventListener - Restarting due to 2 class path changes (0 additions, 0 deletions, 2 modifications) (LocalDevToolsAutoConfiguration.java:211)
2025-01-04 19:31:14 [Thread-19] INFO Http11NioProtocol - Pausing ProtocolHandler ["http-nio-8089"] (DirectJDKLog.java:173)
2025-01-04 19:31:14 [Thread-19] INFO StandardService - Stopping service [Tomcat] (DirectJDKLog.java:173)
2025-01-04 19:31:14 [Thread-19] INFO [/] - Destroying Spring FrameworkServlet 'dispatcherServlet' (DirectJDKLog.java:173)
2025-01-04 19:31:14 [Thread-19] INFO Http11NioProtocol - Stopping ProtocolHandler ["http-nio-8089"] (DirectJDKLog.java:173)
2025-01-04 19:31:14 [Thread-19] INFO Http11NioProtocol - Destroying ProtocolHandler ["http-nio-8089"] (DirectJDKLog.java:173)
2025-01-04 19:31:14 [Thread-19] INFO LocalContainerEntityManagerFactoryBean - Closing JPA EntityManagerFactory for persistence unit 'default' (AbstractEntityManagerFactoryBean.java:650)
2025-01-04 19:31:14 [Thread-19] INFO HikariDataSource - HikariPool-5 - Shutdown initiated... (HikariDataSource.java:350)
2025-01-04 19:31:14 [Thread-19] INFO HikariDataSource - HikariPool-5 - Shutdown completed. (HikariDataSource.java:352)
2025-01-04 19:31:14 [restartedMain] INFO SOPConfigServiceApp - Starting SOPConfigServiceApp using Java 20 with PID 42512 (C:\Users\Ravi\spring_practice\sop\sop-config-service\target\classes started by Ravi in C:\Users\Ravi\spring_practice\sop\sop-config-service) (StartupInfoLogger.java:51)
2025-01-04 19:31:14 [restartedMain] INFO SOPConfigServiceApp - No active profile set, falling back to 1 default profile: "default" (SpringApplication.java:638)
2025-01-04 19:31:15 [restartedMain] INFO RepositoryConfigurationDelegate - Multiple Spring Data modules found, entering strict repository configuration mode (RepositoryConfigurationDelegate.java:291)
2025-01-04 19:31:15 [restartedMain] INFO RepositoryConfigurationDelegate - Bootstrapping Spring Data JDBC repositories in DEFAULT mode. (RepositoryConfigurationDelegate.java:138)
2025-01-04 19:31:15 [restartedMain] INFO RepositoryConfigurationExtensionSupport - Spring Data JDBC - Could not safely identify store assignment for repository candidate interface com.pawar.sop.config.repository.SopActionTypeRepository; If you want this repository to be a JDBC repository, consider annotating your entities with one of these annotations: org.springframework.data.relational.core.mapping.Table. (RepositoryConfigurationExtensionSupport.java:320)
2025-01-04 19:31:15 [restartedMain] INFO RepositoryConfigurationExtensionSupport - Spring Data JDBC - Could not safely identify store assignment for repository candidate interface com.pawar.sop.config.repository.SopEligibleLocationsRepository; If you want this repository to be a JDBC repository, consider annotating your entities with one of these annotations: org.springframework.data.relational.core.mapping.Table. (RepositoryConfigurationExtensionSupport.java:320)
2025-01-04 19:31:15 [restartedMain] INFO RepositoryConfigurationExtensionSupport - Spring Data JDBC - Could not safely identify store assignment for repository candidate interface com.pawar.sop.config.repository.SopLocationRangeRepository; If you want this repository to be a JDBC repository, consider annotating your entities with one of these annotations: org.springframework.data.relational.core.mapping.Table. (RepositoryConfigurationExtensionSupport.java:320)
2025-01-04 19:31:15 [restartedMain] INFO RepositoryConfigurationDelegate - Finished Spring Data repository scanning in 7 ms. Found 0 JDBC repository interfaces. (RepositoryConfigurationDelegate.java:208)
2025-01-04 19:31:15 [restartedMain] INFO RepositoryConfigurationDelegate - Multiple Spring Data modules found, entering strict repository configuration mode (RepositoryConfigurationDelegate.java:291)
2025-01-04 19:31:15 [restartedMain] INFO RepositoryConfigurationDelegate - Bootstrapping Spring Data JPA repositories in DEFAULT mode. (RepositoryConfigurationDelegate.java:138)
2025-01-04 19:31:15 [restartedMain] INFO RepositoryConfigurationDelegate - Finished Spring Data repository scanning in 8 ms. Found 3 JPA repository interfaces. (RepositoryConfigurationDelegate.java:208)
2025-01-04 19:31:15 [restartedMain] INFO TomcatWebServer - Tomcat initialized with port(s): 8089 (http) (TomcatWebServer.java:108)
2025-01-04 19:31:15 [restartedMain] INFO Http11NioProtocol - Initializing ProtocolHandler ["http-nio-8089"] (DirectJDKLog.java:173)
2025-01-04 19:31:15 [restartedMain] INFO StandardService - Starting service [Tomcat] (DirectJDKLog.java:173)
2025-01-04 19:31:15 [restartedMain] INFO StandardEngine - Starting Servlet engine: [Apache Tomcat/10.1.15] (DirectJDKLog.java:173)
2025-01-04 19:31:15 [restartedMain] INFO [/] - Initializing Spring embedded WebApplicationContext (DirectJDKLog.java:173)
2025-01-04 19:31:15 [restartedMain] INFO ServletWebServerApplicationContext - Root WebApplicationContext: initialization completed in 298 ms (ServletWebServerApplicationContext.java:291)
2025-01-04 19:31:15 [restartedMain] INFO LogHelper - HHH000204: Processing PersistenceUnitInfo [name: default] (LogHelper.java:31)
2025-01-04 19:31:15 [restartedMain] INFO SpringPersistenceUnitInfo - No LoadTimeWeaver setup: ignoring JPA class transformer (SpringPersistenceUnitInfo.java:87)
2025-01-04 19:31:15 [restartedMain] INFO HikariDataSource - HikariPool-6 - Starting... (HikariDataSource.java:110)
2025-01-04 19:31:15 [restartedMain] INFO HikariPool - HikariPool-6 - Added connection com.mysql.cj.jdbc.ConnectionImpl@7623e7a7 (HikariPool.java:565)
2025-01-04 19:31:15 [restartedMain] INFO HikariDataSource - HikariPool-6 - Start completed. (HikariDataSource.java:123)
2025-01-04 19:31:15 [restartedMain] INFO JtaPlatformInitiator - HHH000489: No JTA platform available (set 'hibernate.transaction.jta.platform' to enable JTA platform integration) (JtaPlatformInitiator.java:55)
2025-01-04 19:31:15 [restartedMain] INFO LocalContainerEntityManagerFactoryBean - Initialized JPA EntityManagerFactory for persistence unit 'default' (AbstractEntityManagerFactoryBean.java:437)
2025-01-04 19:31:15 [restartedMain] WARN JpaBaseConfiguration$JpaWebConfiguration - spring.jpa.open-in-view is enabled by default. Therefore, database queries may be performed during view rendering. Explicitly configure spring.jpa.open-in-view to disable this warning (JpaBaseConfiguration.java:231)
2025-01-04 19:31:15 [restartedMain] INFO OptionalLiveReloadServer - LiveReload server is running on port 35729 (OptionalLiveReloadServer.java:59)
2025-01-04 19:31:15 [restartedMain] INFO Http11NioProtocol - Starting ProtocolHandler ["http-nio-8089"] (DirectJDKLog.java:173)
2025-01-04 19:31:15 [restartedMain] INFO TomcatWebServer - Tomcat started on port(s): 8089 (http) with context path '' (TomcatWebServer.java:220)
2025-01-04 19:31:15 [restartedMain] INFO SOPConfigServiceApp - Started SOPConfigServiceApp in 0.875 seconds (process running for 346.057) (StartupInfoLogger.java:57)
2025-01-04 19:31:15 [restartedMain] INFO ConditionEvaluationDeltaLoggingListener - Condition evaluation unchanged (ConditionEvaluationDeltaLoggingListener.java:63)
2025-01-04 19:31:22 [File Watcher] INFO LocalDevToolsAutoConfiguration$RestartingClassPathChangeChangedEventListener - Restarting due to 2 class path changes (0 additions, 0 deletions, 2 modifications) (LocalDevToolsAutoConfiguration.java:211)
2025-01-04 19:31:22 [Thread-23] INFO Http11NioProtocol - Pausing ProtocolHandler ["http-nio-8089"] (DirectJDKLog.java:173)
2025-01-04 19:31:22 [Thread-23] INFO StandardService - Stopping service [Tomcat] (DirectJDKLog.java:173)
2025-01-04 19:31:22 [Thread-23] INFO Http11NioProtocol - Stopping ProtocolHandler ["http-nio-8089"] (DirectJDKLog.java:173)
2025-01-04 19:31:22 [Thread-23] INFO Http11NioProtocol - Destroying ProtocolHandler ["http-nio-8089"] (DirectJDKLog.java:173)
2025-01-04 19:31:22 [Thread-23] INFO LocalContainerEntityManagerFactoryBean - Closing JPA EntityManagerFactory for persistence unit 'default' (AbstractEntityManagerFactoryBean.java:650)
2025-01-04 19:31:22 [Thread-23] INFO HikariDataSource - HikariPool-6 - Shutdown initiated... (HikariDataSource.java:350)
2025-01-04 19:31:22 [Thread-23] INFO HikariDataSource - HikariPool-6 - Shutdown completed. (HikariDataSource.java:352)
2025-01-04 19:31:22 [restartedMain] INFO SOPConfigServiceApp - Starting SOPConfigServiceApp using Java 20 with PID 42512 (C:\Users\Ravi\spring_practice\sop\sop-config-service\target\classes started by Ravi in C:\Users\Ravi\spring_practice\sop\sop-config-service) (StartupInfoLogger.java:51)
2025-01-04 19:31:22 [restartedMain] INFO SOPConfigServiceApp - No active profile set, falling back to 1 default profile: "default" (SpringApplication.java:638)
2025-01-04 19:31:22 [restartedMain] INFO RepositoryConfigurationDelegate - Multiple Spring Data modules found, entering strict repository configuration mode (RepositoryConfigurationDelegate.java:291)
2025-01-04 19:31:22 [restartedMain] INFO RepositoryConfigurationDelegate - Bootstrapping Spring Data JDBC repositories in DEFAULT mode. (RepositoryConfigurationDelegate.java:138)
2025-01-04 19:31:22 [restartedMain] INFO RepositoryConfigurationExtensionSupport - Spring Data JDBC - Could not safely identify store assignment for repository candidate interface com.pawar.sop.config.repository.SopActionTypeRepository; If you want this repository to be a JDBC repository, consider annotating your entities with one of these annotations: org.springframework.data.relational.core.mapping.Table. (RepositoryConfigurationExtensionSupport.java:320)
2025-01-04 19:31:22 [restartedMain] INFO RepositoryConfigurationExtensionSupport - Spring Data JDBC - Could not safely identify store assignment for repository candidate interface com.pawar.sop.config.repository.SopEligibleLocationsRepository; If you want this repository to be a JDBC repository, consider annotating your entities with one of these annotations: org.springframework.data.relational.core.mapping.Table. (RepositoryConfigurationExtensionSupport.java:320)
2025-01-04 19:31:22 [restartedMain] INFO RepositoryConfigurationExtensionSupport - Spring Data JDBC - Could not safely identify store assignment for repository candidate interface com.pawar.sop.config.repository.SopLocationRangeRepository; If you want this repository to be a JDBC repository, consider annotating your entities with one of these annotations: org.springframework.data.relational.core.mapping.Table. (RepositoryConfigurationExtensionSupport.java:320)
2025-01-04 19:31:22 [restartedMain] INFO RepositoryConfigurationDelegate - Finished Spring Data repository scanning in 7 ms. Found 0 JDBC repository interfaces. (RepositoryConfigurationDelegate.java:208)
2025-01-04 19:31:22 [restartedMain] INFO RepositoryConfigurationDelegate - Multiple Spring Data modules found, entering strict repository configuration mode (RepositoryConfigurationDelegate.java:291)
2025-01-04 19:31:22 [restartedMain] INFO RepositoryConfigurationDelegate - Bootstrapping Spring Data JPA repositories in DEFAULT mode. (RepositoryConfigurationDelegate.java:138)
2025-01-04 19:31:22 [restartedMain] INFO RepositoryConfigurationDelegate - Finished Spring Data repository scanning in 8 ms. Found 3 JPA repository interfaces. (RepositoryConfigurationDelegate.java:208)
2025-01-04 19:31:22 [restartedMain] INFO TomcatWebServer - Tomcat initialized with port(s): 8089 (http) (TomcatWebServer.java:108)
2025-01-04 19:31:22 [restartedMain] INFO Http11NioProtocol - Initializing ProtocolHandler ["http-nio-8089"] (DirectJDKLog.java:173)
2025-01-04 19:31:22 [restartedMain] INFO StandardService - Starting service [Tomcat] (DirectJDKLog.java:173)
2025-01-04 19:31:22 [restartedMain] INFO StandardEngine - Starting Servlet engine: [Apache Tomcat/10.1.15] (DirectJDKLog.java:173)
2025-01-04 19:31:22 [restartedMain] INFO [/] - Initializing Spring embedded WebApplicationContext (DirectJDKLog.java:173)
2025-01-04 19:31:22 [restartedMain] INFO ServletWebServerApplicationContext - Root WebApplicationContext: initialization completed in 274 ms (ServletWebServerApplicationContext.java:291)
2025-01-04 19:31:22 [restartedMain] INFO LogHelper - HHH000204: Processing PersistenceUnitInfo [name: default] (LogHelper.java:31)
2025-01-04 19:31:22 [restartedMain] INFO SpringPersistenceUnitInfo - No LoadTimeWeaver setup: ignoring JPA class transformer (SpringPersistenceUnitInfo.java:87)
2025-01-04 19:31:22 [restartedMain] INFO HikariDataSource - HikariPool-7 - Starting... (HikariDataSource.java:110)
2025-01-04 19:31:22 [restartedMain] INFO HikariPool - HikariPool-7 - Added connection com.mysql.cj.jdbc.ConnectionImpl@58267b09 (HikariPool.java:565)
2025-01-04 19:31:22 [restartedMain] INFO HikariDataSource - HikariPool-7 - Start completed. (HikariDataSource.java:123)
2025-01-04 19:31:22 [restartedMain] INFO JtaPlatformInitiator - HHH000489: No JTA platform available (set 'hibernate.transaction.jta.platform' to enable JTA platform integration) (JtaPlatformInitiator.java:55)
2025-01-04 19:31:22 [restartedMain] INFO LocalContainerEntityManagerFactoryBean - Initialized JPA EntityManagerFactory for persistence unit 'default' (AbstractEntityManagerFactoryBean.java:437)
2025-01-04 19:31:23 [restartedMain] WARN JpaBaseConfiguration$JpaWebConfiguration - spring.jpa.open-in-view is enabled by default. Therefore, database queries may be performed during view rendering. Explicitly configure spring.jpa.open-in-view to disable this warning (JpaBaseConfiguration.java:231)
2025-01-04 19:31:23 [restartedMain] INFO OptionalLiveReloadServer - LiveReload server is running on port 35729 (OptionalLiveReloadServer.java:59)
2025-01-04 19:31:23 [restartedMain] INFO Http11NioProtocol - Starting ProtocolHandler ["http-nio-8089"] (DirectJDKLog.java:173)
2025-01-04 19:31:23 [restartedMain] INFO TomcatWebServer - Tomcat started on port(s): 8089 (http) with context path '' (TomcatWebServer.java:220)
2025-01-04 19:31:23 [restartedMain] INFO SOPConfigServiceApp - Started SOPConfigServiceApp in 0.736 seconds (process running for 353.463) (StartupInfoLogger.java:57)
2025-01-04 19:31:23 [restartedMain] INFO ConditionEvaluationDeltaLoggingListener - Condition evaluation unchanged (ConditionEvaluationDeltaLoggingListener.java:63)
2025-01-04 19:31:25 [http-nio-8089-exec-2] INFO [/] - Initializing Spring DispatcherServlet 'dispatcherServlet' (DirectJDKLog.java:173)
2025-01-04 19:31:25 [http-nio-8089-exec-2] INFO DispatcherServlet - Initializing Servlet 'dispatcherServlet' (FrameworkServlet.java:532)
2025-01-04 19:31:25 [http-nio-8089-exec-2] INFO DispatcherServlet - Completed initialization in 1 ms (FrameworkServlet.java:554)
2025-01-04 19:31:25 [http-nio-8089-exec-2] INFO SopConfigController - Action Type  : ASSIGN (SopConfigController.java:44)
2025-01-04 19:31:25 [http-nio-8089-exec-2] INFO SOPConfigServiceImpl - getActionType : ASSIGN (SOPConfigServiceImpl.java:65)
2025-01-04 19:31:25 [http-nio-8089-exec-2] DEBUG SQL - select s1_0.sop_action_type_id,s1_0.action_desc,s1_0.action_type,s1_0.created_dttm,s1_0.created_source,s1_0.last_updated_dttm,s1_0.last_updated_source from sop_action_type s1_0 where s1_0.action_type=? (SqlStatementLogger.java:133)
2025-01-04 19:31:25 [http-nio-8089-exec-2] INFO SopConfigController - SopActionType [sopActionTypeId=1, actionDesc=Assignment, actionType=ASSIGN, createdDttm=2023-01-01T12:00, lastUpdatedDttm=2023-01-10T12:00, createdSource=User, lastUpdatedSource=User ] (SopConfigController.java:51)
2025-01-04 21:06:06 [HikariPool-7 housekeeper] WARN HikariPool - HikariPool-7 - Thread starvation or clock leap detected (housekeeper delta=23m12s483ms562s800ns). (HikariPool.java:804)
