2025-01-09 18:15:15 [main] INFO SOPConfigServiceApp - Starting SOPConfigServiceApp v0.0.1-SNAPSHOT using Java 21.0.4 with PID 87844 (C:\Users\Ravi\spring_practice\sop\sop-config-service\target\sop-config-service-0.0.1-SNAPSHOT.jar started by Ravi in C:\Users\Ravi\spring_practice\sop\sop-config-service\target) (StartupInfoLogger.java:51)
2025-01-09 18:15:15 [main] INFO SOPConfigServiceApp - No active profile set, falling back to 1 default profile: "default" (SpringApplication.java:638)
2025-01-09 18:15:16 [main] INFO RepositoryConfigurationDelegate - Multiple Spring Data modules found, entering strict repository configuration mode (RepositoryConfigurationDelegate.java:291)
2025-01-09 18:15:16 [main] INFO RepositoryConfigurationDelegate - Bootstrapping Spring Data JDBC repositories in DEFAULT mode. (RepositoryConfigurationDelegate.java:138)
2025-01-09 18:15:16 [main] INFO RepositoryConfigurationExtensionSupport - Spring Data JDBC - Could not safely identify store assignment for repository candidate interface com.pawar.sop.config.repository.SopActionTypeRepository; If you want this repository to be a JDBC repository, consider annotating your entities with one of these annotations: org.springframework.data.relational.core.mapping.Table. (RepositoryConfigurationExtensionSupport.java:320)
2025-01-09 18:15:16 [main] INFO RepositoryConfigurationExtensionSupport - Spring Data JDBC - Could not safely identify store assignment for repository candidate interface com.pawar.sop.config.repository.SopEligibleLocationsRepository; If you want this repository to be a JDBC repository, consider annotating your entities with one of these annotations: org.springframework.data.relational.core.mapping.Table. (RepositoryConfigurationExtensionSupport.java:320)
2025-01-09 18:15:16 [main] INFO RepositoryConfigurationExtensionSupport - Spring Data JDBC - Could not safely identify store assignment for repository candidate interface com.pawar.sop.config.repository.SopLocationRangeRepository; If you want this repository to be a JDBC repository, consider annotating your entities with one of these annotations: org.springframework.data.relational.core.mapping.Table. (RepositoryConfigurationExtensionSupport.java:320)
2025-01-09 18:15:16 [main] INFO RepositoryConfigurationDelegate - Finished Spring Data repository scanning in 63 ms. Found 0 JDBC repository interfaces. (RepositoryConfigurationDelegate.java:208)
2025-01-09 18:15:16 [main] INFO RepositoryConfigurationDelegate - Multiple Spring Data modules found, entering strict repository configuration mode (RepositoryConfigurationDelegate.java:291)
2025-01-09 18:15:16 [main] INFO RepositoryConfigurationDelegate - Bootstrapping Spring Data JPA repositories in DEFAULT mode. (RepositoryConfigurationDelegate.java:138)
2025-01-09 18:15:16 [main] INFO RepositoryConfigurationDelegate - Finished Spring Data repository scanning in 71 ms. Found 3 JPA repository interfaces. (RepositoryConfigurationDelegate.java:208)
2025-01-09 18:15:18 [main] INFO TomcatWebServer - Tomcat initialized with port(s): 8089 (http) (TomcatWebServer.java:108)
2025-01-09 18:15:18 [main] INFO Http11NioProtocol - Initializing ProtocolHandler ["http-nio-8089"] (DirectJDKLog.java:173)
2025-01-09 18:15:18 [main] INFO StandardService - Starting service [Tomcat] (DirectJDKLog.java:173)
2025-01-09 18:15:18 [main] INFO StandardEngine - Starting Servlet engine: [Apache Tomcat/10.1.15] (DirectJDKLog.java:173)
2025-01-09 18:15:18 [main] INFO [/] - Initializing Spring embedded WebApplicationContext (DirectJDKLog.java:173)
2025-01-09 18:15:18 [main] INFO ServletWebServerApplicationContext - Root WebApplicationContext: initialization completed in 3178 ms (ServletWebServerApplicationContext.java:291)
2025-01-09 18:15:19 [main] INFO LogHelper - HHH000204: Processing PersistenceUnitInfo [name: default] (LogHelper.java:31)
2025-01-09 18:15:19 [main] INFO Version - HHH000412: Hibernate ORM core version 6.2.13.Final (Version.java:44)
2025-01-09 18:15:19 [main] INFO Environment - HHH000406: Using bytecode reflection optimizer (Environment.java:191)
2025-01-09 18:15:19 [main] INFO SpringPersistenceUnitInfo - No LoadTimeWeaver setup: ignoring JPA class transformer (SpringPersistenceUnitInfo.java:87)
2025-01-09 18:15:19 [main] INFO HikariDataSource - HikariPool-1 - Starting... (HikariDataSource.java:110)
2025-01-09 18:15:20 [main] INFO HikariPool - HikariPool-1 - Added connection com.mysql.cj.jdbc.ConnectionImpl@16073fa8 (HikariPool.java:565)
2025-01-09 18:15:20 [main] INFO HikariDataSource - HikariPool-1 - Start completed. (HikariDataSource.java:123)
2025-01-09 18:15:22 [main] INFO JtaPlatformInitiator - HHH000489: No JTA platform available (set 'hibernate.transaction.jta.platform' to enable JTA platform integration) (JtaPlatformInitiator.java:55)
2025-01-09 18:15:22 [main] INFO LocalContainerEntityManagerFactoryBean - Initialized JPA EntityManagerFactory for persistence unit 'default' (AbstractEntityManagerFactoryBean.java:437)
2025-01-09 18:15:23 [main] WARN JpaBaseConfiguration$JpaWebConfiguration - spring.jpa.open-in-view is enabled by default. Therefore, database queries may be performed during view rendering. Explicitly configure spring.jpa.open-in-view to disable this warning (JpaBaseConfiguration.java:231)
2025-01-09 18:15:25 [main] INFO Http11NioProtocol - Starting ProtocolHandler ["http-nio-8089"] (DirectJDKLog.java:173)
2025-01-09 18:15:25 [main] INFO TomcatWebServer - Tomcat started on port(s): 8089 (http) with context path '' (TomcatWebServer.java:220)
2025-01-09 18:15:25 [main] INFO SOPConfigServiceApp - Started SOPConfigServiceApp in 11.046 seconds (process running for 12.727) (StartupInfoLogger.java:57)
2025-01-09 18:20:55 [http-nio-8089-exec-1] INFO [/] - Initializing Spring DispatcherServlet 'dispatcherServlet' (DirectJDKLog.java:173)
2025-01-09 18:20:55 [http-nio-8089-exec-1] INFO DispatcherServlet - Initializing Servlet 'dispatcherServlet' (FrameworkServlet.java:532)
2025-01-09 18:20:55 [http-nio-8089-exec-1] INFO DispatcherServlet - Completed initialization in 1 ms (FrameworkServlet.java:554)
2025-01-09 18:21:57 [http-nio-8089-exec-6] DEBUG SQL - select s1_0.sop_eligible_locations_id,s1_0.assigned_nbr_of_upc,s1_0.category,s1_0.created_dttm,s1_0.created_source,s1_0.grp,s1_0.height,s1_0.last_updated_dttm,s1_0.last_updated_source,s1_0.length,s1_0.locn_brcd,s1_0.locn_id,s1_0.max_nbr_of_sku,s1_0.sop_location_range_id,s1_0.width from sop_eligible_locations s1_0 (SqlStatementLogger.java:133)
2025-01-09 18:21:57 [http-nio-8089-exec-6] DEBUG SQL - select s1_0.sop_location_range_id,s1_0.avl_active_locations,s1_0.category,s1_0.created_dttm,s1_0.created_source,s1_0.from_location,s1_0.is_active,s1_0.last_updated_dttm,s1_0.last_updated_source,s2_0.sop_action_type_id,s2_0.action_desc,s2_0.action_type,s2_0.created_dttm,s2_0.created_source,s2_0.last_updated_dttm,s2_0.last_updated_source,s1_0.to_location,s1_0.total_active_locations,s1_0.used_active_locations from sop_location_range s1_0 left join sop_action_type s2_0 on s2_0.sop_action_type_id=s1_0.sop_action_type_id where s1_0.sop_location_range_id=? (SqlStatementLogger.java:133)
2025-01-09 18:21:58 [http-nio-8089-exec-6] DEBUG SQL - select s1_0.sop_location_range_id,s1_0.avl_active_locations,s1_0.category,s1_0.created_dttm,s1_0.created_source,s1_0.from_location,s1_0.is_active,s1_0.last_updated_dttm,s1_0.last_updated_source,s2_0.sop_action_type_id,s2_0.action_desc,s2_0.action_type,s2_0.created_dttm,s2_0.created_source,s2_0.last_updated_dttm,s2_0.last_updated_source,s1_0.to_location,s1_0.total_active_locations,s1_0.used_active_locations from sop_location_range s1_0 left join sop_action_type s2_0 on s2_0.sop_action_type_id=s1_0.sop_action_type_id where s1_0.sop_location_range_id=? (SqlStatementLogger.java:133)
2025-01-09 18:23:08 [http-nio-8089-exec-9] DEBUG SQL - select s1_0.sop_location_range_id,s1_0.avl_active_locations,s1_0.category,s1_0.created_dttm,s1_0.created_source,s1_0.from_location,s1_0.is_active,s1_0.last_updated_dttm,s1_0.last_updated_source,s1_0.sop_action_type_id,s1_0.to_location,s1_0.total_active_locations,s1_0.used_active_locations from sop_location_range s1_0 (SqlStatementLogger.java:133)
2025-01-09 18:23:08 [http-nio-8089-exec-9] DEBUG SQL - select s1_0.sop_action_type_id,s1_0.action_desc,s1_0.action_type,s1_0.created_dttm,s1_0.created_source,s1_0.last_updated_dttm,s1_0.last_updated_source from sop_action_type s1_0 where s1_0.sop_action_type_id=? (SqlStatementLogger.java:133)
2025-01-09 18:24:08 [SpringApplicationShutdownHook] INFO LocalContainerEntityManagerFactoryBean - Closing JPA EntityManagerFactory for persistence unit 'default' (AbstractEntityManagerFactoryBean.java:650)
2025-01-09 18:24:08 [SpringApplicationShutdownHook] INFO HikariDataSource - HikariPool-1 - Shutdown initiated... (HikariDataSource.java:350)
2025-01-09 18:24:08 [SpringApplicationShutdownHook] INFO HikariDataSource - HikariPool-1 - Shutdown completed. (HikariDataSource.java:352)
