2025-01-04 20:25:24 [restartedMain] INFO SopAssignmentServiceApp - Starting SopAssignmentServiceApp using Java 20 with PID 45200 (C:\Users\Ravi\spring_practice\sop\sop-assignment-service\target\classes started by Ravi in C:\Users\Ravi\spring_practice\sop\sop-assignment-service) (StartupInfoLogger.java:51)
2025-01-04 20:25:24 [restartedMain] INFO SopAssignmentServiceApp - No active profile set, falling back to 1 default profile: "default" (SpringApplication.java:638)
2025-01-04 20:25:24 [restartedMain] INFO DevToolsPropertyDefaultsPostProcessor - Devtools property defaults active! Set 'spring.devtools.add-properties' to 'false' to disable (DeferredLog.java:250)
2025-01-04 20:25:24 [restartedMain] INFO DevToolsPropertyDefaultsPostProcessor - For additional web related logging consider setting the 'logging.level.web' property to 'DEBUG' (DeferredLog.java:250)
2025-01-04 20:25:25 [restartedMain] INFO RepositoryConfigurationDelegate - Multiple Spring Data modules found, entering strict repository configuration mode (RepositoryConfigurationDelegate.java:291)
2025-01-04 20:25:25 [restartedMain] INFO RepositoryConfigurationDelegate - Bootstrapping Spring Data JDBC repositories in DEFAULT mode. (RepositoryConfigurationDelegate.java:138)
2025-01-04 20:25:25 [restartedMain] INFO RepositoryConfigurationExtensionSupport - Spring Data JDBC - Could not safely identify store assignment for repository candidate interface com.pawar.sop.assignment.repository.SopEligibleItemsRepository; If you want this repository to be a JDBC repository, consider annotating your entities with one of these annotations: org.springframework.data.relational.core.mapping.Table. (RepositoryConfigurationExtensionSupport.java:320)
2025-01-04 20:25:25 [restartedMain] INFO RepositoryConfigurationDelegate - Finished Spring Data repository scanning in 31 ms. Found 0 JDBC repository interfaces. (RepositoryConfigurationDelegate.java:208)
2025-01-04 20:25:25 [restartedMain] INFO RepositoryConfigurationDelegate - Multiple Spring Data modules found, entering strict repository configuration mode (RepositoryConfigurationDelegate.java:291)
2025-01-04 20:25:25 [restartedMain] INFO RepositoryConfigurationDelegate - Bootstrapping Spring Data JPA repositories in DEFAULT mode. (RepositoryConfigurationDelegate.java:138)
2025-01-04 20:25:25 [restartedMain] INFO RepositoryConfigurationDelegate - Finished Spring Data repository scanning in 30 ms. Found 1 JPA repository interfaces. (RepositoryConfigurationDelegate.java:208)
2025-01-04 20:25:25 [restartedMain] INFO TomcatWebServer - Tomcat initialized with port(s): 8090 (http) (TomcatWebServer.java:108)
2025-01-04 20:25:25 [restartedMain] INFO Http11NioProtocol - Initializing ProtocolHandler ["http-nio-8090"] (DirectJDKLog.java:173)
2025-01-04 20:25:25 [restartedMain] INFO StandardService - Starting service [Tomcat] (DirectJDKLog.java:173)
2025-01-04 20:25:25 [restartedMain] INFO StandardEngine - Starting Servlet engine: [Apache Tomcat/10.1.15] (DirectJDKLog.java:173)
2025-01-04 20:25:26 [restartedMain] INFO [/] - Initializing Spring embedded WebApplicationContext (DirectJDKLog.java:173)
2025-01-04 20:25:26 [restartedMain] INFO ServletWebServerApplicationContext - Root WebApplicationContext: initialization completed in 1411 ms (ServletWebServerApplicationContext.java:291)
2025-01-04 20:25:26 [restartedMain] INFO LogHelper - HHH000204: Processing PersistenceUnitInfo [name: default] (LogHelper.java:31)
2025-01-04 20:25:26 [restartedMain] INFO Version - HHH000412: Hibernate ORM core version 6.2.13.Final (Version.java:44)
2025-01-04 20:25:26 [restartedMain] INFO Environment - HHH000406: Using bytecode reflection optimizer (Environment.java:191)
2025-01-04 20:25:26 [restartedMain] INFO SpringPersistenceUnitInfo - No LoadTimeWeaver setup: ignoring JPA class transformer (SpringPersistenceUnitInfo.java:87)
2025-01-04 20:25:26 [restartedMain] INFO HikariDataSource - HikariPool-1 - Starting... (HikariDataSource.java:110)
2025-01-04 20:25:26 [restartedMain] INFO HikariPool - HikariPool-1 - Added connection com.mysql.cj.jdbc.ConnectionImpl@44bd237f (HikariPool.java:565)
2025-01-04 20:25:26 [restartedMain] INFO HikariDataSource - HikariPool-1 - Start completed. (HikariDataSource.java:123)
2025-01-04 20:25:27 [restartedMain] INFO JtaPlatformInitiator - HHH000489: No JTA platform available (set 'hibernate.transaction.jta.platform' to enable JTA platform integration) (JtaPlatformInitiator.java:55)
2025-01-04 20:25:27 [restartedMain] INFO LocalContainerEntityManagerFactoryBean - Initialized JPA EntityManagerFactory for persistence unit 'default' (AbstractEntityManagerFactoryBean.java:437)
2025-01-04 20:25:27 [restartedMain] INFO AutowiredAnnotationBeanPostProcessor - Autowired annotation is not supported on static fields: private static java.lang.String com.pawar.sop.assignment.service.SOPAssignServiceImpl.ASN_GET (AutowiredAnnotationBeanPostProcessor.java:561)
2025-01-04 20:25:27 [restartedMain] INFO AutowiredAnnotationBeanPostProcessor - Autowired annotation is not supported on static fields: private static java.lang.String com.pawar.sop.assignment.service.SOPAssignServiceImpl.CREATE_INVENTORY (AutowiredAnnotationBeanPostProcessor.java:561)
2025-01-04 20:25:27 [restartedMain] INFO AutowiredAnnotationBeanPostProcessor - Autowired annotation is not supported on static fields: private static java.lang.String com.pawar.sop.assignment.service.SOPAssignServiceImpl.LOCATION_RANGE_GET (AutowiredAnnotationBeanPostProcessor.java:561)
2025-01-04 20:25:27 [restartedMain] INFO AutowiredAnnotationBeanPostProcessor - Autowired annotation is not supported on static fields: private static java.lang.String com.pawar.sop.assignment.service.SOPAssignServiceImpl.ELIGIBILE_LOCATIONS_GET (AutowiredAnnotationBeanPostProcessor.java:561)
2025-01-04 20:25:27 [restartedMain] INFO AutowiredAnnotationBeanPostProcessor - Autowired annotation is not supported on static fields: private static java.lang.String com.pawar.sop.assignment.service.SOPAssignServiceImpl.ELIGIBILE_LOCATIONS_UPDATE (AutowiredAnnotationBeanPostProcessor.java:561)
2025-01-04 20:25:28 [restartedMain] WARN JpaBaseConfiguration$JpaWebConfiguration - spring.jpa.open-in-view is enabled by default. Therefore, database queries may be performed during view rendering. Explicitly configure spring.jpa.open-in-view to disable this warning (JpaBaseConfiguration.java:231)
2025-01-04 20:25:28 [restartedMain] WARN OptionalLiveReloadServer - Unable to start LiveReload server (OptionalLiveReloadServer.java:62)
2025-01-04 20:25:28 [restartedMain] INFO Http11NioProtocol - Starting ProtocolHandler ["http-nio-8090"] (DirectJDKLog.java:173)
2025-01-04 20:25:28 [restartedMain] INFO TomcatWebServer - Tomcat started on port(s): 8090 (http) with context path '' (TomcatWebServer.java:220)
2025-01-04 20:25:28 [restartedMain] INFO SopAssignmentServiceApp - Started SopAssignmentServiceApp in 4.607 seconds (process running for 5.393) (StartupInfoLogger.java:57)
2025-01-04 20:26:13 [http-nio-8090-exec-2] INFO [/] - Initializing Spring DispatcherServlet 'dispatcherServlet' (DirectJDKLog.java:173)
2025-01-04 20:26:13 [http-nio-8090-exec-2] INFO DispatcherServlet - Initializing Servlet 'dispatcherServlet' (FrameworkServlet.java:532)
2025-01-04 20:26:13 [http-nio-8090-exec-2] INFO DispatcherServlet - Completed initialization in 1 ms (FrameworkServlet.java:554)
2025-01-04 20:26:13 [http-nio-8090-exec-2] INFO SopAssignmentController - Payload : {assignmentId=12346, sopActionType=ASSIGN, category=Electronics} (SopAssignmentController.java:46)
2025-01-04 20:26:13 [http-nio-8090-exec-2] ERROR [dispatcherServlet] - Servlet.service() for servlet [dispatcherServlet] in context with path [] threw exception [Request processing failed: java.lang.IllegalArgumentException: Cannot construct instance of `com.pawar.inventory.entity.SopActionTypeDto` (although at least one Creator exists): no String-argument constructor/factory method to deserialize from String value ('ASSIGN')
 at [Source: UNKNOWN; byte offset: #UNKNOWN] (through reference chain: com.pawar.sop.assignment.model.AssignmentModel["sopActionType"])] with root cause (DirectJDKLog.java:175)
com.fasterxml.jackson.databind.exc.MismatchedInputException: Cannot construct instance of `com.pawar.inventory.entity.SopActionTypeDto` (although at least one Creator exists): no String-argument constructor/factory method to deserialize from String value ('ASSIGN')
 at [Source: UNKNOWN; byte offset: #UNKNOWN] (through reference chain: com.pawar.sop.assignment.model.AssignmentModel["sopActionType"])
	at com.fasterxml.jackson.databind.exc.MismatchedInputException.from(MismatchedInputException.java:63)
	at com.fasterxml.jackson.databind.DeserializationContext.reportInputMismatch(DeserializationContext.java:1739)
	at com.fasterxml.jackson.databind.DeserializationContext.handleMissingInstantiator(DeserializationContext.java:1364)
	at com.fasterxml.jackson.databind.deser.std.StdDeserializer._deserializeFromString(StdDeserializer.java:311)
	at com.fasterxml.jackson.databind.deser.BeanDeserializerBase.deserializeFromString(BeanDeserializerBase.java:1504)
	at com.fasterxml.jackson.databind.deser.BeanDeserializer._deserializeOther(BeanDeserializer.java:197)
	at com.fasterxml.jackson.databind.deser.BeanDeserializer.deserialize(BeanDeserializer.java:187)
	at com.fasterxml.jackson.databind.deser.impl.MethodProperty.deserializeAndSet(MethodProperty.java:129)
	at com.fasterxml.jackson.databind.deser.BeanDeserializer.vanillaDeserialize(BeanDeserializer.java:314)
	at com.fasterxml.jackson.databind.deser.BeanDeserializer.deserialize(BeanDeserializer.java:177)
	at com.fasterxml.jackson.databind.ObjectMapper._convert(ObjectMapper.java:4539)
	at com.fasterxml.jackson.databind.ObjectMapper.convertValue(ObjectMapper.java:4475)
	at com.pawar.sop.assignment.controller.SopAssignmentController.createAssignment(SopAssignmentController.java:50)
	at java.base/jdk.internal.reflect.DirectMethodHandleAccessor.invoke(DirectMethodHandleAccessor.java:104)
	at java.base/java.lang.reflect.Method.invoke(Method.java:578)
	at org.springframework.web.method.support.InvocableHandlerMethod.doInvoke(InvocableHandlerMethod.java:205)
	at org.springframework.web.method.support.InvocableHandlerMethod.invokeForRequest(InvocableHandlerMethod.java:150)
	at org.springframework.web.servlet.mvc.method.annotation.ServletInvocableHandlerMethod.invokeAndHandle(ServletInvocableHandlerMethod.java:118)
	at org.springframework.web.servlet.mvc.method.annotation.RequestMappingHandlerAdapter.invokeHandlerMethod(RequestMappingHandlerAdapter.java:884)
	at org.springframework.web.servlet.mvc.method.annotation.RequestMappingHandlerAdapter.handleInternal(RequestMappingHandlerAdapter.java:797)
	at org.springframework.web.servlet.mvc.method.AbstractHandlerMethodAdapter.handle(AbstractHandlerMethodAdapter.java:87)
	at org.springframework.web.servlet.DispatcherServlet.doDispatch(DispatcherServlet.java:1081)
	at org.springframework.web.servlet.DispatcherServlet.doService(DispatcherServlet.java:974)
	at org.springframework.web.servlet.FrameworkServlet.processRequest(FrameworkServlet.java:1011)
	at org.springframework.web.servlet.FrameworkServlet.doPost(FrameworkServlet.java:914)
	at jakarta.servlet.http.HttpServlet.service(HttpServlet.java:590)
	at org.springframework.web.servlet.FrameworkServlet.service(FrameworkServlet.java:885)
	at jakarta.servlet.http.HttpServlet.service(HttpServlet.java:658)
	at org.apache.catalina.core.ApplicationFilterChain.internalDoFilter(ApplicationFilterChain.java:205)
	at org.apache.catalina.core.ApplicationFilterChain.doFilter(ApplicationFilterChain.java:149)
	at org.apache.tomcat.websocket.server.WsFilter.doFilter(WsFilter.java:51)
	at org.apache.catalina.core.ApplicationFilterChain.internalDoFilter(ApplicationFilterChain.java:174)
	at org.apache.catalina.core.ApplicationFilterChain.doFilter(ApplicationFilterChain.java:149)
	at org.springframework.web.filter.RequestContextFilter.doFilterInternal(RequestContextFilter.java:100)
	at org.springframework.web.filter.OncePerRequestFilter.doFilter(OncePerRequestFilter.java:116)
	at org.apache.catalina.core.ApplicationFilterChain.internalDoFilter(ApplicationFilterChain.java:174)
	at org.apache.catalina.core.ApplicationFilterChain.doFilter(ApplicationFilterChain.java:149)
	at org.springframework.web.filter.FormContentFilter.doFilterInternal(FormContentFilter.java:93)
	at org.springframework.web.filter.OncePerRequestFilter.doFilter(OncePerRequestFilter.java:116)
	at org.apache.catalina.core.ApplicationFilterChain.internalDoFilter(ApplicationFilterChain.java:174)
	at org.apache.catalina.core.ApplicationFilterChain.doFilter(ApplicationFilterChain.java:149)
	at org.springframework.web.filter.CharacterEncodingFilter.doFilterInternal(CharacterEncodingFilter.java:201)
	at org.springframework.web.filter.OncePerRequestFilter.doFilter(OncePerRequestFilter.java:116)
	at org.apache.catalina.core.ApplicationFilterChain.internalDoFilter(ApplicationFilterChain.java:174)
	at org.apache.catalina.core.ApplicationFilterChain.doFilter(ApplicationFilterChain.java:149)
	at org.apache.catalina.core.StandardWrapperValve.invoke(StandardWrapperValve.java:167)
	at org.apache.catalina.core.StandardContextValve.invoke(StandardContextValve.java:90)
	at org.apache.catalina.authenticator.AuthenticatorBase.invoke(AuthenticatorBase.java:482)
	at org.apache.catalina.core.StandardHostValve.invoke(StandardHostValve.java:115)
	at org.apache.catalina.valves.ErrorReportValve.invoke(ErrorReportValve.java:93)
	at org.apache.catalina.core.StandardEngineValve.invoke(StandardEngineValve.java:74)
	at org.apache.catalina.connector.CoyoteAdapter.service(CoyoteAdapter.java:340)
	at org.apache.coyote.http11.Http11Processor.service(Http11Processor.java:391)
	at org.apache.coyote.AbstractProcessorLight.process(AbstractProcessorLight.java:63)
	at org.apache.coyote.AbstractProtocol$ConnectionHandler.process(AbstractProtocol.java:896)
	at org.apache.tomcat.util.net.NioEndpoint$SocketProcessor.doRun(NioEndpoint.java:1744)
	at org.apache.tomcat.util.net.SocketProcessorBase.run(SocketProcessorBase.java:52)
	at org.apache.tomcat.util.threads.ThreadPoolExecutor.runWorker(ThreadPoolExecutor.java:1191)
	at org.apache.tomcat.util.threads.ThreadPoolExecutor$Worker.run(ThreadPoolExecutor.java:659)
	at org.apache.tomcat.util.threads.TaskThread$WrappingRunnable.run(TaskThread.java:61)
	at java.base/java.lang.Thread.run(Thread.java:1623)
2025-01-04 20:27:30 [File Watcher] INFO LocalDevToolsAutoConfiguration$RestartingClassPathChangeChangedEventListener - Restarting due to 1 class path change (0 additions, 0 deletions, 1 modification) (LocalDevToolsAutoConfiguration.java:211)
2025-01-04 20:27:30 [Thread-1] INFO Http11NioProtocol - Pausing ProtocolHandler ["http-nio-8090"] (DirectJDKLog.java:173)
2025-01-04 20:27:30 [Thread-1] INFO StandardService - Stopping service [Tomcat] (DirectJDKLog.java:173)
2025-01-04 20:27:30 [Thread-1] INFO [/] - Destroying Spring FrameworkServlet 'dispatcherServlet' (DirectJDKLog.java:173)
2025-01-04 20:27:30 [Thread-1] INFO Http11NioProtocol - Stopping ProtocolHandler ["http-nio-8090"] (DirectJDKLog.java:173)
2025-01-04 20:27:30 [Thread-1] INFO Http11NioProtocol - Destroying ProtocolHandler ["http-nio-8090"] (DirectJDKLog.java:173)
2025-01-04 20:27:30 [Thread-1] INFO LocalContainerEntityManagerFactoryBean - Closing JPA EntityManagerFactory for persistence unit 'default' (AbstractEntityManagerFactoryBean.java:650)
2025-01-04 20:27:30 [Thread-1] INFO HikariDataSource - HikariPool-1 - Shutdown initiated... (HikariDataSource.java:350)
2025-01-04 20:27:30 [Thread-1] INFO HikariDataSource - HikariPool-1 - Shutdown completed. (HikariDataSource.java:352)
2025-01-04 20:27:30 [restartedMain] INFO SopAssignmentServiceApp - Starting SopAssignmentServiceApp using Java 20 with PID 45200 (C:\Users\Ravi\spring_practice\sop\sop-assignment-service\target\classes started by Ravi in C:\Users\Ravi\spring_practice\sop\sop-assignment-service) (StartupInfoLogger.java:51)
2025-01-04 20:27:30 [restartedMain] INFO SopAssignmentServiceApp - No active profile set, falling back to 1 default profile: "default" (SpringApplication.java:638)
2025-01-04 20:27:30 [restartedMain] INFO RepositoryConfigurationDelegate - Multiple Spring Data modules found, entering strict repository configuration mode (RepositoryConfigurationDelegate.java:291)
2025-01-04 20:27:30 [restartedMain] INFO RepositoryConfigurationDelegate - Bootstrapping Spring Data JDBC repositories in DEFAULT mode. (RepositoryConfigurationDelegate.java:138)
2025-01-04 20:27:30 [restartedMain] INFO RepositoryConfigurationExtensionSupport - Spring Data JDBC - Could not safely identify store assignment for repository candidate interface com.pawar.sop.assignment.repository.SopEligibleItemsRepository; If you want this repository to be a JDBC repository, consider annotating your entities with one of these annotations: org.springframework.data.relational.core.mapping.Table. (RepositoryConfigurationExtensionSupport.java:320)
2025-01-04 20:27:30 [restartedMain] INFO RepositoryConfigurationDelegate - Finished Spring Data repository scanning in 6 ms. Found 0 JDBC repository interfaces. (RepositoryConfigurationDelegate.java:208)
2025-01-04 20:27:30 [restartedMain] INFO RepositoryConfigurationDelegate - Multiple Spring Data modules found, entering strict repository configuration mode (RepositoryConfigurationDelegate.java:291)
2025-01-04 20:27:30 [restartedMain] INFO RepositoryConfigurationDelegate - Bootstrapping Spring Data JPA repositories in DEFAULT mode. (RepositoryConfigurationDelegate.java:138)
2025-01-04 20:27:30 [restartedMain] INFO RepositoryConfigurationDelegate - Finished Spring Data repository scanning in 7 ms. Found 1 JPA repository interfaces. (RepositoryConfigurationDelegate.java:208)
2025-01-04 20:27:30 [restartedMain] INFO TomcatWebServer - Tomcat initialized with port(s): 8090 (http) (TomcatWebServer.java:108)
2025-01-04 20:27:30 [restartedMain] INFO Http11NioProtocol - Initializing ProtocolHandler ["http-nio-8090"] (DirectJDKLog.java:173)
2025-01-04 20:27:30 [restartedMain] INFO StandardService - Starting service [Tomcat] (DirectJDKLog.java:173)
2025-01-04 20:27:30 [restartedMain] INFO StandardEngine - Starting Servlet engine: [Apache Tomcat/10.1.15] (DirectJDKLog.java:173)
2025-01-04 20:27:30 [restartedMain] INFO [/] - Initializing Spring embedded WebApplicationContext (DirectJDKLog.java:173)
2025-01-04 20:27:30 [restartedMain] INFO ServletWebServerApplicationContext - Root WebApplicationContext: initialization completed in 338 ms (ServletWebServerApplicationContext.java:291)
2025-01-04 20:27:30 [restartedMain] INFO LogHelper - HHH000204: Processing PersistenceUnitInfo [name: default] (LogHelper.java:31)
2025-01-04 20:27:30 [restartedMain] INFO SpringPersistenceUnitInfo - No LoadTimeWeaver setup: ignoring JPA class transformer (SpringPersistenceUnitInfo.java:87)
2025-01-04 20:27:30 [restartedMain] INFO HikariDataSource - HikariPool-2 - Starting... (HikariDataSource.java:110)
2025-01-04 20:27:30 [restartedMain] INFO HikariPool - HikariPool-2 - Added connection com.mysql.cj.jdbc.ConnectionImpl@6a4b66d9 (HikariPool.java:565)
2025-01-04 20:27:30 [restartedMain] INFO HikariDataSource - HikariPool-2 - Start completed. (HikariDataSource.java:123)
2025-01-04 20:27:30 [restartedMain] INFO JtaPlatformInitiator - HHH000489: No JTA platform available (set 'hibernate.transaction.jta.platform' to enable JTA platform integration) (JtaPlatformInitiator.java:55)
2025-01-04 20:27:30 [restartedMain] INFO LocalContainerEntityManagerFactoryBean - Initialized JPA EntityManagerFactory for persistence unit 'default' (AbstractEntityManagerFactoryBean.java:437)
2025-01-04 20:27:30 [restartedMain] INFO AutowiredAnnotationBeanPostProcessor - Autowired annotation is not supported on static fields: private static java.lang.String com.pawar.sop.assignment.service.SOPAssignServiceImpl.ASN_GET (AutowiredAnnotationBeanPostProcessor.java:561)
2025-01-04 20:27:30 [restartedMain] INFO AutowiredAnnotationBeanPostProcessor - Autowired annotation is not supported on static fields: private static java.lang.String com.pawar.sop.assignment.service.SOPAssignServiceImpl.CREATE_INVENTORY (AutowiredAnnotationBeanPostProcessor.java:561)
2025-01-04 20:27:30 [restartedMain] INFO AutowiredAnnotationBeanPostProcessor - Autowired annotation is not supported on static fields: private static java.lang.String com.pawar.sop.assignment.service.SOPAssignServiceImpl.LOCATION_RANGE_GET (AutowiredAnnotationBeanPostProcessor.java:561)
2025-01-04 20:27:30 [restartedMain] INFO AutowiredAnnotationBeanPostProcessor - Autowired annotation is not supported on static fields: private static java.lang.String com.pawar.sop.assignment.service.SOPAssignServiceImpl.ELIGIBILE_LOCATIONS_GET (AutowiredAnnotationBeanPostProcessor.java:561)
2025-01-04 20:27:30 [restartedMain] INFO AutowiredAnnotationBeanPostProcessor - Autowired annotation is not supported on static fields: private static java.lang.String com.pawar.sop.assignment.service.SOPAssignServiceImpl.ELIGIBILE_LOCATIONS_UPDATE (AutowiredAnnotationBeanPostProcessor.java:561)
2025-01-04 20:27:31 [restartedMain] WARN JpaBaseConfiguration$JpaWebConfiguration - spring.jpa.open-in-view is enabled by default. Therefore, database queries may be performed during view rendering. Explicitly configure spring.jpa.open-in-view to disable this warning (JpaBaseConfiguration.java:231)
2025-01-04 20:27:31 [restartedMain] WARN OptionalLiveReloadServer - Unable to start LiveReload server (OptionalLiveReloadServer.java:62)
2025-01-04 20:27:31 [restartedMain] INFO Http11NioProtocol - Starting ProtocolHandler ["http-nio-8090"] (DirectJDKLog.java:173)
2025-01-04 20:27:31 [restartedMain] INFO TomcatWebServer - Tomcat started on port(s): 8090 (http) with context path '' (TomcatWebServer.java:220)
2025-01-04 20:27:31 [restartedMain] INFO SopAssignmentServiceApp - Started SopAssignmentServiceApp in 0.764 seconds (process running for 127.761) (StartupInfoLogger.java:57)
2025-01-04 20:27:31 [restartedMain] INFO ConditionEvaluationDeltaLoggingListener - Condition evaluation unchanged (ConditionEvaluationDeltaLoggingListener.java:63)
2025-01-04 20:27:45 [http-nio-8090-exec-2] INFO [/] - Initializing Spring DispatcherServlet 'dispatcherServlet' (DirectJDKLog.java:173)
2025-01-04 20:27:45 [http-nio-8090-exec-2] INFO DispatcherServlet - Initializing Servlet 'dispatcherServlet' (FrameworkServlet.java:532)
2025-01-04 20:27:45 [http-nio-8090-exec-2] INFO DispatcherServlet - Completed initialization in 1 ms (FrameworkServlet.java:554)
2025-01-04 20:27:45 [http-nio-8090-exec-2] INFO SopAssignmentController - Payload : {assignmentId=12346, sopActionType=ASSIGN, category=Electronics} (SopAssignmentController.java:46)
2025-01-04 20:27:45 [http-nio-8090-exec-2] ERROR SopAssignmentController - Exception occurred:  (SopAssignmentController.java:57)
java.lang.NullPointerException: Cannot invoke "String.replace(java.lang.CharSequence, java.lang.CharSequence)" because "com.pawar.sop.assignment.service.SOPAssignServiceImpl.ASN_GET" is null
	at com.pawar.sop.assignment.service.SOPAssignServiceImpl.getEligibleUpcs(SOPAssignServiceImpl.java:107)
	at com.pawar.sop.assignment.service.SOPAssignServiceImpl.createAssignment(SOPAssignServiceImpl.java:279)
	at com.pawar.sop.assignment.controller.SopAssignmentController.createAssignment(SopAssignmentController.java:53)
	at java.base/jdk.internal.reflect.DirectMethodHandleAccessor.invoke(DirectMethodHandleAccessor.java:104)
	at java.base/java.lang.reflect.Method.invoke(Method.java:578)
	at org.springframework.web.method.support.InvocableHandlerMethod.doInvoke(InvocableHandlerMethod.java:205)
	at org.springframework.web.method.support.InvocableHandlerMethod.invokeForRequest(InvocableHandlerMethod.java:150)
	at org.springframework.web.servlet.mvc.method.annotation.ServletInvocableHandlerMethod.invokeAndHandle(ServletInvocableHandlerMethod.java:118)
	at org.springframework.web.servlet.mvc.method.annotation.RequestMappingHandlerAdapter.invokeHandlerMethod(RequestMappingHandlerAdapter.java:884)
	at org.springframework.web.servlet.mvc.method.annotation.RequestMappingHandlerAdapter.handleInternal(RequestMappingHandlerAdapter.java:797)
	at org.springframework.web.servlet.mvc.method.AbstractHandlerMethodAdapter.handle(AbstractHandlerMethodAdapter.java:87)
	at org.springframework.web.servlet.DispatcherServlet.doDispatch(DispatcherServlet.java:1081)
	at org.springframework.web.servlet.DispatcherServlet.doService(DispatcherServlet.java:974)
	at org.springframework.web.servlet.FrameworkServlet.processRequest(FrameworkServlet.java:1011)
	at org.springframework.web.servlet.FrameworkServlet.doPost(FrameworkServlet.java:914)
	at jakarta.servlet.http.HttpServlet.service(HttpServlet.java:590)
	at org.springframework.web.servlet.FrameworkServlet.service(FrameworkServlet.java:885)
	at jakarta.servlet.http.HttpServlet.service(HttpServlet.java:658)
	at org.apache.catalina.core.ApplicationFilterChain.internalDoFilter(ApplicationFilterChain.java:205)
	at org.apache.catalina.core.ApplicationFilterChain.doFilter(ApplicationFilterChain.java:149)
	at org.apache.tomcat.websocket.server.WsFilter.doFilter(WsFilter.java:51)
	at org.apache.catalina.core.ApplicationFilterChain.internalDoFilter(ApplicationFilterChain.java:174)
	at org.apache.catalina.core.ApplicationFilterChain.doFilter(ApplicationFilterChain.java:149)
	at org.springframework.web.filter.RequestContextFilter.doFilterInternal(RequestContextFilter.java:100)
	at org.springframework.web.filter.OncePerRequestFilter.doFilter(OncePerRequestFilter.java:116)
	at org.apache.catalina.core.ApplicationFilterChain.internalDoFilter(ApplicationFilterChain.java:174)
	at org.apache.catalina.core.ApplicationFilterChain.doFilter(ApplicationFilterChain.java:149)
	at org.springframework.web.filter.FormContentFilter.doFilterInternal(FormContentFilter.java:93)
	at org.springframework.web.filter.OncePerRequestFilter.doFilter(OncePerRequestFilter.java:116)
	at org.apache.catalina.core.ApplicationFilterChain.internalDoFilter(ApplicationFilterChain.java:174)
	at org.apache.catalina.core.ApplicationFilterChain.doFilter(ApplicationFilterChain.java:149)
	at org.springframework.web.filter.CharacterEncodingFilter.doFilterInternal(CharacterEncodingFilter.java:201)
	at org.springframework.web.filter.OncePerRequestFilter.doFilter(OncePerRequestFilter.java:116)
	at org.apache.catalina.core.ApplicationFilterChain.internalDoFilter(ApplicationFilterChain.java:174)
	at org.apache.catalina.core.ApplicationFilterChain.doFilter(ApplicationFilterChain.java:149)
	at org.apache.catalina.core.StandardWrapperValve.invoke(StandardWrapperValve.java:167)
	at org.apache.catalina.core.StandardContextValve.invoke(StandardContextValve.java:90)
	at org.apache.catalina.authenticator.AuthenticatorBase.invoke(AuthenticatorBase.java:482)
	at org.apache.catalina.core.StandardHostValve.invoke(StandardHostValve.java:115)
	at org.apache.catalina.valves.ErrorReportValve.invoke(ErrorReportValve.java:93)
	at org.apache.catalina.core.StandardEngineValve.invoke(StandardEngineValve.java:74)
	at org.apache.catalina.connector.CoyoteAdapter.service(CoyoteAdapter.java:340)
	at org.apache.coyote.http11.Http11Processor.service(Http11Processor.java:391)
	at org.apache.coyote.AbstractProcessorLight.process(AbstractProcessorLight.java:63)
	at org.apache.coyote.AbstractProtocol$ConnectionHandler.process(AbstractProtocol.java:896)
	at org.apache.tomcat.util.net.NioEndpoint$SocketProcessor.doRun(NioEndpoint.java:1744)
	at org.apache.tomcat.util.net.SocketProcessorBase.run(SocketProcessorBase.java:52)
	at org.apache.tomcat.util.threads.ThreadPoolExecutor.runWorker(ThreadPoolExecutor.java:1191)
	at org.apache.tomcat.util.threads.ThreadPoolExecutor$Worker.run(ThreadPoolExecutor.java:659)
	at org.apache.tomcat.util.threads.TaskThread$WrappingRunnable.run(TaskThread.java:61)
	at java.base/java.lang.Thread.run(Thread.java:1623)
2025-01-04 20:29:10 [File Watcher] INFO LocalDevToolsAutoConfiguration$RestartingClassPathChangeChangedEventListener - Restarting due to 4 class path changes (0 additions, 0 deletions, 4 modifications) (LocalDevToolsAutoConfiguration.java:211)
2025-01-04 20:29:10 [Thread-5] INFO Http11NioProtocol - Pausing ProtocolHandler ["http-nio-8090"] (DirectJDKLog.java:173)
2025-01-04 20:29:10 [Thread-5] INFO StandardService - Stopping service [Tomcat] (DirectJDKLog.java:173)
2025-01-04 20:29:10 [Thread-5] INFO [/] - Destroying Spring FrameworkServlet 'dispatcherServlet' (DirectJDKLog.java:173)
2025-01-04 20:29:10 [Thread-5] INFO Http11NioProtocol - Stopping ProtocolHandler ["http-nio-8090"] (DirectJDKLog.java:173)
2025-01-04 20:29:10 [Thread-5] INFO Http11NioProtocol - Destroying ProtocolHandler ["http-nio-8090"] (DirectJDKLog.java:173)
2025-01-04 20:29:10 [Thread-5] INFO LocalContainerEntityManagerFactoryBean - Closing JPA EntityManagerFactory for persistence unit 'default' (AbstractEntityManagerFactoryBean.java:650)
2025-01-04 20:29:10 [Thread-5] INFO HikariDataSource - HikariPool-2 - Shutdown initiated... (HikariDataSource.java:350)
2025-01-04 20:29:10 [Thread-5] INFO HikariDataSource - HikariPool-2 - Shutdown completed. (HikariDataSource.java:352)
2025-01-04 20:29:10 [restartedMain] INFO SopAssignmentServiceApp - Starting SopAssignmentServiceApp using Java 20 with PID 45200 (C:\Users\Ravi\spring_practice\sop\sop-assignment-service\target\classes started by Ravi in C:\Users\Ravi\spring_practice\sop\sop-assignment-service) (StartupInfoLogger.java:51)
2025-01-04 20:29:10 [restartedMain] INFO SopAssignmentServiceApp - No active profile set, falling back to 1 default profile: "default" (SpringApplication.java:638)
2025-01-04 20:29:10 [restartedMain] INFO RepositoryConfigurationDelegate - Multiple Spring Data modules found, entering strict repository configuration mode (RepositoryConfigurationDelegate.java:291)
2025-01-04 20:29:10 [restartedMain] INFO RepositoryConfigurationDelegate - Bootstrapping Spring Data JDBC repositories in DEFAULT mode. (RepositoryConfigurationDelegate.java:138)
2025-01-04 20:29:10 [restartedMain] INFO RepositoryConfigurationExtensionSupport - Spring Data JDBC - Could not safely identify store assignment for repository candidate interface com.pawar.sop.assignment.repository.SopEligibleItemsRepository; If you want this repository to be a JDBC repository, consider annotating your entities with one of these annotations: org.springframework.data.relational.core.mapping.Table. (RepositoryConfigurationExtensionSupport.java:320)
2025-01-04 20:29:10 [restartedMain] INFO RepositoryConfigurationDelegate - Finished Spring Data repository scanning in 9 ms. Found 0 JDBC repository interfaces. (RepositoryConfigurationDelegate.java:208)
2025-01-04 20:29:10 [restartedMain] INFO RepositoryConfigurationDelegate - Multiple Spring Data modules found, entering strict repository configuration mode (RepositoryConfigurationDelegate.java:291)
2025-01-04 20:29:10 [restartedMain] INFO RepositoryConfigurationDelegate - Bootstrapping Spring Data JPA repositories in DEFAULT mode. (RepositoryConfigurationDelegate.java:138)
2025-01-04 20:29:10 [restartedMain] INFO RepositoryConfigurationDelegate - Finished Spring Data repository scanning in 8 ms. Found 1 JPA repository interfaces. (RepositoryConfigurationDelegate.java:208)
2025-01-04 20:29:10 [restartedMain] INFO TomcatWebServer - Tomcat initialized with port(s): 8090 (http) (TomcatWebServer.java:108)
2025-01-04 20:29:10 [restartedMain] INFO Http11NioProtocol - Initializing ProtocolHandler ["http-nio-8090"] (DirectJDKLog.java:173)
2025-01-04 20:29:10 [restartedMain] INFO StandardService - Starting service [Tomcat] (DirectJDKLog.java:173)
2025-01-04 20:29:10 [restartedMain] INFO StandardEngine - Starting Servlet engine: [Apache Tomcat/10.1.15] (DirectJDKLog.java:173)
2025-01-04 20:29:10 [restartedMain] INFO [/] - Initializing Spring embedded WebApplicationContext (DirectJDKLog.java:173)
2025-01-04 20:29:10 [restartedMain] INFO ServletWebServerApplicationContext - Root WebApplicationContext: initialization completed in 387 ms (ServletWebServerApplicationContext.java:291)
2025-01-04 20:29:10 [restartedMain] INFO LogHelper - HHH000204: Processing PersistenceUnitInfo [name: default] (LogHelper.java:31)
2025-01-04 20:29:10 [restartedMain] INFO SpringPersistenceUnitInfo - No LoadTimeWeaver setup: ignoring JPA class transformer (SpringPersistenceUnitInfo.java:87)
2025-01-04 20:29:10 [restartedMain] INFO HikariDataSource - HikariPool-3 - Starting... (HikariDataSource.java:110)
2025-01-04 20:29:11 [restartedMain] INFO HikariPool - HikariPool-3 - Added connection com.mysql.cj.jdbc.ConnectionImpl@3031bb01 (HikariPool.java:565)
2025-01-04 20:29:11 [restartedMain] INFO HikariDataSource - HikariPool-3 - Start completed. (HikariDataSource.java:123)
2025-01-04 20:29:11 [restartedMain] INFO JtaPlatformInitiator - HHH000489: No JTA platform available (set 'hibernate.transaction.jta.platform' to enable JTA platform integration) (JtaPlatformInitiator.java:55)
2025-01-04 20:29:11 [restartedMain] INFO LocalContainerEntityManagerFactoryBean - Initialized JPA EntityManagerFactory for persistence unit 'default' (AbstractEntityManagerFactoryBean.java:437)
2025-01-04 20:29:11 [restartedMain] INFO AutowiredAnnotationBeanPostProcessor - Autowired annotation is not supported on static fields: private static java.lang.String com.pawar.sop.assignment.service.SOPAssignServiceImpl.ASN_GET (AutowiredAnnotationBeanPostProcessor.java:561)
2025-01-04 20:29:11 [restartedMain] INFO AutowiredAnnotationBeanPostProcessor - Autowired annotation is not supported on static fields: private static java.lang.String com.pawar.sop.assignment.service.SOPAssignServiceImpl.CREATE_INVENTORY (AutowiredAnnotationBeanPostProcessor.java:561)
2025-01-04 20:29:11 [restartedMain] INFO AutowiredAnnotationBeanPostProcessor - Autowired annotation is not supported on static fields: private static java.lang.String com.pawar.sop.assignment.service.SOPAssignServiceImpl.LOCATION_RANGE_GET (AutowiredAnnotationBeanPostProcessor.java:561)
2025-01-04 20:29:11 [restartedMain] INFO AutowiredAnnotationBeanPostProcessor - Autowired annotation is not supported on static fields: private static java.lang.String com.pawar.sop.assignment.service.SOPAssignServiceImpl.ELIGIBILE_LOCATIONS_GET (AutowiredAnnotationBeanPostProcessor.java:561)
2025-01-04 20:29:11 [restartedMain] INFO AutowiredAnnotationBeanPostProcessor - Autowired annotation is not supported on static fields: private static java.lang.String com.pawar.sop.assignment.service.SOPAssignServiceImpl.ELIGIBILE_LOCATIONS_UPDATE (AutowiredAnnotationBeanPostProcessor.java:561)
2025-01-04 20:29:11 [restartedMain] WARN JpaBaseConfiguration$JpaWebConfiguration - spring.jpa.open-in-view is enabled by default. Therefore, database queries may be performed during view rendering. Explicitly configure spring.jpa.open-in-view to disable this warning (JpaBaseConfiguration.java:231)
2025-01-04 20:29:11 [restartedMain] WARN OptionalLiveReloadServer - Unable to start LiveReload server (OptionalLiveReloadServer.java:62)
2025-01-04 20:29:11 [restartedMain] INFO Http11NioProtocol - Starting ProtocolHandler ["http-nio-8090"] (DirectJDKLog.java:173)
2025-01-04 20:29:11 [restartedMain] INFO TomcatWebServer - Tomcat started on port(s): 8090 (http) with context path '' (TomcatWebServer.java:220)
2025-01-04 20:29:11 [restartedMain] INFO SopAssignmentServiceApp - Started SopAssignmentServiceApp in 0.809 seconds (process running for 227.844) (StartupInfoLogger.java:57)
2025-01-04 20:29:11 [restartedMain] INFO ConditionEvaluationDeltaLoggingListener - Condition evaluation unchanged (ConditionEvaluationDeltaLoggingListener.java:63)
2025-01-04 20:29:33 [http-nio-8090-exec-3] INFO [/] - Initializing Spring DispatcherServlet 'dispatcherServlet' (DirectJDKLog.java:173)
2025-01-04 20:29:33 [http-nio-8090-exec-3] INFO DispatcherServlet - Initializing Servlet 'dispatcherServlet' (FrameworkServlet.java:532)
2025-01-04 20:29:33 [http-nio-8090-exec-3] INFO DispatcherServlet - Completed initialization in 0 ms (FrameworkServlet.java:554)
2025-01-04 20:29:33 [http-nio-8090-exec-3] INFO SopAssignmentController - Payload : {assignmentId=12346, sopActionType=ASSIGN, category=Electronics} (SopAssignmentController.java:46)
2025-01-04 20:29:33 [http-nio-8090-exec-3] ERROR SopAssignmentController - Exception occurred:  (SopAssignmentController.java:57)
java.lang.NullPointerException: Cannot invoke "String.replace(java.lang.CharSequence, java.lang.CharSequence)" because "com.pawar.sop.assignment.service.SOPAssignServiceImpl.ASN_GET" is null
	at com.pawar.sop.assignment.service.SOPAssignServiceImpl.getEligibleUpcs(SOPAssignServiceImpl.java:109)
	at com.pawar.sop.assignment.service.SOPAssignServiceImpl.createAssignment(SOPAssignServiceImpl.java:281)
	at com.pawar.sop.assignment.controller.SopAssignmentController.createAssignment(SopAssignmentController.java:53)
	at java.base/jdk.internal.reflect.DirectMethodHandleAccessor.invoke(DirectMethodHandleAccessor.java:104)
	at java.base/java.lang.reflect.Method.invoke(Method.java:578)
	at org.springframework.web.method.support.InvocableHandlerMethod.doInvoke(InvocableHandlerMethod.java:205)
	at org.springframework.web.method.support.InvocableHandlerMethod.invokeForRequest(InvocableHandlerMethod.java:150)
	at org.springframework.web.servlet.mvc.method.annotation.ServletInvocableHandlerMethod.invokeAndHandle(ServletInvocableHandlerMethod.java:118)
	at org.springframework.web.servlet.mvc.method.annotation.RequestMappingHandlerAdapter.invokeHandlerMethod(RequestMappingHandlerAdapter.java:884)
	at org.springframework.web.servlet.mvc.method.annotation.RequestMappingHandlerAdapter.handleInternal(RequestMappingHandlerAdapter.java:797)
	at org.springframework.web.servlet.mvc.method.AbstractHandlerMethodAdapter.handle(AbstractHandlerMethodAdapter.java:87)
	at org.springframework.web.servlet.DispatcherServlet.doDispatch(DispatcherServlet.java:1081)
	at org.springframework.web.servlet.DispatcherServlet.doService(DispatcherServlet.java:974)
	at org.springframework.web.servlet.FrameworkServlet.processRequest(FrameworkServlet.java:1011)
	at org.springframework.web.servlet.FrameworkServlet.doPost(FrameworkServlet.java:914)
	at jakarta.servlet.http.HttpServlet.service(HttpServlet.java:590)
	at org.springframework.web.servlet.FrameworkServlet.service(FrameworkServlet.java:885)
	at jakarta.servlet.http.HttpServlet.service(HttpServlet.java:658)
	at org.apache.catalina.core.ApplicationFilterChain.internalDoFilter(ApplicationFilterChain.java:205)
	at org.apache.catalina.core.ApplicationFilterChain.doFilter(ApplicationFilterChain.java:149)
	at org.apache.tomcat.websocket.server.WsFilter.doFilter(WsFilter.java:51)
	at org.apache.catalina.core.ApplicationFilterChain.internalDoFilter(ApplicationFilterChain.java:174)
	at org.apache.catalina.core.ApplicationFilterChain.doFilter(ApplicationFilterChain.java:149)
	at org.springframework.web.filter.RequestContextFilter.doFilterInternal(RequestContextFilter.java:100)
	at org.springframework.web.filter.OncePerRequestFilter.doFilter(OncePerRequestFilter.java:116)
	at org.apache.catalina.core.ApplicationFilterChain.internalDoFilter(ApplicationFilterChain.java:174)
	at org.apache.catalina.core.ApplicationFilterChain.doFilter(ApplicationFilterChain.java:149)
	at org.springframework.web.filter.FormContentFilter.doFilterInternal(FormContentFilter.java:93)
	at org.springframework.web.filter.OncePerRequestFilter.doFilter(OncePerRequestFilter.java:116)
	at org.apache.catalina.core.ApplicationFilterChain.internalDoFilter(ApplicationFilterChain.java:174)
	at org.apache.catalina.core.ApplicationFilterChain.doFilter(ApplicationFilterChain.java:149)
	at org.springframework.web.filter.CharacterEncodingFilter.doFilterInternal(CharacterEncodingFilter.java:201)
	at org.springframework.web.filter.OncePerRequestFilter.doFilter(OncePerRequestFilter.java:116)
	at org.apache.catalina.core.ApplicationFilterChain.internalDoFilter(ApplicationFilterChain.java:174)
	at org.apache.catalina.core.ApplicationFilterChain.doFilter(ApplicationFilterChain.java:149)
	at org.apache.catalina.core.StandardWrapperValve.invoke(StandardWrapperValve.java:167)
	at org.apache.catalina.core.StandardContextValve.invoke(StandardContextValve.java:90)
	at org.apache.catalina.authenticator.AuthenticatorBase.invoke(AuthenticatorBase.java:482)
	at org.apache.catalina.core.StandardHostValve.invoke(StandardHostValve.java:115)
	at org.apache.catalina.valves.ErrorReportValve.invoke(ErrorReportValve.java:93)
	at org.apache.catalina.core.StandardEngineValve.invoke(StandardEngineValve.java:74)
	at org.apache.catalina.connector.CoyoteAdapter.service(CoyoteAdapter.java:340)
	at org.apache.coyote.http11.Http11Processor.service(Http11Processor.java:391)
	at org.apache.coyote.AbstractProcessorLight.process(AbstractProcessorLight.java:63)
	at org.apache.coyote.AbstractProtocol$ConnectionHandler.process(AbstractProtocol.java:896)
	at org.apache.tomcat.util.net.NioEndpoint$SocketProcessor.doRun(NioEndpoint.java:1744)
	at org.apache.tomcat.util.net.SocketProcessorBase.run(SocketProcessorBase.java:52)
	at org.apache.tomcat.util.threads.ThreadPoolExecutor.runWorker(ThreadPoolExecutor.java:1191)
	at org.apache.tomcat.util.threads.ThreadPoolExecutor$Worker.run(ThreadPoolExecutor.java:659)
	at org.apache.tomcat.util.threads.TaskThread$WrappingRunnable.run(TaskThread.java:61)
	at java.base/java.lang.Thread.run(Thread.java:1623)
2025-01-04 21:05:53 [HikariPool-3 housekeeper] WARN HikariPool - HikariPool-3 - Thread starvation or clock leap detected (housekeeper delta=23m12s482ms260µs600ns). (HikariPool.java:804)
