2025-02-11 22:25:28 [restartedMain] INFO SopLogService - Starting SopLogService using Java 20 with PID 3084 (C:\Users\Ravi\spring_practice\sop\sop-log-service\target\classes started by Ravi in C:\Users\Ravi\spring_practice\sop\sop-log-service) (StartupInfoLogger.java:51)
2025-02-11 22:25:28 [restartedMain] INFO SopLogService - No active profile set, falling back to 1 default profile: "default" (SpringApplication.java:638)
2025-02-11 22:25:28 [restartedMain] INFO DevToolsPropertyDefaultsPostProcessor - Devtools property defaults active! Set 'spring.devtools.add-properties' to 'false' to disable (DeferredLog.java:250)
2025-02-11 22:25:28 [restartedMain] INFO DevToolsPropertyDefaultsPostProcessor - For additional web related logging consider setting the 'logging.level.web' property to 'DEBUG' (DeferredLog.java:250)
2025-02-11 22:25:29 [restartedMain] INFO RepositoryConfigurationDelegate - Multiple Spring Data modules found, entering strict repository configuration mode (RepositoryConfigurationDelegate.java:291)
2025-02-11 22:25:29 [restartedMain] INFO RepositoryConfigurationDelegate - Bootstrapping Spring Data JDBC repositories in DEFAULT mode. (RepositoryConfigurationDelegate.java:138)
2025-02-11 22:25:29 [restartedMain] INFO RepositoryConfigurationExtensionSupport - Spring Data JDBC - Could not safely identify store assignment for repository candidate interface com.pawar.sop.log.repository.BatchRepository; If you want this repository to be a JDBC repository, consider annotating your entities with one of these annotations: org.springframework.data.relational.core.mapping.Table. (RepositoryConfigurationExtensionSupport.java:320)
2025-02-11 22:25:29 [restartedMain] INFO RepositoryConfigurationExtensionSupport - Spring Data JDBC - Could not safely identify store assignment for repository candidate interface com.pawar.sop.log.repository.LogRepository; If you want this repository to be a JDBC repository, consider annotating your entities with one of these annotations: org.springframework.data.relational.core.mapping.Table. (RepositoryConfigurationExtensionSupport.java:320)
2025-02-11 22:25:29 [restartedMain] INFO RepositoryConfigurationDelegate - Finished Spring Data repository scanning in 30 ms. Found 0 JDBC repository interfaces. (RepositoryConfigurationDelegate.java:208)
2025-02-11 22:25:29 [restartedMain] INFO RepositoryConfigurationDelegate - Multiple Spring Data modules found, entering strict repository configuration mode (RepositoryConfigurationDelegate.java:291)
2025-02-11 22:25:29 [restartedMain] INFO RepositoryConfigurationDelegate - Bootstrapping Spring Data JPA repositories in DEFAULT mode. (RepositoryConfigurationDelegate.java:138)
2025-02-11 22:25:29 [restartedMain] INFO RepositoryConfigurationDelegate - Finished Spring Data repository scanning in 24 ms. Found 2 JPA repository interfaces. (RepositoryConfigurationDelegate.java:208)
2025-02-11 22:25:30 [restartedMain] INFO TomcatWebServer - Tomcat initialized with port(s): 8091 (http) (TomcatWebServer.java:108)
2025-02-11 22:25:30 [restartedMain] INFO Http11NioProtocol - Initializing ProtocolHandler ["http-nio-8091"] (DirectJDKLog.java:173)
2025-02-11 22:25:30 [restartedMain] INFO StandardService - Starting service [Tomcat] (DirectJDKLog.java:173)
2025-02-11 22:25:30 [restartedMain] INFO StandardEngine - Starting Servlet engine: [Apache Tomcat/10.1.15] (DirectJDKLog.java:173)
2025-02-11 22:25:30 [restartedMain] INFO [/] - Initializing Spring embedded WebApplicationContext (DirectJDKLog.java:173)
2025-02-11 22:25:30 [restartedMain] INFO ServletWebServerApplicationContext - Root WebApplicationContext: initialization completed in 1325 ms (ServletWebServerApplicationContext.java:291)
2025-02-11 22:25:30 [restartedMain] INFO LogHelper - HHH000204: Processing PersistenceUnitInfo [name: default] (LogHelper.java:31)
2025-02-11 22:25:30 [restartedMain] INFO Version - HHH000412: Hibernate ORM core version 6.2.13.Final (Version.java:44)
2025-02-11 22:25:30 [restartedMain] INFO Environment - HHH000406: Using bytecode reflection optimizer (Environment.java:191)
2025-02-11 22:25:30 [restartedMain] INFO SpringPersistenceUnitInfo - No LoadTimeWeaver setup: ignoring JPA class transformer (SpringPersistenceUnitInfo.java:87)
2025-02-11 22:25:30 [restartedMain] INFO HikariDataSource - HikariPool-1 - Starting... (HikariDataSource.java:110)
2025-02-11 22:25:31 [restartedMain] INFO HikariPool - HikariPool-1 - Added connection com.mysql.cj.jdbc.ConnectionImpl@236fe9cf (HikariPool.java:565)
2025-02-11 22:25:31 [restartedMain] INFO HikariDataSource - HikariPool-1 - Start completed. (HikariDataSource.java:123)
2025-02-11 22:25:31 [restartedMain] INFO JtaPlatformInitiator - HHH000489: No JTA platform available (set 'hibernate.transaction.jta.platform' to enable JTA platform integration) (JtaPlatformInitiator.java:55)
2025-02-11 22:25:32 [restartedMain] INFO LocalContainerEntityManagerFactoryBean - Initialized JPA EntityManagerFactory for persistence unit 'default' (AbstractEntityManagerFactoryBean.java:437)
2025-02-11 22:25:32 [restartedMain] INFO QueryEnhancerFactory - Hibernate is in classpath; If applicable, HQL parser will be used. (QueryEnhancerFactory.java:47)
2025-02-11 22:25:32 [restartedMain] WARN JpaBaseConfiguration$JpaWebConfiguration - spring.jpa.open-in-view is enabled by default. Therefore, database queries may be performed during view rendering. Explicitly configure spring.jpa.open-in-view to disable this warning (JpaBaseConfiguration.java:231)
2025-02-11 22:25:32 [restartedMain] WARN OptionalLiveReloadServer - Unable to start LiveReload server (OptionalLiveReloadServer.java:62)
2025-02-11 22:25:32 [restartedMain] INFO Http11NioProtocol - Starting ProtocolHandler ["http-nio-8091"] (DirectJDKLog.java:173)
2025-02-11 22:25:32 [restartedMain] INFO TomcatWebServer - Tomcat started on port(s): 8091 (http) with context path '' (TomcatWebServer.java:220)
2025-02-11 22:25:32 [restartedMain] INFO SopLogService - Started SopLogService in 4.406 seconds (process running for 5.187) (StartupInfoLogger.java:57)
2025-02-11 22:35:58 [http-nio-8091-exec-1] INFO [/] - Initializing Spring DispatcherServlet 'dispatcherServlet' (DirectJDKLog.java:173)
2025-02-11 22:35:58 [http-nio-8091-exec-1] INFO DispatcherServlet - Initializing Servlet 'dispatcherServlet' (FrameworkServlet.java:532)
2025-02-11 22:35:58 [http-nio-8091-exec-1] INFO DispatcherServlet - Completed initialization in 1 ms (FrameworkServlet.java:554)
2025-02-11 22:35:58 [http-nio-8091-exec-1] INFO LogEntryController - Action Type : ASSIGN (LogEntryController.java:32)
2025-02-11 22:35:58 [http-nio-8091-exec-1] INFO LogEntryService - datePart : 20250211 (LogEntryService.java:50)
2025-02-11 22:35:58 [http-nio-8091-exec-1] DEBUG SQL - SELECT * FROM batch WHERE DATE(created_at) = CURRENT_DATE ORDER BY created_at DESC LIMIT 1 (SqlStatementLogger.java:133)
2025-02-11 22:35:58 [http-nio-8091-exec-1] INFO LogEntryService - New Batch ID: BTA-2025021101 (LogEntryService.java:69)
2025-02-11 22:35:58 [http-nio-8091-exec-1] DEBUG SQL - insert into batch (batch_id,created_at,status,updated_at) values (?,?,?,?) (SqlStatementLogger.java:133)
2025-02-11 22:35:58 [http-nio-8091-exec-1] INFO LogEntryController - BTA-2025021101 Batch created Successfully : ASSIGN (LogEntryController.java:34)
2025-02-11 22:41:38 [http-nio-8091-exec-4] INFO LogEntryController - Action Type : ASSIGN (LogEntryController.java:32)
2025-02-11 22:41:38 [http-nio-8091-exec-4] INFO LogEntryService - datePart : 20250211 (LogEntryService.java:50)
2025-02-11 22:41:38 [http-nio-8091-exec-4] DEBUG SQL - SELECT * FROM batch WHERE DATE(created_at) = CURRENT_DATE ORDER BY created_at DESC LIMIT 1 (SqlStatementLogger.java:133)
2025-02-11 22:41:38 [http-nio-8091-exec-4] INFO LogEntryService - New Batch ID: BTA-2025021102 (LogEntryService.java:69)
2025-02-11 22:41:38 [http-nio-8091-exec-4] DEBUG SQL - insert into batch (batch_id,created_at,status,updated_at) values (?,?,?,?) (SqlStatementLogger.java:133)
2025-02-11 22:41:38 [http-nio-8091-exec-4] INFO LogEntryController - BTA-2025021102 Batch created Successfully : ASSIGN (LogEntryController.java:34)
2025-02-11 22:41:38 [http-nio-8091-exec-5] DEBUG SQL - insert into sop_log (asn,batch_id,batch_mode,created_at,ip_address,item,location,log_level,message,metadata,module_name,service_name,timestamp,user_id) values (?,?,?,?,?,?,?,?,?,?,?,?,?,?) (SqlStatementLogger.java:133)
2025-02-11 22:41:38 [http-nio-8091-exec-5] INFO LogEntryService - Saved Log : LogEntry(id=1, batchId=BTA-2025021102, timestamp=null, serviceName=sop-assignment-service, logLevel=null, message=New Batch ASSIGN Trigger for Category : Home, metadata=null, userId=null, ipAddress=192.168.29.137, moduleName=null, item=null, location=null, asn=null, batchMode=ASSIGN, createdAt=2025-02-11T22:41:38.890309) (LogEntryService.java:41)
2025-02-11 22:45:31 [http-nio-8091-exec-7] INFO LogEntryController - Action Type : ASSIGN (LogEntryController.java:32)
2025-02-11 22:45:31 [http-nio-8091-exec-7] INFO LogEntryService - datePart : 20250211 (LogEntryService.java:50)
2025-02-11 22:45:31 [http-nio-8091-exec-7] DEBUG SQL - SELECT * FROM batch WHERE DATE(created_at) = CURRENT_DATE ORDER BY created_at DESC LIMIT 1 (SqlStatementLogger.java:133)
2025-02-11 22:45:31 [http-nio-8091-exec-7] INFO LogEntryService - New Batch ID: BTA-2025021103 (LogEntryService.java:69)
2025-02-11 22:45:31 [http-nio-8091-exec-7] DEBUG SQL - insert into batch (batch_id,created_at,status,updated_at) values (?,?,?,?) (SqlStatementLogger.java:133)
2025-02-11 22:45:31 [http-nio-8091-exec-7] INFO LogEntryController - BTA-2025021103 Batch created Successfully : ASSIGN (LogEntryController.java:34)
2025-02-11 22:45:31 [http-nio-8091-exec-8] DEBUG SQL - insert into sop_log (asn,batch_id,batch_mode,created_at,ip_address,item,location,log_level,message,metadata,module_name,service_name,timestamp,user_id) values (?,?,?,?,?,?,?,?,?,?,?,?,?,?) (SqlStatementLogger.java:133)
2025-02-11 22:45:31 [http-nio-8091-exec-8] INFO LogEntryService - Saved Log : LogEntry(id=2, batchId=BTA-2025021103, timestamp=null, serviceName=sop-assignment-service, logLevel=null, message=New Batch ASSIGN Trigger for Category : Home, metadata=null, userId=null, ipAddress=192.168.29.137, moduleName=null, item=null, location=null, asn=null, batchMode=ASSIGN, createdAt=2025-02-11T22:45:31.434164) (LogEntryService.java:41)
2025-02-11 22:45:32 [http-nio-8091-exec-9] INFO LogEntryService - Updating batch status 20for batchId: BTA-2025021103 (LogEntryService.java:81)
2025-02-11 22:45:33 [http-nio-8091-exec-10] DEBUG SQL - insert into sop_log (asn,batch_id,batch_mode,created_at,ip_address,item,location,log_level,message,metadata,module_name,service_name,timestamp,user_id) values (?,?,?,?,?,?,?,?,?,?,?,?,?,?) (SqlStatementLogger.java:133)
2025-02-11 22:45:33 [Thread-5] DEBUG SQL - select b1_0.id,b1_0.batch_id,b1_0.created_at,b1_0.status,b1_0.updated_at from batch b1_0 where b1_0.batch_id=? (SqlStatementLogger.java:133)
2025-02-11 22:45:33 [http-nio-8091-exec-10] INFO LogEntryService - Saved Log : LogEntry(id=3, batchId=BTA-2025021103, timestamp=null, serviceName=sop-assignment-service, logLevel=null, message=Total 1 Eligible UPCs found , metadata=null, userId=null, ipAddress=192.168.29.137, moduleName=Eligible UPCs module, item=null, location=null, asn=null, batchMode=ASSIGN, createdAt=2025-02-11T22:45:33.008150) (LogEntryService.java:41)
2025-02-11 22:45:33 [Thread-5] DEBUG SQL - select b1_0.id,b1_0.batch_id,b1_0.created_at,b1_0.status,b1_0.updated_at from batch b1_0 where b1_0.id=? (SqlStatementLogger.java:133)
2025-02-11 22:45:33 [Thread-5] DEBUG SQL - update batch set batch_id=?,created_at=?,status=?,updated_at=? where id=? (SqlStatementLogger.java:133)
2025-02-11 22:45:33 [http-nio-8091-exec-2] INFO LogEntryService - Updating batch status 30for batchId: BTA-2025021103 (LogEntryService.java:81)
2025-02-11 22:45:33 [Thread-6] DEBUG SQL - select b1_0.id,b1_0.batch_id,b1_0.created_at,b1_0.status,b1_0.updated_at from batch b1_0 where b1_0.batch_id=? (SqlStatementLogger.java:133)
2025-02-11 22:45:33 [http-nio-8091-exec-1] DEBUG SQL - insert into sop_log (asn,batch_id,batch_mode,created_at,ip_address,item,location,log_level,message,metadata,module_name,service_name,timestamp,user_id) values (?,?,?,?,?,?,?,?,?,?,?,?,?,?) (SqlStatementLogger.java:133)
2025-02-11 22:45:33 [Thread-6] DEBUG SQL - select b1_0.id,b1_0.batch_id,b1_0.created_at,b1_0.status,b1_0.updated_at from batch b1_0 where b1_0.id=? (SqlStatementLogger.java:133)
2025-02-11 22:45:33 [Thread-6] DEBUG SQL - update batch set batch_id=?,created_at=?,status=?,updated_at=? where id=? (SqlStatementLogger.java:133)
2025-02-11 22:45:33 [http-nio-8091-exec-1] INFO LogEntryService - Saved Log : LogEntry(id=4, batchId=BTA-2025021103, timestamp=null, serviceName=sop-assignment-service, logLevel=null, message=Total 4 Eligible Locations found , metadata=null, userId=null, ipAddress=192.168.29.137, moduleName=Eligible Locations module, item=null, location=null, asn=null, batchMode=ASSIGN, createdAt=2025-02-11T22:45:33.679151) (LogEntryService.java:41)
2025-02-11 22:45:33 [http-nio-8091-exec-3] INFO LogEntryService - Updating batch status 45for batchId: BTA-2025021103 (LogEntryService.java:81)
2025-02-11 22:45:33 [Thread-7] DEBUG SQL - select b1_0.id,b1_0.batch_id,b1_0.created_at,b1_0.status,b1_0.updated_at from batch b1_0 where b1_0.batch_id=? (SqlStatementLogger.java:133)
2025-02-11 22:45:33 [http-nio-8091-exec-4] DEBUG SQL - insert into sop_log (asn,batch_id,batch_mode,created_at,ip_address,item,location,log_level,message,metadata,module_name,service_name,timestamp,user_id) values (?,?,?,?,?,?,?,?,?,?,?,?,?,?) (SqlStatementLogger.java:133)
2025-02-11 22:45:33 [Thread-7] DEBUG SQL - select b1_0.id,b1_0.batch_id,b1_0.created_at,b1_0.status,b1_0.updated_at from batch b1_0 where b1_0.id=? (SqlStatementLogger.java:133)
2025-02-11 22:45:33 [Thread-7] DEBUG SQL - update batch set batch_id=?,created_at=?,status=?,updated_at=? where id=? (SqlStatementLogger.java:133)
2025-02-11 22:45:33 [http-nio-8091-exec-4] INFO LogEntryService - Saved Log : LogEntry(id=5, batchId=BTA-2025021103, timestamp=null, serviceName=sop-assignment-service, logLevel=null, message=Creating Assignment for UPC: GUITAR and Location : BBCD003, metadata=null, userId=null, ipAddress=192.168.29.137, moduleName=Assignment Module, item=GUITAR, location=BBCD003, asn=null, batchMode=ASSIGN, createdAt=2025-02-11T22:45:33.939165) (LogEntryService.java:41)
2025-02-11 22:45:34 [http-nio-8091-exec-5] DEBUG SQL - insert into sop_log (asn,batch_id,batch_mode,created_at,ip_address,item,location,log_level,message,metadata,module_name,service_name,timestamp,user_id) values (?,?,?,?,?,?,?,?,?,?,?,?,?,?) (SqlStatementLogger.java:133)
2025-02-11 22:45:34 [http-nio-8091-exec-5] INFO LogEntryService - Saved Log : LogEntry(id=6, batchId=BTA-2025021103, timestamp=null, serviceName=sop-assignment-service, logLevel=null, message=Created Assignment for UPC: GUITAR and Location : BBCD003, metadata=null, userId=null, ipAddress=192.168.29.137, moduleName=Assignment Module, item=GUITAR, location=BBCD003, asn=null, batchMode=ASSIGN, createdAt=2025-02-11T22:45:34.293165) (LogEntryService.java:41)
2025-02-11 22:45:34 [http-nio-8091-exec-6] INFO LogEntryService - Updating batch status 45for batchId: BTA-2025021103 (LogEntryService.java:81)
2025-02-11 22:45:34 [Thread-8] DEBUG SQL - select b1_0.id,b1_0.batch_id,b1_0.created_at,b1_0.status,b1_0.updated_at from batch b1_0 where b1_0.batch_id=? (SqlStatementLogger.java:133)
2025-02-11 22:45:34 [http-nio-8091-exec-7] DEBUG SQL - insert into sop_log (asn,batch_id,batch_mode,created_at,ip_address,item,location,log_level,message,metadata,module_name,service_name,timestamp,user_id) values (?,?,?,?,?,?,?,?,?,?,?,?,?,?) (SqlStatementLogger.java:133)
2025-02-11 22:45:34 [Thread-8] DEBUG SQL - select b1_0.id,b1_0.batch_id,b1_0.created_at,b1_0.status,b1_0.updated_at from batch b1_0 where b1_0.id=? (SqlStatementLogger.java:133)
2025-02-11 22:45:34 [Thread-8] DEBUG SQL - update batch set batch_id=?,created_at=?,status=?,updated_at=? where id=? (SqlStatementLogger.java:133)
2025-02-11 22:45:34 [http-nio-8091-exec-7] INFO LogEntryService - Saved Log : LogEntry(id=7, batchId=BTA-2025021103, timestamp=null, serviceName=sop-assignment-service, logLevel=null, message=Creating Assignment for UPC: GUITAR and Location : BBCD004, metadata=null, userId=null, ipAddress=192.168.29.137, moduleName=Assignment Module, item=GUITAR, location=BBCD004, asn=null, batchMode=ASSIGN, createdAt=2025-02-11T22:45:34.695800) (LogEntryService.java:41)
2025-02-11 22:45:34 [http-nio-8091-exec-8] DEBUG SQL - insert into sop_log (asn,batch_id,batch_mode,created_at,ip_address,item,location,log_level,message,metadata,module_name,service_name,timestamp,user_id) values (?,?,?,?,?,?,?,?,?,?,?,?,?,?) (SqlStatementLogger.java:133)
2025-02-11 22:45:34 [http-nio-8091-exec-8] INFO LogEntryService - Saved Log : LogEntry(id=8, batchId=BTA-2025021103, timestamp=null, serviceName=sop-assignment-service, logLevel=null, message=Created Assignment for UPC: GUITAR and Location : BBCD004, metadata=null, userId=null, ipAddress=192.168.29.137, moduleName=Assignment Module, item=GUITAR, location=BBCD004, asn=null, batchMode=ASSIGN, createdAt=2025-02-11T22:45:34.926730) (LogEntryService.java:41)
2025-02-11 22:45:35 [http-nio-8091-exec-9] INFO LogEntryService - Updating batch status 45for batchId: BTA-2025021103 (LogEntryService.java:81)
2025-02-11 22:45:35 [Thread-9] DEBUG SQL - select b1_0.id,b1_0.batch_id,b1_0.created_at,b1_0.status,b1_0.updated_at from batch b1_0 where b1_0.batch_id=? (SqlStatementLogger.java:133)
2025-02-11 22:45:35 [http-nio-8091-exec-10] DEBUG SQL - insert into sop_log (asn,batch_id,batch_mode,created_at,ip_address,item,location,log_level,message,metadata,module_name,service_name,timestamp,user_id) values (?,?,?,?,?,?,?,?,?,?,?,?,?,?) (SqlStatementLogger.java:133)
2025-02-11 22:45:35 [Thread-9] DEBUG SQL - select b1_0.id,b1_0.batch_id,b1_0.created_at,b1_0.status,b1_0.updated_at from batch b1_0 where b1_0.id=? (SqlStatementLogger.java:133)
2025-02-11 22:45:35 [Thread-9] DEBUG SQL - update batch set batch_id=?,created_at=?,status=?,updated_at=? where id=? (SqlStatementLogger.java:133)
2025-02-11 22:45:35 [http-nio-8091-exec-10] INFO LogEntryService - Saved Log : LogEntry(id=9, batchId=BTA-2025021103, timestamp=null, serviceName=sop-assignment-service, logLevel=null, message=Creating Assignment for UPC: GUITAR and Location : BBCD005, metadata=null, userId=null, ipAddress=192.168.29.137, moduleName=Assignment Module, item=GUITAR, location=BBCD005, asn=null, batchMode=ASSIGN, createdAt=2025-02-11T22:45:35.094616) (LogEntryService.java:41)
2025-02-11 22:45:35 [http-nio-8091-exec-2] DEBUG SQL - insert into sop_log (asn,batch_id,batch_mode,created_at,ip_address,item,location,log_level,message,metadata,module_name,service_name,timestamp,user_id) values (?,?,?,?,?,?,?,?,?,?,?,?,?,?) (SqlStatementLogger.java:133)
2025-02-11 22:45:35 [http-nio-8091-exec-2] INFO LogEntryService - Saved Log : LogEntry(id=10, batchId=BTA-2025021103, timestamp=null, serviceName=sop-assignment-service, logLevel=null, message=Created Assignment for UPC: GUITAR and Location : BBCD005, metadata=null, userId=null, ipAddress=192.168.29.137, moduleName=Assignment Module, item=GUITAR, location=BBCD005, asn=null, batchMode=ASSIGN, createdAt=2025-02-11T22:45:35.322673) (LogEntryService.java:41)
2025-02-11 23:32:18 [File Watcher] INFO LocalDevToolsAutoConfiguration$RestartingClassPathChangeChangedEventListener - Restarting due to 8 class path changes (0 additions, 0 deletions, 8 modifications) (LocalDevToolsAutoConfiguration.java:211)
2025-02-11 23:32:18 [Thread-1] INFO Http11NioProtocol - Pausing ProtocolHandler ["http-nio-8091"] (DirectJDKLog.java:173)
2025-02-11 23:32:18 [Thread-1] INFO StandardService - Stopping service [Tomcat] (DirectJDKLog.java:173)
2025-02-11 23:32:18 [Thread-1] INFO [/] - Destroying Spring FrameworkServlet 'dispatcherServlet' (DirectJDKLog.java:173)
2025-02-11 23:32:18 [Thread-1] INFO Http11NioProtocol - Stopping ProtocolHandler ["http-nio-8091"] (DirectJDKLog.java:173)
2025-02-11 23:32:18 [Thread-1] INFO Http11NioProtocol - Destroying ProtocolHandler ["http-nio-8091"] (DirectJDKLog.java:173)
2025-02-11 23:32:18 [Thread-1] INFO LocalContainerEntityManagerFactoryBean - Closing JPA EntityManagerFactory for persistence unit 'default' (AbstractEntityManagerFactoryBean.java:650)
2025-02-11 23:32:18 [Thread-1] INFO HikariDataSource - HikariPool-1 - Shutdown initiated... (HikariDataSource.java:350)
2025-02-11 23:32:28 [Thread-1] INFO HikariDataSource - HikariPool-1 - Shutdown completed. (HikariDataSource.java:352)
2025-02-11 23:32:28 [restartedMain] INFO SopLogService - Starting SopLogService using Java 20 with PID 3084 (C:\Users\Ravi\spring_practice\sop\sop-log-service\target\classes started by Ravi in C:\Users\Ravi\spring_practice\sop\sop-log-service) (StartupInfoLogger.java:51)
2025-02-11 23:32:28 [restartedMain] INFO SopLogService - No active profile set, falling back to 1 default profile: "default" (SpringApplication.java:638)
2025-02-11 23:32:28 [restartedMain] INFO RepositoryConfigurationDelegate - Multiple Spring Data modules found, entering strict repository configuration mode (RepositoryConfigurationDelegate.java:291)
2025-02-11 23:32:28 [restartedMain] INFO RepositoryConfigurationDelegate - Bootstrapping Spring Data JDBC repositories in DEFAULT mode. (RepositoryConfigurationDelegate.java:138)
2025-02-11 23:32:28 [restartedMain] INFO RepositoryConfigurationExtensionSupport - Spring Data JDBC - Could not safely identify store assignment for repository candidate interface com.pawar.sop.log.repository.BatchRepository; If you want this repository to be a JDBC repository, consider annotating your entities with one of these annotations: org.springframework.data.relational.core.mapping.Table. (RepositoryConfigurationExtensionSupport.java:320)
2025-02-11 23:32:28 [restartedMain] INFO RepositoryConfigurationExtensionSupport - Spring Data JDBC - Could not safely identify store assignment for repository candidate interface com.pawar.sop.log.repository.LogRepository; If you want this repository to be a JDBC repository, consider annotating your entities with one of these annotations: org.springframework.data.relational.core.mapping.Table. (RepositoryConfigurationExtensionSupport.java:320)
2025-02-11 23:32:28 [restartedMain] INFO RepositoryConfigurationDelegate - Finished Spring Data repository scanning in 9 ms. Found 0 JDBC repository interfaces. (RepositoryConfigurationDelegate.java:208)
2025-02-11 23:32:28 [restartedMain] INFO RepositoryConfigurationDelegate - Multiple Spring Data modules found, entering strict repository configuration mode (RepositoryConfigurationDelegate.java:291)
2025-02-11 23:32:28 [restartedMain] INFO RepositoryConfigurationDelegate - Bootstrapping Spring Data JPA repositories in DEFAULT mode. (RepositoryConfigurationDelegate.java:138)
2025-02-11 23:32:28 [restartedMain] INFO RepositoryConfigurationDelegate - Finished Spring Data repository scanning in 8 ms. Found 2 JPA repository interfaces. (RepositoryConfigurationDelegate.java:208)
2025-02-11 23:32:28 [restartedMain] INFO TomcatWebServer - Tomcat initialized with port(s): 8091 (http) (TomcatWebServer.java:108)
2025-02-11 23:32:28 [restartedMain] INFO Http11NioProtocol - Initializing ProtocolHandler ["http-nio-8091"] (DirectJDKLog.java:173)
2025-02-11 23:32:28 [restartedMain] INFO StandardService - Starting service [Tomcat] (DirectJDKLog.java:173)
2025-02-11 23:32:28 [restartedMain] INFO StandardEngine - Starting Servlet engine: [Apache Tomcat/10.1.15] (DirectJDKLog.java:173)
2025-02-11 23:32:28 [restartedMain] INFO [/] - Initializing Spring embedded WebApplicationContext (DirectJDKLog.java:173)
2025-02-11 23:32:28 [restartedMain] INFO ServletWebServerApplicationContext - Root WebApplicationContext: initialization completed in 398 ms (ServletWebServerApplicationContext.java:291)
2025-02-11 23:32:28 [restartedMain] INFO LogHelper - HHH000204: Processing PersistenceUnitInfo [name: default] (LogHelper.java:31)
2025-02-11 23:32:28 [restartedMain] INFO SpringPersistenceUnitInfo - No LoadTimeWeaver setup: ignoring JPA class transformer (SpringPersistenceUnitInfo.java:87)
2025-02-11 23:32:28 [restartedMain] INFO HikariDataSource - HikariPool-2 - Starting... (HikariDataSource.java:110)
2025-02-11 23:32:28 [restartedMain] INFO HikariPool - HikariPool-2 - Added connection com.mysql.cj.jdbc.ConnectionImpl@3a770b45 (HikariPool.java:565)
2025-02-11 23:32:28 [restartedMain] INFO HikariDataSource - HikariPool-2 - Start completed. (HikariDataSource.java:123)
2025-02-11 23:32:28 [restartedMain] INFO JtaPlatformInitiator - HHH000489: No JTA platform available (set 'hibernate.transaction.jta.platform' to enable JTA platform integration) (JtaPlatformInitiator.java:55)
2025-02-11 23:32:28 [restartedMain] INFO LocalContainerEntityManagerFactoryBean - Initialized JPA EntityManagerFactory for persistence unit 'default' (AbstractEntityManagerFactoryBean.java:437)
2025-02-11 23:32:28 [restartedMain] WARN JpaBaseConfiguration$JpaWebConfiguration - spring.jpa.open-in-view is enabled by default. Therefore, database queries may be performed during view rendering. Explicitly configure spring.jpa.open-in-view to disable this warning (JpaBaseConfiguration.java:231)
2025-02-11 23:32:29 [restartedMain] WARN OptionalLiveReloadServer - Unable to start LiveReload server (OptionalLiveReloadServer.java:62)
2025-02-11 23:32:29 [restartedMain] INFO Http11NioProtocol - Starting ProtocolHandler ["http-nio-8091"] (DirectJDKLog.java:173)
2025-02-11 23:32:29 [restartedMain] INFO TomcatWebServer - Tomcat started on port(s): 8091 (http) with context path '' (TomcatWebServer.java:220)
2025-02-11 23:32:29 [restartedMain] INFO SopLogService - Started SopLogService in 0.945 seconds (process running for 4021.327) (StartupInfoLogger.java:57)
2025-02-11 23:32:29 [restartedMain] INFO ConditionEvaluationDeltaLoggingListener - Condition evaluation unchanged (ConditionEvaluationDeltaLoggingListener.java:63)
