2025-01-09 11:33:29 [HikariPool-1 housekeeper] WARN HikariPool - HikariPool-1 - Thread starvation or clock leap detected (housekeeper delta=14h17m17s371ms656µs600ns). (HikariPool.java:804)
2025-01-09 11:46:03 [HikariPool-1 housekeeper] WARN HikariPool - HikariPool-1 - Thread starvation or clock leap detected (housekeeper delta=1m33s689ms353µs300ns). (HikariPool.java:804)
2025-01-09 12:01:44 [HikariPool-1 housekeeper] WARN HikariPool - HikariPool-1 - Thread starvation or clock leap detected (housekeeper delta=1m40s776ms611µs500ns). (HikariPool.java:804)
2025-01-09 12:10:13 [HikariPool-1 housekeeper] WARN HikariPool - HikariPool-1 - Thread starvation or clock leap detected (housekeeper delta=1m58s959ms861µs200ns). (HikariPool.java:804)
2025-01-09 12:14:59 [HikariPool-1 housekeeper] WARN HikariPool - HikariPool-1 - Thread starvation or clock leap detected (housekeeper delta=3m15s905ms554µs). (HikariPool.java:804)
2025-01-09 12:20:51 [HikariPool-1 housekeeper] WARN HikariPool - HikariPool-1 - Thread starvation or clock leap detected (housekeeper delta=5m52s376ms647µs500ns). (HikariPool.java:804)
2025-01-09 12:41:20 [SpringApplicationShutdownHook] INFO LocalContainerEntityManagerFactoryBean - Closing JPA EntityManagerFactory for persistence unit 'default' (AbstractEntityManagerFactoryBean.java:650)
2025-01-09 12:41:20 [SpringApplicationShutdownHook] INFO HikariDataSource - HikariPool-1 - Shutdown initiated... (HikariDataSource.java:350)
2025-01-09 12:41:20 [SpringApplicationShutdownHook] INFO HikariDataSource - HikariPool-1 - Shutdown completed. (HikariDataSource.java:352)
2025-01-09 18:14:07 [restartedMain] INFO App - Starting App using Java 20 with PID 60308 (C:\Users\Ravi\spring_practice\sop\sop-asn-service\target\classes started by Ravi in C:\Users\Ravi\spring_practice\sop\sop-asn-service) (StartupInfoLogger.java:51)
2025-01-09 18:14:07 [restartedMain] INFO App - No active profile set, falling back to 1 default profile: "default" (SpringApplication.java:638)
2025-01-09 18:14:07 [restartedMain] INFO DevToolsPropertyDefaultsPostProcessor - Devtools property defaults active! Set 'spring.devtools.add-properties' to 'false' to disable (DeferredLog.java:250)
2025-01-09 18:14:07 [restartedMain] INFO DevToolsPropertyDefaultsPostProcessor - For additional web related logging consider setting the 'logging.level.web' property to 'DEBUG' (DeferredLog.java:250)
2025-01-09 18:14:07 [restartedMain] INFO RepositoryConfigurationDelegate - Multiple Spring Data modules found, entering strict repository configuration mode (RepositoryConfigurationDelegate.java:291)
2025-01-09 18:14:07 [restartedMain] INFO RepositoryConfigurationDelegate - Bootstrapping Spring Data JPA repositories in DEFAULT mode. (RepositoryConfigurationDelegate.java:138)
2025-01-09 18:14:07 [restartedMain] INFO RepositoryConfigurationDelegate - Finished Spring Data repository scanning in 9 ms. Found 0 JPA repository interfaces. (RepositoryConfigurationDelegate.java:208)
2025-01-09 18:14:08 [restartedMain] INFO RepositoryConfigurationDelegate - Multiple Spring Data modules found, entering strict repository configuration mode (RepositoryConfigurationDelegate.java:291)
2025-01-09 18:14:08 [restartedMain] INFO RepositoryConfigurationDelegate - Bootstrapping Spring Data JDBC repositories in DEFAULT mode. (RepositoryConfigurationDelegate.java:138)
2025-01-09 18:14:08 [restartedMain] INFO RepositoryConfigurationDelegate - Finished Spring Data repository scanning in 12 ms. Found 0 JDBC repository interfaces. (RepositoryConfigurationDelegate.java:208)
2025-01-09 18:14:08 [restartedMain] INFO TomcatWebServer - Tomcat initialized with port(s): 8088 (http) (TomcatWebServer.java:108)
2025-01-09 18:14:08 [restartedMain] INFO Http11NioProtocol - Initializing ProtocolHandler ["http-nio-8088"] (DirectJDKLog.java:173)
2025-01-09 18:14:08 [restartedMain] INFO StandardService - Starting service [Tomcat] (DirectJDKLog.java:173)
2025-01-09 18:14:08 [restartedMain] INFO StandardEngine - Starting Servlet engine: [Apache Tomcat/10.1.15] (DirectJDKLog.java:173)
2025-01-09 18:14:09 [restartedMain] INFO [/] - Initializing Spring embedded WebApplicationContext (DirectJDKLog.java:173)
2025-01-09 18:14:09 [restartedMain] INFO ServletWebServerApplicationContext - Root WebApplicationContext: initialization completed in 1880 ms (ServletWebServerApplicationContext.java:291)
2025-01-09 18:14:09 [restartedMain] INFO LogHelper - HHH000204: Processing PersistenceUnitInfo [name: default] (LogHelper.java:31)
2025-01-09 18:14:09 [restartedMain] INFO Version - HHH000412: Hibernate ORM core version 6.2.13.Final (Version.java:44)
2025-01-09 18:14:09 [restartedMain] INFO Environment - HHH000406: Using bytecode reflection optimizer (Environment.java:191)
2025-01-09 18:14:09 [restartedMain] INFO SpringPersistenceUnitInfo - No LoadTimeWeaver setup: ignoring JPA class transformer (SpringPersistenceUnitInfo.java:87)
2025-01-09 18:14:09 [restartedMain] INFO HikariDataSource - HikariPool-1 - Starting... (HikariDataSource.java:110)
2025-01-09 18:14:10 [restartedMain] INFO HikariPool - HikariPool-1 - Added connection com.mysql.cj.jdbc.ConnectionImpl@6691cdb1 (HikariPool.java:565)
2025-01-09 18:14:10 [restartedMain] INFO HikariDataSource - HikariPool-1 - Start completed. (HikariDataSource.java:123)
2025-01-09 18:14:11 [restartedMain] INFO JtaPlatformInitiator - HHH000489: No JTA platform available (set 'hibernate.transaction.jta.platform' to enable JTA platform integration) (JtaPlatformInitiator.java:55)
2025-01-09 18:14:11 [restartedMain] INFO LocalContainerEntityManagerFactoryBean - Initialized JPA EntityManagerFactory for persistence unit 'default' (AbstractEntityManagerFactoryBean.java:437)
2025-01-09 18:14:11 [restartedMain] WARN JpaBaseConfiguration$JpaWebConfiguration - spring.jpa.open-in-view is enabled by default. Therefore, database queries may be performed during view rendering. Explicitly configure spring.jpa.open-in-view to disable this warning (JpaBaseConfiguration.java:231)
2025-01-09 18:14:12 [restartedMain] INFO OptionalLiveReloadServer - LiveReload server is running on port 35729 (OptionalLiveReloadServer.java:59)
2025-01-09 18:14:12 [restartedMain] INFO Http11NioProtocol - Starting ProtocolHandler ["http-nio-8088"] (DirectJDKLog.java:173)
2025-01-09 18:14:12 [restartedMain] INFO TomcatWebServer - Tomcat started on port(s): 8088 (http) with context path '' (TomcatWebServer.java:220)
2025-01-09 18:14:12 [restartedMain] INFO App - Started App in 6.004 seconds (process running for 6.88) (StartupInfoLogger.java:57)
2025-01-09 18:14:15 [SpringApplicationShutdownHook] INFO LocalContainerEntityManagerFactoryBean - Closing JPA EntityManagerFactory for persistence unit 'default' (AbstractEntityManagerFactoryBean.java:650)
2025-01-09 18:14:15 [SpringApplicationShutdownHook] INFO HikariDataSource - HikariPool-1 - Shutdown initiated... (HikariDataSource.java:350)
2025-01-09 18:14:15 [SpringApplicationShutdownHook] INFO HikariDataSource - HikariPool-1 - Shutdown completed. (HikariDataSource.java:352)
